<!DOCTYPE html>

<html>
  <head>
  <meta charset='utf-8'>
  <title>TestNG reports</title>

    <link type="text/css" href="testng-reports.css" rel="stylesheet" />
    <script type="text/javascript" src="jquery-1.7.1.min.js"></script>
    <script type="text/javascript" src="testng-reports.js"></script>
    <script type="text/javascript" src="https://www.google.com/jsapi"></script>
    <script type='text/javascript'>
      google.load('visualization', '1', {packages:['table']});
      google.setOnLoadCallback(drawTable);
      var suiteTableInitFunctions = new Array();
      var suiteTableData = new Array();
    </script>
    <!--
      <script type="text/javascript" src="jquery-ui/js/jquery-ui-1.8.16.custom.min.js"></script>
     -->
  </head>

  <body>
    <div class="top-banner-root">
      <span class="top-banner-title-font">Test results</span>
      <br/>
      <span class="top-banner-font-1">1 suite, 25 failed tests</span>
    </div> <!-- top-banner-root -->
    <div class="navigator-root">
      <div class="navigator-suite-header">
        <span>All suites</span>
        <a href="#" title="Collapse/expand all the suites" class="collapse-all-link">
          <img src="collapseall.gif" class="collapse-all-icon">
          </img> <!-- collapse-all-icon -->
        </a> <!-- collapse-all-link -->
      </div> <!-- navigator-suite-header -->
      <div class="suite">
        <div class="rounded-window">
          <div class="suite-header light-rounded-window-top">
            <a href="#" panel-name="suite-Default_suite" class="navigator-link">
              <span class="suite-name border-failed">Default suite</span>
            </a> <!-- navigator-link -->
          </div> <!-- suite-header light-rounded-window-top -->
          <div class="navigator-suite-content">
            <div class="suite-section-title">
              <span>Info</span>
            </div> <!-- suite-section-title -->
            <div class="suite-section-content">
              <ul>
                <li>
                  <a href="#" panel-name="test-xml-Default_suite" class="navigator-link ">
                    <span>C:\Users\bindu\AppData\Local\Temp\testng-eclipse-1632197084\testng-customsuite.xml</span>
                  </a> <!-- navigator-link  -->
                </li>
                <li>
                  <a href="#" panel-name="testlist-Default_suite" class="navigator-link ">
                    <span class="test-stats">1 test</span>
                  </a> <!-- navigator-link  -->
                </li>
                <li>
                  <a href="#" panel-name="group-Default_suite" class="navigator-link ">
                    <span>1 group</span>
                  </a> <!-- navigator-link  -->
                </li>
                <li>
                  <a href="#" panel-name="times-Default_suite" class="navigator-link ">
                    <span>Times</span>
                  </a> <!-- navigator-link  -->
                </li>
                <li>
                  <a href="#" panel-name="reporter-Default_suite" class="navigator-link ">
                    <span>Reporter output</span>
                  </a> <!-- navigator-link  -->
                </li>
                <li>
                  <a href="#" panel-name="ignored-methods-Default_suite" class="navigator-link ">
                    <span>Ignored methods</span>
                  </a> <!-- navigator-link  -->
                </li>
                <li>
                  <a href="#" panel-name="chronological-Default_suite" class="navigator-link ">
                    <span>Chronological view</span>
                  </a> <!-- navigator-link  -->
                </li>
              </ul>
            </div> <!-- suite-section-content -->
            <div class="result-section">
              <div class="suite-section-title">
                <span>Results</span>
              </div> <!-- suite-section-title -->
              <div class="suite-section-content">
                <ul>
                  <li>
                    <span class="method-stats">67 methods, 25 failed,   42 passed</span>
                  </li>
                  <li>
                    <span class="method-list-title failed">Failed methods</span>
                    <span class="show-or-hide-methods failed">
                      <a href="#" panel-name="suite-Default_suite" class="hide-methods failed suite-Default_suite"> (hide)</a> <!-- hide-methods failed suite-Default_suite -->
                      <a href="#" panel-name="suite-Default_suite" class="show-methods failed suite-Default_suite"> (show)</a> <!-- show-methods failed suite-Default_suite -->
                    </span>
                    <div class="method-list-content failed suite-Default_suite">
                      <span>
                        <img src="failed.png" width="3%"/>
                        <a href="#" panel-name="suite-Default_suite" title="runner.TestNGRunner" class="method navigator-link" hash-for-method="runScenario(&quot;The user tries to Register&quot;, &quot;Registration process of the user&quot;)">runScenario("The user tries to Register", "Registration process of the user")</a> <!-- method navigator-link -->
                      </span>
                      <br/>
                      <span>
                        <img src="failed.png" width="3%"/>
                        <a href="#" panel-name="suite-Default_suite" title="runner.TestNGRunner" class="method navigator-link" hash-for-method="runScenario(&quot;The user tries to Register&quot;, &quot;Registration process of the user&quot;)">runScenario("The user tries to Register", "Registration process of the user")</a> <!-- method navigator-link -->
                      </span>
                      <br/>
                      <span>
                        <img src="failed.png" width="3%"/>
                        <a href="#" panel-name="suite-Default_suite" title="runner.TestNGRunner" class="method navigator-link" hash-for-method="runScenario(&quot;To check Stack page functionality-Implementation&quot;, &quot;Stack page functionality&quot;)">runScenario("To check Stack page functionality-Implementation", "Stack page functionality")</a> <!-- method navigator-link -->
                      </span>
                      <br/>
                      <span>
                        <img src="failed.png" width="3%"/>
                        <a href="#" panel-name="suite-Default_suite" title="runner.TestNGRunner" class="method navigator-link" hash-for-method="runScenario(&quot;DS_Algo signin page&quot;, &quot;Getting Started to Signin DS_Algo Portal&quot;)">runScenario("DS_Algo signin page", "Getting Started to Signin DS_Algo Portal")</a> <!-- method navigator-link -->
                      </span>
                      <br/>
                      <span>
                        <img src="failed.png" width="3%"/>
                        <a href="#" panel-name="suite-Default_suite" title="runner.TestNGRunner" class="method navigator-link" hash-for-method="runScenario(&quot;The user tries to Register&quot;, &quot;Registration process of the user&quot;)">runScenario("The user tries to Register", "Registration process of the user")</a> <!-- method navigator-link -->
                      </span>
                      <br/>
                      <span>
                        <img src="failed.png" width="3%"/>
                        <a href="#" panel-name="suite-Default_suite" title="runner.TestNGRunner" class="method navigator-link" hash-for-method="runScenario(&quot;To check Tree page functionality-Terminologies&quot;, &quot;To test the functionality of tree structure&quot;)">runScenario("To check Tree page functionality-Terminologies", "To test the functionality of tree structure")</a> <!-- method navigator-link -->
                      </span>
                      <br/>
                      <span>
                        <img src="failed.png" width="3%"/>
                        <a href="#" panel-name="suite-Default_suite" title="runner.TestNGRunner" class="method navigator-link" hash-for-method="runScenario(&quot;Queue invalid passing code&quot;, &quot;Data Structure Home page&quot;)">runScenario("Queue invalid passing code", "Data Structure Home page")</a> <!-- method navigator-link -->
                      </span>
                      <br/>
                      <span>
                        <img src="failed.png" width="3%"/>
                        <a href="#" panel-name="suite-Default_suite" title="runner.TestNGRunner" class="method navigator-link" hash-for-method="runScenario(&quot;The user tries to Register&quot;, &quot;Registration process of the user&quot;)">runScenario("The user tries to Register", "Registration process of the user")</a> <!-- method navigator-link -->
                      </span>
                      <br/>
                      <span>
                        <img src="failed.png" width="3%"/>
                        <a href="#" panel-name="suite-Default_suite" title="runner.TestNGRunner" class="method navigator-link" hash-for-method="runScenario(&quot;This test is to verify the Registration page&quot;, &quot;Registration process of the user&quot;)">runScenario("This test is to verify the Registration page", "Registration process of the user")</a> <!-- method navigator-link -->
                      </span>
                      <br/>
                      <span>
                        <img src="failed.png" width="3%"/>
                        <a href="#" panel-name="suite-Default_suite" title="runner.TestNGRunner" class="method navigator-link" hash-for-method="runScenario(&quot;To check Tree page functionality-Traversals-Illustration&quot;, &quot;To test the functionality of tree struc...)">runScenario("To check Tree page functionality-Traversals-Illustration", "To test the functionality of tree struc...)</a> <!-- method navigator-link -->
                      </span>
                      <br/>
                      <span>
                        <img src="failed.png" width="3%"/>
                        <a href="#" panel-name="suite-Default_suite" title="runner.TestNGRunner" class="method navigator-link" hash-for-method="runScenario(&quot;Home Page&quot;, &quot;Data Structure Home page - DS_Introduction&quot;)">runScenario("Home Page", "Data Structure Home page - DS_Introduction")</a> <!-- method navigator-link -->
                      </span>
                      <br/>
                      <span>
                        <img src="failed.png" width="3%"/>
                        <a href="#" panel-name="suite-Default_suite" title="runner.TestNGRunner" class="method navigator-link" hash-for-method="runScenario(&quot;To check Linked List page functionality&quot;, &quot;Getting Started to Signin DS_Algo Portal&quot;)">runScenario("To check Linked List page functionality", "Getting Started to Signin DS_Algo Portal")</a> <!-- method navigator-link -->
                      </span>
                      <br/>
                      <span>
                        <img src="failed.png" width="3%"/>
                        <a href="#" panel-name="suite-Default_suite" title="runner.TestNGRunner" class="method navigator-link" hash-for-method="runScenario(&quot;The user tries to Register without username and password&quot;, &quot;Registration process of the user&quot;)">runScenario("The user tries to Register without username and password", "Registration process of the user")</a> <!-- method navigator-link -->
                      </span>
                      <br/>
                      <span>
                        <img src="failed.png" width="3%"/>
                        <a href="#" panel-name="suite-Default_suite" title="runner.TestNGRunner" class="method navigator-link" hash-for-method="runScenario(&quot;To check Tree page functionality-Binary tree traversals&quot;, &quot;To test the functionality of tree struct...)">runScenario("To check Tree page functionality-Binary tree traversals", "To test the functionality of tree struct...)</a> <!-- method navigator-link -->
                      </span>
                      <br/>
                      <span>
                        <img src="failed.png" width="3%"/>
                        <a href="#" panel-name="suite-Default_suite" title="runner.TestNGRunner" class="method navigator-link" hash-for-method="runScenario(&quot;inspecting another topic in queue&quot;, &quot;To test graph page&quot;)">runScenario("inspecting another topic in queue", "To test graph page")</a> <!-- method navigator-link -->
                      </span>
                      <br/>
                      <span>
                        <img src="failed.png" width="3%"/>
                        <a href="#" panel-name="suite-Default_suite" title="runner.TestNGRunner" class="method navigator-link" hash-for-method="runScenario(&quot;To check Stack page functionality-operations in stack&quot;, &quot;Stack page functionality&quot;)">runScenario("To check Stack page functionality-operations in stack", "Stack page functionality")</a> <!-- method navigator-link -->
                      </span>
                      <br/>
                      <span>
                        <img src="failed.png" width="3%"/>
                        <a href="#" panel-name="suite-Default_suite" title="runner.TestNGRunner" class="method navigator-link" hash-for-method="runScenario(&quot;Gettin started in Queue with other topic&quot;, &quot;Data Structure Home page&quot;)">runScenario("Gettin started in Queue with other topic", "Data Structure Home page")</a> <!-- method navigator-link -->
                      </span>
                      <br/>
                      <span>
                        <img src="failed.png" width="3%"/>
                        <a href="#" panel-name="suite-Default_suite" title="runner.TestNGRunner" class="method navigator-link" hash-for-method="runScenario(&quot;Getting started in Queue&quot;, &quot;Data Structure Home page&quot;)">runScenario("Getting started in Queue", "Data Structure Home page")</a> <!-- method navigator-link -->
                      </span>
                      <br/>
                      <span>
                        <img src="failed.png" width="3%"/>
                        <a href="#" panel-name="suite-Default_suite" title="runner.TestNGRunner" class="method navigator-link" hash-for-method="runScenario(&quot;The user tries to Register&quot;, &quot;Registration process of the user&quot;)">runScenario("The user tries to Register", "Registration process of the user")</a> <!-- method navigator-link -->
                      </span>
                      <br/>
                      <span>
                        <img src="failed.png" width="3%"/>
                        <a href="#" panel-name="suite-Default_suite" title="runner.TestNGRunner" class="method navigator-link" hash-for-method="runScenario(&quot;User tries to click on something on homepage&quot;, &quot;Getting Started to DS_Algo Portal&quot;)">runScenario("User tries to click on something on homepage", "Getting Started to DS_Algo Portal")</a> <!-- method navigator-link -->
                      </span>
                      <br/>
                      <span>
                        <img src="failed.png" width="3%"/>
                        <a href="#" panel-name="suite-Default_suite" title="runner.TestNGRunner" class="method navigator-link" hash-for-method="runScenario(&quot;DS_Algo signin page&quot;, &quot;Getting Started to Signin DS_Algo Portal&quot;)">runScenario("DS_Algo signin page", "Getting Started to Signin DS_Algo Portal")</a> <!-- method navigator-link -->
                      </span>
                      <br/>
                      <span>
                        <img src="failed.png" width="3%"/>
                        <a href="#" panel-name="suite-Default_suite" title="runner.TestNGRunner" class="method navigator-link" hash-for-method="runScenario(&quot;To check Tree page functionality-overview of tree&quot;, &quot;To test the functionality of tree structure&quot;)">runScenario("To check Tree page functionality-overview of tree", "To test the functionality of tree structure")</a> <!-- method navigator-link -->
                      </span>
                      <br/>
                      <span>
                        <img src="failed.png" width="3%"/>
                        <a href="#" panel-name="suite-Default_suite" title="runner.TestNGRunner" class="method navigator-link" hash-for-method="runScenario(&quot;&quot;, &quot;Data Structure Home page - DS_Introduction&quot;)">runScenario("", "Data Structure Home page - DS_Introduction")</a> <!-- method navigator-link -->
                      </span>
                      <br/>
                      <span>
                        <img src="failed.png" width="3%"/>
                        <a href="#" panel-name="suite-Default_suite" title="runner.TestNGRunner" class="method navigator-link" hash-for-method="runScenario(&quot;To check Linked List page functionality&quot;, &quot;Getting Started to Signin DS_Algo Portal&quot;)">runScenario("To check Linked List page functionality", "Getting Started to Signin DS_Algo Portal")</a> <!-- method navigator-link -->
                      </span>
                      <br/>
                      <span>
                        <img src="failed.png" width="3%"/>
                        <a href="#" panel-name="suite-Default_suite" title="runner.TestNGRunner" class="method navigator-link" hash-for-method="runScenario(&quot;The user tries to Register&quot;, &quot;Registration process of the user&quot;)">runScenario("The user tries to Register", "Registration process of the user")</a> <!-- method navigator-link -->
                      </span>
                      <br/>
                    </div> <!-- method-list-content failed suite-Default_suite -->
                  </li>
                  <li>
                    <span class="method-list-title passed">Passed methods</span>
                    <span class="show-or-hide-methods passed">
                      <a href="#" panel-name="suite-Default_suite" class="hide-methods passed suite-Default_suite"> (hide)</a> <!-- hide-methods passed suite-Default_suite -->
                      <a href="#" panel-name="suite-Default_suite" class="show-methods passed suite-Default_suite"> (show)</a> <!-- show-methods passed suite-Default_suite -->
                    </span>
                    <div class="method-list-content passed suite-Default_suite">
                      <span>
                        <img src="passed.png" width="3%"/>
                        <a href="#" panel-name="suite-Default_suite" title="runner.TestNGRunner" class="method navigator-link" hash-for-method="runScenario(&quot;Clicking the get started in Queue&quot;, &quot;Data Structure Home page&quot;)">runScenario("Clicking the get started in Queue", "Data Structure Home page")</a> <!-- method navigator-link -->
                      </span>
                      <br/>
                      <span>
                        <img src="passed.png" width="3%"/>
                        <a href="#" panel-name="suite-Default_suite" title="runner.TestNGRunner" class="method navigator-link" hash-for-method="runScenario(&quot;Verify Practice Question 4 page has the question, code editor, run and submit buttons&quot;, &quot;Testing th...)">runScenario("Verify Practice Question 4 page has the question, code editor, run and submit buttons", "Testing th...)</a> <!-- method navigator-link -->
                      </span>
                      <br/>
                      <span>
                        <img src="passed.png" width="3%"/>
                        <a href="#" panel-name="suite-Default_suite" title="runner.TestNGRunner" class="method navigator-link" hash-for-method="runScenario(&quot;To check Tree page functionality-Implementation in python&quot;, &quot;To test the functionality of tree stru...)">runScenario("To check Tree page functionality-Implementation in python", "To test the functionality of tree stru...)</a> <!-- method navigator-link -->
                      </span>
                      <br/>
                      <span>
                        <img src="passed.png" width="3%"/>
                        <a href="#" panel-name="suite-Default_suite" title="runner.TestNGRunner" class="method navigator-link" hash-for-method="runScenario(&quot;Verify Practice Question 3 page has the question, code editor, run and submit buttons&quot;, &quot;Testing th...)">runScenario("Verify Practice Question 3 page has the question, code editor, run and submit buttons", "Testing th...)</a> <!-- method navigator-link -->
                      </span>
                      <br/>
                      <span>
                        <img src="passed.png" width="3%"/>
                        <a href="#" panel-name="suite-Default_suite" title="runner.TestNGRunner" class="method navigator-link" hash-for-method="runScenario(&quot;verify submitting the practice question with no code in squares of a sorted array&quot;, &quot;Testing the Ar...)">runScenario("verify submitting the practice question with no code in squares of a sorted array", "Testing the Ar...)</a> <!-- method navigator-link -->
                      </span>
                      <br/>
                      <span>
                        <img src="passed.png" width="3%"/>
                        <a href="#" panel-name="suite-Default_suite" title="runner.TestNGRunner" class="method navigator-link" hash-for-method="runScenario(&quot;To check Tree page functionality-Applications of Binary trees&quot;, &quot;To test the functionality of tree ...)">runScenario("To check Tree page functionality-Applications of Binary trees", "To test the functionality of tree ...)</a> <!-- method navigator-link -->
                      </span>
                      <br/>
                      <span>
                        <img src="passed.png" width="3%"/>
                        <a href="#" panel-name="suite-Default_suite" title="runner.TestNGRunner" class="method navigator-link" hash-for-method="runScenario(&quot;practice Questions&quot;, &quot;To test graph page&quot;)">runScenario("practice Questions", "To test graph page")</a> <!-- method navigator-link -->
                      </span>
                      <br/>
                      <span>
                        <img src="passed.png" width="3%"/>
                        <a href="#" panel-name="suite-Default_suite" title="runner.TestNGRunner" class="method navigator-link" hash-for-method="runScenario(&quot;To check Linked List page functionality&quot;, &quot;Getting Started to Signin DS_Algo Portal&quot;)">runScenario("To check Linked List page functionality", "Getting Started to Signin DS_Algo Portal")</a> <!-- method navigator-link -->
                      </span>
                      <br/>
                      <span>
                        <img src="passed.png" width="3%"/>
                        <a href="#" panel-name="suite-Default_suite" title="runner.TestNGRunner" class="method navigator-link" hash-for-method="runScenario(&quot;verify submitting the practice question with no code in max consecutive ones&quot;, &quot;Testing the Array P...)">runScenario("verify submitting the practice question with no code in max consecutive ones", "Testing the Array P...)</a> <!-- method navigator-link -->
                      </span>
                      <br/>
                      <span>
                        <img src="passed.png" width="3%"/>
                        <a href="#" panel-name="suite-Default_suite" title="runner.TestNGRunner" class="method navigator-link" hash-for-method="runScenario(&quot;Verify the Basic Operations in Lists menu navigates to Basic Operations in Lists page&quot;, &quot;Testing th...)">runScenario("Verify the Basic Operations in Lists menu navigates to Basic Operations in Lists page", "Testing th...)</a> <!-- method navigator-link -->
                      </span>
                      <br/>
                      <span>
                        <img src="passed.png" width="3%"/>
                        <a href="#" panel-name="suite-Default_suite" title="runner.TestNGRunner" class="method navigator-link" hash-for-method="runScenario(&quot;Verify user is able to navigate into DS_Algo Array Page&quot;, &quot;Testing the Array Page&quot;)">runScenario("Verify user is able to navigate into DS_Algo Array Page", "Testing the Array Page")</a> <!-- method navigator-link -->
                      </span>
                      <br/>
                      <span>
                        <img src="passed.png" width="3%"/>
                        <a href="#" panel-name="suite-Default_suite" title="runner.TestNGRunner" class="method navigator-link" hash-for-method="runScenario(&quot;Practice Question Paper&quot;, &quot;Data Structure Home page&quot;)">runScenario("Practice Question Paper", "Data Structure Home page")</a> <!-- method navigator-link -->
                      </span>
                      <br/>
                      <span>
                        <img src="passed.png" width="3%"/>
                        <a href="#" panel-name="suite-Default_suite" title="runner.TestNGRunner" class="method navigator-link" hash-for-method="runScenario(&quot;Verify the Arrays using List menu navigates to Arrays Using List page&quot;, &quot;Testing the Array Page&quot;)">runScenario("Verify the Arrays using List menu navigates to Arrays Using List page", "Testing the Array Page")</a> <!-- method navigator-link -->
                      </span>
                      <br/>
                      <span>
                        <img src="passed.png" width="3%"/>
                        <a href="#" panel-name="suite-Default_suite" title="runner.TestNGRunner" class="method navigator-link" hash-for-method="runScenario(&quot;Verify the Try here button is redirecting the user to the python editor.&quot;, &quot;Testing the Array Page&quot;)">runScenario("Verify the Try here button is redirecting the user to the python editor.", "Testing the Array Page")</a> <!-- method navigator-link -->
                      </span>
                      <br/>
                      <span>
                        <img src="passed.png" width="3%"/>
                        <a href="#" panel-name="suite-Default_suite" title="runner.TestNGRunner" class="method navigator-link" hash-for-method="runScenario(&quot;Getting started in Queue with another topic&quot;, &quot;Data Structure Home page&quot;)">runScenario("Getting started in Queue with another topic", "Data Structure Home page")</a> <!-- method navigator-link -->
                      </span>
                      <br/>
                      <span>
                        <img src="passed.png" width="3%"/>
                        <a href="#" panel-name="suite-Default_suite" title="runner.TestNGRunner" class="method navigator-link" hash-for-method="runScenario(&quot;This test is to verify the GetStarted button&quot;, &quot;Getting Started to DS_Algo Portal&quot;)">runScenario("This test is to verify the GetStarted button", "Getting Started to DS_Algo Portal")</a> <!-- method navigator-link -->
                      </span>
                      <br/>
                      <span>
                        <img src="passed.png" width="3%"/>
                        <a href="#" panel-name="suite-Default_suite" title="runner.TestNGRunner" class="method navigator-link" hash-for-method="runScenario(&quot;Verify Practice Question 1 page has the question, code editor, run and submit buttons&quot;, &quot;Testing th...)">runScenario("Verify Practice Question 1 page has the question, code editor, run and submit buttons", "Testing th...)</a> <!-- method navigator-link -->
                      </span>
                      <br/>
                      <span>
                        <img src="passed.png" width="3%"/>
                        <a href="#" panel-name="suite-Default_suite" title="runner.TestNGRunner" class="method navigator-link" hash-for-method="runScenario(&quot;Verify the Applications of Array navigates to Applications of Array page&quot;, &quot;Testing the Array Page&quot;)">runScenario("Verify the Applications of Array navigates to Applications of Array page", "Testing the Array Page")</a> <!-- method navigator-link -->
                      </span>
                      <br/>
                      <span>
                        <img src="passed.png" width="3%"/>
                        <a href="#" panel-name="suite-Default_suite" title="runner.TestNGRunner" class="method navigator-link" hash-for-method="runScenario(&quot;verify submitting the practice question with no code in search the array link&quot;, &quot;Testing the Array ...)">runScenario("verify submitting the practice question with no code in search the array link", "Testing the Array ...)</a> <!-- method navigator-link -->
                      </span>
                      <br/>
                      <span>
                        <img src="passed.png" width="3%"/>
                        <a href="#" panel-name="suite-Default_suite" title="runner.TestNGRunner" class="method navigator-link" hash-for-method="runScenario(&quot;verify running the practice question with no code in find numbers with even number of digits&quot;, &quot;Tes...)">runScenario("verify running the practice question with no code in find numbers with even number of digits", "Tes...)</a> <!-- method navigator-link -->
                      </span>
                      <br/>
                      <span>
                        <img src="passed.png" width="3%"/>
                        <a href="#" panel-name="suite-Default_suite" title="runner.TestNGRunner" class="method navigator-link" hash-for-method="runScenario(&quot;To check Tree page functionality-Binary Trees&quot;, &quot;To test the functionality of tree structure&quot;)">runScenario("To check Tree page functionality-Binary Trees", "To test the functionality of tree structure")</a> <!-- method navigator-link -->
                      </span>
                      <br/>
                      <span>
                        <img src="passed.png" width="3%"/>
                        <a href="#" panel-name="suite-Default_suite" title="runner.TestNGRunner" class="method navigator-link" hash-for-method="runScenario(&quot;To check Tree page functionality-Tree traversals&quot;, &quot;To test the functionality of tree structure&quot;)">runScenario("To check Tree page functionality-Tree traversals", "To test the functionality of tree structure")</a> <!-- method navigator-link -->
                      </span>
                      <br/>
                      <span>
                        <img src="passed.png" width="3%"/>
                        <a href="#" panel-name="suite-Default_suite" title="runner.TestNGRunner" class="method navigator-link" hash-for-method="runScenario(&quot;Verify the Python Editor when an valid code is given&quot;, &quot;Testing the Array Page&quot;)">runScenario("Verify the Python Editor when an valid code is given", "Testing the Array Page")</a> <!-- method navigator-link -->
                      </span>
                      <br/>
                      <span>
                        <img src="passed.png" width="3%"/>
                        <a href="#" panel-name="suite-Default_suite" title="runner.TestNGRunner" class="method navigator-link" hash-for-method="runScenario(&quot;To check Tree page functionality-Binary search Trees&quot;, &quot;To test the functionality of tree structure...)">runScenario("To check Tree page functionality-Binary search Trees", "To test the functionality of tree structure...)</a> <!-- method navigator-link -->
                      </span>
                      <br/>
                      <span>
                        <img src="passed.png" width="3%"/>
                        <a href="#" panel-name="suite-Default_suite" title="runner.TestNGRunner" class="method navigator-link" hash-for-method="runScenario(&quot;Verify Practice Question 2 page has the question, code editor, run and submit buttons&quot;, &quot;Testing th...)">runScenario("Verify Practice Question 2 page has the question, code editor, run and submit buttons", "Testing th...)</a> <!-- method navigator-link -->
                      </span>
                      <br/>
                      <span>
                        <img src="passed.png" width="3%"/>
                        <a href="#" panel-name="suite-Default_suite" title="runner.TestNGRunner" class="method navigator-link" hash-for-method="runScenario(&quot;check Linked List page functionality&quot;, &quot;Getting Started to Signin DS_Algo Portal&quot;)">runScenario("check Linked List page functionality", "Getting Started to Signin DS_Algo Portal")</a> <!-- method navigator-link -->
                      </span>
                      <br/>
                      <span>
                        <img src="passed.png" width="3%"/>
                        <a href="#" panel-name="suite-Default_suite" title="runner.TestNGRunner" class="method navigator-link" hash-for-method="runScenario(&quot;Verify Arrays in Python link redirects to Arrays in Python page.&quot;, &quot;Testing the Array Page&quot;)">runScenario("Verify Arrays in Python link redirects to Arrays in Python page.", "Testing the Array Page")</a> <!-- method navigator-link -->
                      </span>
                      <br/>
                      <span>
                        <img src="passed.png" width="3%"/>
                        <a href="#" panel-name="suite-Default_suite" title="runner.TestNGRunner" class="method navigator-link" hash-for-method="runScenario(&quot;check Linked List page functionality&quot;, &quot;Getting Started to Signin DS_Algo Portal&quot;)">runScenario("check Linked List page functionality", "Getting Started to Signin DS_Algo Portal")</a> <!-- method navigator-link -->
                      </span>
                      <br/>
                      <span>
                        <img src="passed.png" width="3%"/>
                        <a href="#" panel-name="suite-Default_suite" title="runner.TestNGRunner" class="method navigator-link" hash-for-method="runScenario(&quot;Python editor&quot;, &quot;Data Structure Home page - DS_Introduction&quot;)">runScenario("Python editor", "Data Structure Home page - DS_Introduction")</a> <!-- method navigator-link -->
                      </span>
                      <br/>
                      <span>
                        <img src="passed.png" width="3%"/>
                        <a href="#" panel-name="suite-Default_suite" title="runner.TestNGRunner" class="method navigator-link" hash-for-method="runScenario(&quot;check Linked List page functionality&quot;, &quot;Getting Started to Signin DS_Algo Portal&quot;)">runScenario("check Linked List page functionality", "Getting Started to Signin DS_Algo Portal")</a> <!-- method navigator-link -->
                      </span>
                      <br/>
                      <span>
                        <img src="passed.png" width="3%"/>
                        <a href="#" panel-name="suite-Default_suite" title="runner.TestNGRunner" class="method navigator-link" hash-for-method="runScenario(&quot;To check Tree page functionality-Implementation of Binary Trees&quot;, &quot;To test the functionality of tre...)">runScenario("To check Tree page functionality-Implementation of Binary Trees", "To test the functionality of tre...)</a> <!-- method navigator-link -->
                      </span>
                      <br/>
                      <span>
                        <img src="passed.png" width="3%"/>
                        <a href="#" panel-name="suite-Default_suite" title="runner.TestNGRunner" class="method navigator-link" hash-for-method="runScenario(&quot;To check Tree page functionality-Types of trees&quot;, &quot;To test the functionality of tree structure&quot;)">runScenario("To check Tree page functionality-Types of trees", "To test the functionality of tree structure")</a> <!-- method navigator-link -->
                      </span>
                      <br/>
                      <span>
                        <img src="passed.png" width="3%"/>
                        <a href="#" panel-name="suite-Default_suite" title="runner.TestNGRunner" class="method navigator-link" hash-for-method="runScenario(&quot;getting started to graph page&quot;, &quot;To test graph page&quot;)">runScenario("getting started to graph page", "To test graph page")</a> <!-- method navigator-link -->
                      </span>
                      <br/>
                      <span>
                        <img src="passed.png" width="3%"/>
                        <a href="#" panel-name="suite-Default_suite" title="runner.TestNGRunner" class="method navigator-link" hash-for-method="runScenario(&quot;To check Stack page functionality-Application Practice&quot;, &quot;Stack page functionality&quot;)">runScenario("To check Stack page functionality-Application Practice", "Stack page functionality")</a> <!-- method navigator-link -->
                      </span>
                      <br/>
                      <span>
                        <img src="passed.png" width="3%"/>
                        <a href="#" panel-name="suite-Default_suite" title="runner.TestNGRunner" class="method navigator-link" hash-for-method="runScenario(&quot;To check Tree page functionality-Types of Binary trees&quot;, &quot;To test the functionality of tree structu...)">runScenario("To check Tree page functionality-Types of Binary trees", "To test the functionality of tree structu...)</a> <!-- method navigator-link -->
                      </span>
                      <br/>
                      <span>
                        <img src="passed.png" width="3%"/>
                        <a href="#" panel-name="suite-Default_suite" title="runner.TestNGRunner" class="method navigator-link" hash-for-method="runScenario(&quot;To check Tree page functionality-Implementation of Bst&quot;, &quot;To test the functionality of tree structu...)">runScenario("To check Tree page functionality-Implementation of Bst", "To test the functionality of tree structu...)</a> <!-- method navigator-link -->
                      </span>
                      <br/>
                      <span>
                        <img src="passed.png" width="3%"/>
                        <a href="#" panel-name="suite-Default_suite" title="runner.TestNGRunner" class="method navigator-link" hash-for-method="runScenario(&quot;To check Linked List page functionality&quot;, &quot;Getting Started to Signin DS_Algo Portal&quot;)">runScenario("To check Linked List page functionality", "Getting Started to Signin DS_Algo Portal")</a> <!-- method navigator-link -->
                      </span>
                      <br/>
                      <span>
                        <img src="passed.png" width="3%"/>
                        <a href="#" panel-name="suite-Default_suite" title="runner.TestNGRunner" class="method navigator-link" hash-for-method="runScenario(&quot;To check Linked List page functionality&quot;, &quot;Getting Started to Signin DS_Algo Portal&quot;)">runScenario("To check Linked List page functionality", "Getting Started to Signin DS_Algo Portal")</a> <!-- method navigator-link -->
                      </span>
                      <br/>
                      <span>
                        <img src="passed.png" width="3%"/>
                        <a href="#" panel-name="suite-Default_suite" title="runner.TestNGRunner" class="method navigator-link" hash-for-method="runScenario(&quot;Verify the practice questions page has all the 4 links mentioned.&quot;, &quot;Testing the Array Page&quot;)">runScenario("Verify the practice questions page has all the 4 links mentioned.", "Testing the Array Page")</a> <!-- method navigator-link -->
                      </span>
                      <br/>
                      <span>
                        <img src="passed.png" width="3%"/>
                        <a href="#" panel-name="suite-Default_suite" title="runner.TestNGRunner" class="method navigator-link" hash-for-method="runScenario(&quot;verify submitting the practice question with valid code in search the array link&quot;, &quot;Testing the Arr...)">runScenario("verify submitting the practice question with valid code in search the array link", "Testing the Arr...)</a> <!-- method navigator-link -->
                      </span>
                      <br/>
                      <span>
                        <img src="passed.png" width="3%"/>
                        <a href="#" panel-name="suite-Default_suite" title="runner.TestNGRunner" class="method navigator-link" hash-for-method="runScenario(&quot;Verify the Python Editor is throwing error when an invalid code is given, compiles the program and ...)">runScenario("Verify the Python Editor is throwing error when an invalid code is given, compiles the program and ...)</a> <!-- method navigator-link -->
                      </span>
                      <br/>
                      <span>
                        <img src="passed.png" width="3%"/>
                        <a href="#" panel-name="suite-Default_suite" title="runner.TestNGRunner" class="method navigator-link" hash-for-method="runScenario(&quot;To check Linked List page functionality&quot;, &quot;Getting Started to Signin DS_Algo Portal&quot;)">runScenario("To check Linked List page functionality", "Getting Started to Signin DS_Algo Portal")</a> <!-- method navigator-link -->
                      </span>
                      <br/>
                    </div> <!-- method-list-content passed suite-Default_suite -->
                  </li>
                </ul>
              </div> <!-- suite-section-content -->
            </div> <!-- result-section -->
          </div> <!-- navigator-suite-content -->
        </div> <!-- rounded-window -->
      </div> <!-- suite -->
    </div> <!-- navigator-root -->
    <div class="wrapper">
      <div class="main-panel-root">
        <div panel-name="suite-Default_suite" class="panel Default_suite">
          <div class="suite-Default_suite-class-failed">
            <div class="main-panel-header rounded-window-top">
              <img src="failed.png"/>
              <span class="class-name">runner.TestNGRunner</span>
            </div> <!-- main-panel-header rounded-window-top -->
            <div class="main-panel-content rounded-window-bottom">
              <div class="method">
                <div class="method-content">
                  <a name="runScenario(&quot;The user tries to Register&quot;, &quot;Registration process of the user&quot;)">
                  </a> <!-- runScenario("The user tries to Register", "Registration process of the user") -->
                  <span class="method-name">runScenario</span>
                  <span class="parameters">("The user tries to Register", "Registration process of the user")</span>
                  <div class="stack-trace">org.openqa.selenium.NoSuchElementException: no such element: Unable to locate element: {&quot;method&quot;:&quot;xpath&quot;,&quot;selector&quot;:&quot;//input[@name=&apos;password1&apos;]&quot;}
  (Session info: chrome=122.0.6261.112)
For documentation on this error, please visit: https://www.selenium.dev/documentation/webdriver/troubleshooting/errors#no-such-element-exception
Build info: version: &apos;4.17.0&apos;, revision: &apos;e52b1be057*&apos;
System info: os.name: &apos;Windows 11&apos;, os.arch: &apos;amd64&apos;, os.version: &apos;10.0&apos;, java.version: &apos;21.0.2&apos;
Driver info: org.openqa.selenium.chrome.ChromeDriver
Command: [4144bc957fb1b6c57605b7f75c3c5763, findElement {using=xpath, value=//input[@name=&apos;password1&apos;]}]
Capabilities {acceptInsecureCerts: false, browserName: chrome, browserVersion: 122.0.6261.112, chrome: {chromedriverVersion: 122.0.6261.111 (9d4c1072da6..., userDataDir: C:\Users\bindu\AppData\Loca...}, fedcm:accounts: true, goog:chromeOptions: {debuggerAddress: localhost:63075}, networkConnectionEnabled: false, pageLoadStrategy: normal, platformName: windows, proxy: Proxy(), se:cdp: ws://localhost:63075/devtoo..., se:cdpVersion: 122.0.6261.112, setWindowRect: true, strictFileInteractability: false, timeouts: {implicit: 0, pageLoad: 300000, script: 30000}, unhandledPromptBehavior: dismiss and notify, webauthn:extension:credBlob: true, webauthn:extension:largeBlob: true, webauthn:extension:minPinLength: true, webauthn:extension:prf: true, webauthn:virtualAuthenticators: true}
Session ID: 4144bc957fb1b6c57605b7f75c3c5763
	at java.base/jdk.internal.reflect.DirectConstructorHandleAccessor.newInstance(DirectConstructorHandleAccessor.java:62)
	at java.base/java.lang.reflect.Constructor.newInstanceWithCaller(Constructor.java:502)
	at java.base/java.lang.reflect.Constructor.newInstance(Constructor.java:486)
	at org.openqa.selenium.remote.codec.w3c.W3CHttpResponseCodec.createException(W3CHttpResponseCodec.java:185)
	at org.openqa.selenium.remote.codec.w3c.W3CHttpResponseCodec.decode(W3CHttpResponseCodec.java:134)
	at org.openqa.selenium.remote.codec.w3c.W3CHttpResponseCodec.decode(W3CHttpResponseCodec.java:51)
	at org.openqa.selenium.remote.HttpCommandExecutor.execute(HttpCommandExecutor.java:190)
	at org.openqa.selenium.remote.service.DriverCommandExecutor.invokeExecute(DriverCommandExecutor.java:216)
	at org.openqa.selenium.remote.service.DriverCommandExecutor.execute(DriverCommandExecutor.java:174)
	at org.openqa.selenium.remote.RemoteWebDriver.execute(RemoteWebDriver.java:519)
	at org.openqa.selenium.remote.ElementLocation$ElementFinder$2.findElement(ElementLocation.java:165)
	at org.openqa.selenium.remote.ElementLocation.findElement(ElementLocation.java:59)
	at org.openqa.selenium.remote.RemoteWebDriver.findElement(RemoteWebDriver.java:356)
	at org.openqa.selenium.remote.RemoteWebDriver.findElement(RemoteWebDriver.java:350)
	at page_model.RegisterPageObjects.invalidPassword(RegisterPageObjects.java:55)
	at stepdefinitions.Register.user_clicks_register_button_after_entering_password_with_numeric_data(Register.java:106)
	at âœ½.user clicks register button after entering password with numeric data(file:///C:/Users/bindu/git/DS_ALGO/DS_Algo_Project/src/test/resources/features/Register.feature:32)

</div> <!-- stack-trace -->
                  <em>
(Runs Cucumber Scenarios)                  </em>
                </div> <!-- method-content -->
              </div> <!-- method -->
              <div class="method">
                <div class="method-content">
                  <a name="runScenario(&quot;The user tries to Register&quot;, &quot;Registration process of the user&quot;)">
                  </a> <!-- runScenario("The user tries to Register", "Registration process of the user") -->
                  <span class="method-name">runScenario</span>
                  <span class="parameters">("The user tries to Register", "Registration process of the user")</span>
                  <div class="stack-trace">org.openqa.selenium.NoSuchElementException: no such element: Unable to locate element: {&quot;method&quot;:&quot;xpath&quot;,&quot;selector&quot;:&quot;//input[@name=&apos;password1&apos;]&quot;}
  (Session info: chrome=122.0.6261.112)
For documentation on this error, please visit: https://www.selenium.dev/documentation/webdriver/troubleshooting/errors#no-such-element-exception
Build info: version: &apos;4.17.0&apos;, revision: &apos;e52b1be057*&apos;
System info: os.name: &apos;Windows 11&apos;, os.arch: &apos;amd64&apos;, os.version: &apos;10.0&apos;, java.version: &apos;21.0.2&apos;
Driver info: org.openqa.selenium.chrome.ChromeDriver
Command: [ccbf00fc73878e1852d7917646ea1f30, findElement {using=xpath, value=//input[@name=&apos;password1&apos;]}]
Capabilities {acceptInsecureCerts: false, browserName: chrome, browserVersion: 122.0.6261.112, chrome: {chromedriverVersion: 122.0.6261.111 (9d4c1072da6..., userDataDir: C:\Users\bindu\AppData\Loca...}, fedcm:accounts: true, goog:chromeOptions: {debuggerAddress: localhost:63144}, networkConnectionEnabled: false, pageLoadStrategy: normal, platformName: windows, proxy: Proxy(), se:cdp: ws://localhost:63144/devtoo..., se:cdpVersion: 122.0.6261.112, setWindowRect: true, strictFileInteractability: false, timeouts: {implicit: 0, pageLoad: 300000, script: 30000}, unhandledPromptBehavior: dismiss and notify, webauthn:extension:credBlob: true, webauthn:extension:largeBlob: true, webauthn:extension:minPinLength: true, webauthn:extension:prf: true, webauthn:virtualAuthenticators: true}
Session ID: ccbf00fc73878e1852d7917646ea1f30
	at java.base/jdk.internal.reflect.DirectConstructorHandleAccessor.newInstance(DirectConstructorHandleAccessor.java:62)
	at java.base/java.lang.reflect.Constructor.newInstanceWithCaller(Constructor.java:502)
	at java.base/java.lang.reflect.Constructor.newInstance(Constructor.java:486)
	at org.openqa.selenium.remote.codec.w3c.W3CHttpResponseCodec.createException(W3CHttpResponseCodec.java:185)
	at org.openqa.selenium.remote.codec.w3c.W3CHttpResponseCodec.decode(W3CHttpResponseCodec.java:134)
	at org.openqa.selenium.remote.codec.w3c.W3CHttpResponseCodec.decode(W3CHttpResponseCodec.java:51)
	at org.openqa.selenium.remote.HttpCommandExecutor.execute(HttpCommandExecutor.java:190)
	at org.openqa.selenium.remote.service.DriverCommandExecutor.invokeExecute(DriverCommandExecutor.java:216)
	at org.openqa.selenium.remote.service.DriverCommandExecutor.execute(DriverCommandExecutor.java:174)
	at org.openqa.selenium.remote.RemoteWebDriver.execute(RemoteWebDriver.java:519)
	at org.openqa.selenium.remote.ElementLocation$ElementFinder$2.findElement(ElementLocation.java:165)
	at org.openqa.selenium.remote.ElementLocation.findElement(ElementLocation.java:59)
	at org.openqa.selenium.remote.RemoteWebDriver.findElement(RemoteWebDriver.java:356)
	at org.openqa.selenium.remote.RemoteWebDriver.findElement(RemoteWebDriver.java:350)
	at page_model.RegisterPageObjects.clearPassword(RegisterPageObjects.java:49)
	at stepdefinitions.Register.user_clicks_register_button_after_entering_password_with_characters_less_than_eight(Register.java:122)
	at âœ½.user clicks register button after entering password with characters less than eight(file:///C:/Users/bindu/git/DS_ALGO/DS_Algo_Project/src/test/resources/features/Register.feature:38)

</div> <!-- stack-trace -->
                  <em>
(Runs Cucumber Scenarios)                  </em>
                </div> <!-- method-content -->
              </div> <!-- method -->
              <div class="method">
                <div class="method-content">
                  <a name="runScenario(&quot;To check Stack page functionality-Implementation&quot;, &quot;Stack page functionality&quot;)">
                  </a> <!-- runScenario("To check Stack page functionality-Implementation", "Stack page functionality") -->
                  <span class="method-name">runScenario</span>
                  <span class="parameters">("To check Stack page functionality-Implementation", "Stack page functionality")</span>
                  <div class="stack-trace">org.openqa.selenium.ElementNotInteractableException: element not interactable
  (Session info: chrome=122.0.6261.112)
Build info: version: &apos;4.17.0&apos;, revision: &apos;e52b1be057*&apos;
System info: os.name: &apos;Windows 11&apos;, os.arch: &apos;amd64&apos;, os.version: &apos;10.0&apos;, java.version: &apos;21.0.2&apos;
Driver info: org.openqa.selenium.chrome.ChromeDriver
Command: [3f25c3f67fe00ad3e14f81791f384ccc, sendKeysToElement {id=f.D988B91DF272F4B77C1257F439D916BF.d.F40DEEFBE0C694BCDEA6683DD05751B4.e.29, value=[Ljava.lang.CharSequence;@64400e0e}]
Capabilities {acceptInsecureCerts: false, browserName: chrome, browserVersion: 122.0.6261.112, chrome: {chromedriverVersion: 122.0.6261.111 (9d4c1072da6..., userDataDir: C:\Users\bindu\AppData\Loca...}, fedcm:accounts: true, goog:chromeOptions: {debuggerAddress: localhost:62454}, networkConnectionEnabled: false, pageLoadStrategy: normal, platformName: windows, proxy: Proxy(), se:cdp: ws://localhost:62454/devtoo..., se:cdpVersion: 122.0.6261.112, setWindowRect: true, strictFileInteractability: false, timeouts: {implicit: 0, pageLoad: 300000, script: 30000}, unhandledPromptBehavior: dismiss and notify, webauthn:extension:credBlob: true, webauthn:extension:largeBlob: true, webauthn:extension:minPinLength: true, webauthn:extension:prf: true, webauthn:virtualAuthenticators: true}
Element: [[ChromeDriver: chrome on windows (3f25c3f67fe00ad3e14f81791f384ccc)] -&gt; xpath: //form[@id=&apos;answer_form&apos;]/div/div/div/textarea]
Session ID: 3f25c3f67fe00ad3e14f81791f384ccc
	at java.base/jdk.internal.reflect.DirectConstructorHandleAccessor.newInstance(DirectConstructorHandleAccessor.java:62)
	at java.base/java.lang.reflect.Constructor.newInstanceWithCaller(Constructor.java:502)
	at java.base/java.lang.reflect.Constructor.newInstance(Constructor.java:486)
	at org.openqa.selenium.remote.codec.w3c.W3CHttpResponseCodec.createException(W3CHttpResponseCodec.java:185)
	at org.openqa.selenium.remote.codec.w3c.W3CHttpResponseCodec.decode(W3CHttpResponseCodec.java:134)
	at org.openqa.selenium.remote.codec.w3c.W3CHttpResponseCodec.decode(W3CHttpResponseCodec.java:51)
	at org.openqa.selenium.remote.HttpCommandExecutor.execute(HttpCommandExecutor.java:190)
	at org.openqa.selenium.remote.service.DriverCommandExecutor.invokeExecute(DriverCommandExecutor.java:216)
	at org.openqa.selenium.remote.service.DriverCommandExecutor.execute(DriverCommandExecutor.java:174)
	at org.openqa.selenium.remote.RemoteWebDriver.execute(RemoteWebDriver.java:519)
	at org.openqa.selenium.remote.RemoteWebElement.execute(RemoteWebElement.java:223)
	at org.openqa.selenium.remote.RemoteWebElement.sendKeys(RemoteWebElement.java:110)
	at page_model.StackPageObjects.invalidCode(StackPageObjects.java:91)
	at stepdefinitions.Stack.user_writes_invalid_python_code_with_and_rownumber(Stack.java:112)
	at âœ½.user writes invalid python code with &quot;Python code&quot; and rownumber 1(file:///C:/Users/bindu/git/DS_ALGO/DS_Algo_Project/src/test/resources/features/6Stack.feature:29)

</div> <!-- stack-trace -->
                  <em>
(Runs Cucumber Scenarios)                  </em>
                </div> <!-- method-content -->
              </div> <!-- method -->
              <div class="method">
                <div class="method-content">
                  <a name="runScenario(&quot;DS_Algo signin page&quot;, &quot;Getting Started to Signin DS_Algo Portal&quot;)">
                  </a> <!-- runScenario("DS_Algo signin page", "Getting Started to Signin DS_Algo Portal") -->
                  <span class="method-name">runScenario</span>
                  <span class="parameters">("DS_Algo signin page", "Getting Started to Signin DS_Algo Portal")</span>
                  <div class="stack-trace">org.openqa.selenium.NoSuchElementException: no such element: Unable to locate element: {&quot;method&quot;:&quot;xpath&quot;,&quot;selector&quot;:&quot;//a[text()=&apos;Sign in&apos;]&quot;}
  (Session info: chrome=122.0.6261.112)
For documentation on this error, please visit: https://www.selenium.dev/documentation/webdriver/troubleshooting/errors#no-such-element-exception
Build info: version: &apos;4.17.0&apos;, revision: &apos;e52b1be057*&apos;
System info: os.name: &apos;Windows 11&apos;, os.arch: &apos;amd64&apos;, os.version: &apos;10.0&apos;, java.version: &apos;21.0.2&apos;
Driver info: org.openqa.selenium.chrome.ChromeDriver
Command: [c4bfb2017d8fd6ed41c63f476eb72b4b, findElement {using=xpath, value=//a[text()=&apos;Sign in&apos;]}]
Capabilities {acceptInsecureCerts: false, browserName: chrome, browserVersion: 122.0.6261.112, chrome: {chromedriverVersion: 122.0.6261.111 (9d4c1072da6..., userDataDir: C:\Users\bindu\AppData\Loca...}, fedcm:accounts: true, goog:chromeOptions: {debuggerAddress: localhost:62798}, networkConnectionEnabled: false, pageLoadStrategy: normal, platformName: windows, proxy: Proxy(), se:cdp: ws://localhost:62798/devtoo..., se:cdpVersion: 122.0.6261.112, setWindowRect: true, strictFileInteractability: false, timeouts: {implicit: 0, pageLoad: 300000, script: 30000}, unhandledPromptBehavior: dismiss and notify, webauthn:extension:credBlob: true, webauthn:extension:largeBlob: true, webauthn:extension:minPinLength: true, webauthn:extension:prf: true, webauthn:virtualAuthenticators: true}
Session ID: c4bfb2017d8fd6ed41c63f476eb72b4b
	at java.base/jdk.internal.reflect.DirectConstructorHandleAccessor.newInstance(DirectConstructorHandleAccessor.java:62)
	at java.base/java.lang.reflect.Constructor.newInstanceWithCaller(Constructor.java:502)
	at java.base/java.lang.reflect.Constructor.newInstance(Constructor.java:486)
	at org.openqa.selenium.remote.codec.w3c.W3CHttpResponseCodec.createException(W3CHttpResponseCodec.java:185)
	at org.openqa.selenium.remote.codec.w3c.W3CHttpResponseCodec.decode(W3CHttpResponseCodec.java:134)
	at org.openqa.selenium.remote.codec.w3c.W3CHttpResponseCodec.decode(W3CHttpResponseCodec.java:51)
	at org.openqa.selenium.remote.HttpCommandExecutor.execute(HttpCommandExecutor.java:190)
	at org.openqa.selenium.remote.service.DriverCommandExecutor.invokeExecute(DriverCommandExecutor.java:216)
	at org.openqa.selenium.remote.service.DriverCommandExecutor.execute(DriverCommandExecutor.java:174)
	at org.openqa.selenium.remote.RemoteWebDriver.execute(RemoteWebDriver.java:519)
	at org.openqa.selenium.remote.ElementLocation$ElementFinder$2.findElement(ElementLocation.java:165)
	at org.openqa.selenium.remote.ElementLocation.findElement(ElementLocation.java:59)
	at org.openqa.selenium.remote.RemoteWebDriver.findElement(RemoteWebDriver.java:356)
	at org.openqa.selenium.remote.RemoteWebDriver.findElement(RemoteWebDriver.java:350)
	at page_model.LoginPageObjects.clickSignin(LoginPageObjects.java:35)
	at stepdefinitions.Login.the_user_clicks_on_sign_in_button(Login.java:27)
	at âœ½.the user clicks on Sign_in button(file:///C:/Users/bindu/git/DS_ALGO/DS_Algo_Project/src/test/resources/features/Login.feature:5)

</div> <!-- stack-trace -->
                  <em>
(Runs Cucumber Scenarios)                  </em>
                </div> <!-- method-content -->
              </div> <!-- method -->
              <div class="method">
                <div class="method-content">
                  <a name="runScenario(&quot;The user tries to Register&quot;, &quot;Registration process of the user&quot;)">
                  </a> <!-- runScenario("The user tries to Register", "Registration process of the user") -->
                  <span class="method-name">runScenario</span>
                  <span class="parameters">("The user tries to Register", "Registration process of the user")</span>
                  <div class="stack-trace">org.openqa.selenium.NoSuchElementException: no such element: Unable to locate element: {&quot;method&quot;:&quot;xpath&quot;,&quot;selector&quot;:&quot;//input[@name=&apos;password1&apos;]&quot;}
  (Session info: chrome=122.0.6261.112)
For documentation on this error, please visit: https://www.selenium.dev/documentation/webdriver/troubleshooting/errors#no-such-element-exception
Build info: version: &apos;4.17.0&apos;, revision: &apos;e52b1be057*&apos;
System info: os.name: &apos;Windows 11&apos;, os.arch: &apos;amd64&apos;, os.version: &apos;10.0&apos;, java.version: &apos;21.0.2&apos;
Driver info: org.openqa.selenium.chrome.ChromeDriver
Command: [45721eaf894762c2fe551b5d0d3ae2d3, findElement {using=xpath, value=//input[@name=&apos;password1&apos;]}]
Capabilities {acceptInsecureCerts: false, browserName: chrome, browserVersion: 122.0.6261.112, chrome: {chromedriverVersion: 122.0.6261.111 (9d4c1072da6..., userDataDir: C:\Users\bindu\AppData\Loca...}, fedcm:accounts: true, goog:chromeOptions: {debuggerAddress: localhost:63167}, networkConnectionEnabled: false, pageLoadStrategy: normal, platformName: windows, proxy: Proxy(), se:cdp: ws://localhost:63167/devtoo..., se:cdpVersion: 122.0.6261.112, setWindowRect: true, strictFileInteractability: false, timeouts: {implicit: 0, pageLoad: 300000, script: 30000}, unhandledPromptBehavior: dismiss and notify, webauthn:extension:credBlob: true, webauthn:extension:largeBlob: true, webauthn:extension:minPinLength: true, webauthn:extension:prf: true, webauthn:virtualAuthenticators: true}
Session ID: 45721eaf894762c2fe551b5d0d3ae2d3
	at java.base/jdk.internal.reflect.DirectConstructorHandleAccessor.newInstance(DirectConstructorHandleAccessor.java:62)
	at java.base/java.lang.reflect.Constructor.newInstanceWithCaller(Constructor.java:502)
	at java.base/java.lang.reflect.Constructor.newInstance(Constructor.java:486)
	at org.openqa.selenium.remote.codec.w3c.W3CHttpResponseCodec.createException(W3CHttpResponseCodec.java:185)
	at org.openqa.selenium.remote.codec.w3c.W3CHttpResponseCodec.decode(W3CHttpResponseCodec.java:134)
	at org.openqa.selenium.remote.codec.w3c.W3CHttpResponseCodec.decode(W3CHttpResponseCodec.java:51)
	at org.openqa.selenium.remote.HttpCommandExecutor.execute(HttpCommandExecutor.java:190)
	at org.openqa.selenium.remote.service.DriverCommandExecutor.invokeExecute(DriverCommandExecutor.java:216)
	at org.openqa.selenium.remote.service.DriverCommandExecutor.execute(DriverCommandExecutor.java:174)
	at org.openqa.selenium.remote.RemoteWebDriver.execute(RemoteWebDriver.java:519)
	at org.openqa.selenium.remote.ElementLocation$ElementFinder$2.findElement(ElementLocation.java:165)
	at org.openqa.selenium.remote.ElementLocation.findElement(ElementLocation.java:59)
	at org.openqa.selenium.remote.RemoteWebDriver.findElement(RemoteWebDriver.java:356)
	at org.openqa.selenium.remote.RemoteWebDriver.findElement(RemoteWebDriver.java:350)
	at page_model.RegisterPageObjects.clearPassword(RegisterPageObjects.java:49)
	at stepdefinitions.Register.user_clicks_register_button_after_entering_different_passwords_in_password_and_password_confirmation_fields(Register.java:133)
	at âœ½.user clicks register button after entering different passwords in password and password confirmation fields(file:///C:/Users/bindu/git/DS_ALGO/DS_Algo_Project/src/test/resources/features/Register.feature:44)

</div> <!-- stack-trace -->
                  <em>
(Runs Cucumber Scenarios)                  </em>
                </div> <!-- method-content -->
              </div> <!-- method -->
              <div class="method">
                <div class="method-content">
                  <a name="runScenario(&quot;To check Tree page functionality-Terminologies&quot;, &quot;To test the functionality of tree structure&quot;)">
                  </a> <!-- runScenario("To check Tree page functionality-Terminologies", "To test the functionality of tree structure") -->
                  <span class="method-name">runScenario</span>
                  <span class="parameters">("To check Tree page functionality-Terminologies", "To test the functionality of tree structure")</span>
                  <div class="stack-trace">org.openqa.selenium.ElementNotInteractableException: element not interactable
  (Session info: chrome=122.0.6261.112)
Build info: version: &apos;4.17.0&apos;, revision: &apos;e52b1be057*&apos;
System info: os.name: &apos;Windows 11&apos;, os.arch: &apos;amd64&apos;, os.version: &apos;10.0&apos;, java.version: &apos;21.0.2&apos;
Driver info: org.openqa.selenium.chrome.ChromeDriver
Command: [9990416006e44e32486442e4d5f038da, sendKeysToElement {id=f.A7037745D8976ADB9091DD84CC11BCFB.d.02F6DE4F991C591D410F1D0356DA5C2B.e.1182, value=[Ljava.lang.CharSequence;@44c6606c}]
Capabilities {acceptInsecureCerts: false, browserName: chrome, browserVersion: 122.0.6261.112, chrome: {chromedriverVersion: 122.0.6261.111 (9d4c1072da6..., userDataDir: C:\Users\bindu\AppData\Loca...}, fedcm:accounts: true, goog:chromeOptions: {debuggerAddress: localhost:61237}, networkConnectionEnabled: false, pageLoadStrategy: normal, platformName: windows, proxy: Proxy(), se:cdp: ws://localhost:61237/devtoo..., se:cdpVersion: 122.0.6261.112, setWindowRect: true, strictFileInteractability: false, timeouts: {implicit: 0, pageLoad: 300000, script: 30000}, unhandledPromptBehavior: dismiss and notify, webauthn:extension:credBlob: true, webauthn:extension:largeBlob: true, webauthn:extension:minPinLength: true, webauthn:extension:prf: true, webauthn:virtualAuthenticators: true}
Element: [[ChromeDriver: chrome on windows (9990416006e44e32486442e4d5f038da)] -&gt; xpath: //form[@id=&apos;answer_form&apos;]/div/div/div/textarea]
Session ID: 9990416006e44e32486442e4d5f038da
	at java.base/jdk.internal.reflect.DirectConstructorHandleAccessor.newInstance(DirectConstructorHandleAccessor.java:62)
	at java.base/java.lang.reflect.Constructor.newInstanceWithCaller(Constructor.java:502)
	at java.base/java.lang.reflect.Constructor.newInstance(Constructor.java:486)
	at org.openqa.selenium.remote.codec.w3c.W3CHttpResponseCodec.createException(W3CHttpResponseCodec.java:185)
	at org.openqa.selenium.remote.codec.w3c.W3CHttpResponseCodec.decode(W3CHttpResponseCodec.java:134)
	at org.openqa.selenium.remote.codec.w3c.W3CHttpResponseCodec.decode(W3CHttpResponseCodec.java:51)
	at org.openqa.selenium.remote.HttpCommandExecutor.execute(HttpCommandExecutor.java:190)
	at org.openqa.selenium.remote.service.DriverCommandExecutor.invokeExecute(DriverCommandExecutor.java:216)
	at org.openqa.selenium.remote.service.DriverCommandExecutor.execute(DriverCommandExecutor.java:174)
	at org.openqa.selenium.remote.RemoteWebDriver.execute(RemoteWebDriver.java:519)
	at org.openqa.selenium.remote.RemoteWebElement.execute(RemoteWebElement.java:223)
	at org.openqa.selenium.remote.RemoteWebElement.sendKeys(RemoteWebElement.java:110)
	at page_model.TreePageObjects.invalidCode(TreePageObjects.java:126)
	at stepdefinitions.Tree.user_writes_invalid_python_code_with_and_rownumber_in_tree_page_editor(Tree.java:106)
	at âœ½.user writes invalid python code with &quot;Python code&quot; and rownumber 1 in tree page editor(file:///C:/Users/bindu/git/DS_ALGO/DS_Algo_Project/src/test/resources/features/2Tree.feature:24)

</div> <!-- stack-trace -->
                  <em>
(Runs Cucumber Scenarios)                  </em>
                </div> <!-- method-content -->
              </div> <!-- method -->
              <div class="method">
                <div class="method-content">
                  <a name="runScenario(&quot;Queue invalid passing code&quot;, &quot;Data Structure Home page&quot;)">
                  </a> <!-- runScenario("Queue invalid passing code", "Data Structure Home page") -->
                  <span class="method-name">runScenario</span>
                  <span class="parameters">("Queue invalid passing code", "Data Structure Home page")</span>
                  <div class="stack-trace">org.openqa.selenium.ElementNotInteractableException: element not interactable
  (Session info: chrome=122.0.6261.112)
Build info: version: &apos;4.17.0&apos;, revision: &apos;e52b1be057*&apos;
System info: os.name: &apos;Windows 11&apos;, os.arch: &apos;amd64&apos;, os.version: &apos;10.0&apos;, java.version: &apos;21.0.2&apos;
Driver info: org.openqa.selenium.chrome.ChromeDriver
Command: [d4471fe6cde5f28fe4756034bbfee220, sendKeysToElement {id=f.140F897F30F754C9416D1807887E12F2.d.23E7395D9E7E0A9F1527FA60C0107D49.e.28, value=[Ljava.lang.CharSequence;@2920801f}]
Capabilities {acceptInsecureCerts: false, browserName: chrome, browserVersion: 122.0.6261.112, chrome: {chromedriverVersion: 122.0.6261.111 (9d4c1072da6..., userDataDir: C:\Users\bindu\AppData\Loca...}, fedcm:accounts: true, goog:chromeOptions: {debuggerAddress: localhost:62642}, networkConnectionEnabled: false, pageLoadStrategy: normal, platformName: windows, proxy: Proxy(), se:cdp: ws://localhost:62642/devtoo..., se:cdpVersion: 122.0.6261.112, setWindowRect: true, strictFileInteractability: false, timeouts: {implicit: 0, pageLoad: 300000, script: 30000}, unhandledPromptBehavior: dismiss and notify, webauthn:extension:credBlob: true, webauthn:extension:largeBlob: true, webauthn:extension:minPinLength: true, webauthn:extension:prf: true, webauthn:virtualAuthenticators: true}
Element: [[ChromeDriver: chrome on windows (d4471fe6cde5f28fe4756034bbfee220)] -&gt; xpath: //form[@id=&apos;answer_form&apos;]/div/div/div/textarea]
Session ID: d4471fe6cde5f28fe4756034bbfee220
	at java.base/jdk.internal.reflect.DirectConstructorHandleAccessor.newInstance(DirectConstructorHandleAccessor.java:62)
	at java.base/java.lang.reflect.Constructor.newInstanceWithCaller(Constructor.java:502)
	at java.base/java.lang.reflect.Constructor.newInstance(Constructor.java:486)
	at org.openqa.selenium.remote.codec.w3c.W3CHttpResponseCodec.createException(W3CHttpResponseCodec.java:185)
	at org.openqa.selenium.remote.codec.w3c.W3CHttpResponseCodec.decode(W3CHttpResponseCodec.java:134)
	at org.openqa.selenium.remote.codec.w3c.W3CHttpResponseCodec.decode(W3CHttpResponseCodec.java:51)
	at org.openqa.selenium.remote.HttpCommandExecutor.execute(HttpCommandExecutor.java:190)
	at org.openqa.selenium.remote.service.DriverCommandExecutor.invokeExecute(DriverCommandExecutor.java:216)
	at org.openqa.selenium.remote.service.DriverCommandExecutor.execute(DriverCommandExecutor.java:174)
	at org.openqa.selenium.remote.RemoteWebDriver.execute(RemoteWebDriver.java:519)
	at org.openqa.selenium.remote.RemoteWebElement.execute(RemoteWebElement.java:223)
	at org.openqa.selenium.remote.RemoteWebElement.sendKeys(RemoteWebElement.java:110)
	at page_model.QueuePageObjects.invalidCode(QueuePageObjects.java:86)
	at stepdefinitions.Queue.user_writes_invalid_python_code_with_and_rownumber_in_queue_page(Queue.java:122)
	at âœ½.user writes invalid python code with &quot;Python code&quot; and rownumber 1 in queue page(file:///C:/Users/bindu/git/DS_ALGO/DS_Algo_Project/src/test/resources/features/7Queue.feature:42)

</div> <!-- stack-trace -->
                  <em>
(Runs Cucumber Scenarios)                  </em>
                </div> <!-- method-content -->
              </div> <!-- method -->
              <div class="method">
                <div class="method-content">
                  <a name="runScenario(&quot;The user tries to Register&quot;, &quot;Registration process of the user&quot;)">
                  </a> <!-- runScenario("The user tries to Register", "Registration process of the user") -->
                  <span class="method-name">runScenario</span>
                  <span class="parameters">("The user tries to Register", "Registration process of the user")</span>
                  <div class="stack-trace">org.openqa.selenium.NoSuchElementException: no such element: Unable to locate element: {&quot;method&quot;:&quot;xpath&quot;,&quot;selector&quot;:&quot;//input[@name=&apos;username&apos;]&quot;}
  (Session info: chrome=122.0.6261.112)
For documentation on this error, please visit: https://www.selenium.dev/documentation/webdriver/troubleshooting/errors#no-such-element-exception
Build info: version: &apos;4.17.0&apos;, revision: &apos;e52b1be057*&apos;
System info: os.name: &apos;Windows 11&apos;, os.arch: &apos;amd64&apos;, os.version: &apos;10.0&apos;, java.version: &apos;21.0.2&apos;
Driver info: org.openqa.selenium.chrome.ChromeDriver
Command: [0cfd26e729b1111d5aaec5949f3b9a5b, findElement {using=xpath, value=//input[@name=&apos;username&apos;]}]
Capabilities {acceptInsecureCerts: false, browserName: chrome, browserVersion: 122.0.6261.112, chrome: {chromedriverVersion: 122.0.6261.111 (9d4c1072da6..., userDataDir: C:\Users\bindu\AppData\Loca...}, fedcm:accounts: true, goog:chromeOptions: {debuggerAddress: localhost:63186}, networkConnectionEnabled: false, pageLoadStrategy: normal, platformName: windows, proxy: Proxy(), se:cdp: ws://localhost:63186/devtoo..., se:cdpVersion: 122.0.6261.112, setWindowRect: true, strictFileInteractability: false, timeouts: {implicit: 0, pageLoad: 300000, script: 30000}, unhandledPromptBehavior: dismiss and notify, webauthn:extension:credBlob: true, webauthn:extension:largeBlob: true, webauthn:extension:minPinLength: true, webauthn:extension:prf: true, webauthn:virtualAuthenticators: true}
Session ID: 0cfd26e729b1111d5aaec5949f3b9a5b
	at java.base/jdk.internal.reflect.DirectConstructorHandleAccessor.newInstance(DirectConstructorHandleAccessor.java:62)
	at java.base/java.lang.reflect.Constructor.newInstanceWithCaller(Constructor.java:502)
	at java.base/java.lang.reflect.Constructor.newInstance(Constructor.java:486)
	at org.openqa.selenium.remote.codec.w3c.W3CHttpResponseCodec.createException(W3CHttpResponseCodec.java:185)
	at org.openqa.selenium.remote.codec.w3c.W3CHttpResponseCodec.decode(W3CHttpResponseCodec.java:134)
	at org.openqa.selenium.remote.codec.w3c.W3CHttpResponseCodec.decode(W3CHttpResponseCodec.java:51)
	at org.openqa.selenium.remote.HttpCommandExecutor.execute(HttpCommandExecutor.java:190)
	at org.openqa.selenium.remote.service.DriverCommandExecutor.invokeExecute(DriverCommandExecutor.java:216)
	at org.openqa.selenium.remote.service.DriverCommandExecutor.execute(DriverCommandExecutor.java:174)
	at org.openqa.selenium.remote.RemoteWebDriver.execute(RemoteWebDriver.java:519)
	at org.openqa.selenium.remote.ElementLocation$ElementFinder$2.findElement(ElementLocation.java:165)
	at org.openqa.selenium.remote.ElementLocation.findElement(ElementLocation.java:59)
	at org.openqa.selenium.remote.RemoteWebDriver.findElement(RemoteWebDriver.java:356)
	at org.openqa.selenium.remote.RemoteWebDriver.findElement(RemoteWebDriver.java:350)
	at page_model.RegisterPageObjects.enterUsername(RegisterPageObjects.java:34)
	at stepdefinitions.Register.user_clicks_register_button_after_entering_valid_and_password_confirmation_related_boxes(Register.java:151)
	at âœ½.user clicks register button after entering valid &quot;quantum@testers&quot;,&quot;numpyninja1234&quot; and password confirmation related boxes(file:///C:/Users/bindu/git/DS_ALGO/DS_Algo_Project/src/test/resources/features/Register.feature:50)

</div> <!-- stack-trace -->
                  <em>
(Runs Cucumber Scenarios)                  </em>
                </div> <!-- method-content -->
              </div> <!-- method -->
              <div class="method">
                <div class="method-content">
                  <a name="runScenario(&quot;This test is to verify the Registration page&quot;, &quot;Registration process of the user&quot;)">
                  </a> <!-- runScenario("This test is to verify the Registration page", "Registration process of the user") -->
                  <span class="method-name">runScenario</span>
                  <span class="parameters">("This test is to verify the Registration page", "Registration process of the user")</span>
                  <div class="stack-trace">org.openqa.selenium.NoSuchElementException: no such element: Unable to locate element: {&quot;method&quot;:&quot;xpath&quot;,&quot;selector&quot;:&quot;//a[text()=&apos; Register &apos;]&quot;}
  (Session info: chrome=122.0.6261.112)
For documentation on this error, please visit: https://www.selenium.dev/documentation/webdriver/troubleshooting/errors#no-such-element-exception
Build info: version: &apos;4.17.0&apos;, revision: &apos;e52b1be057*&apos;
System info: os.name: &apos;Windows 11&apos;, os.arch: &apos;amd64&apos;, os.version: &apos;10.0&apos;, java.version: &apos;21.0.2&apos;
Driver info: org.openqa.selenium.chrome.ChromeDriver
Command: [648e962ff377ad0a8aea972c1fb9d239, findElement {using=xpath, value=//a[text()=&apos; Register &apos;]}]
Capabilities {acceptInsecureCerts: false, browserName: chrome, browserVersion: 122.0.6261.112, chrome: {chromedriverVersion: 122.0.6261.111 (9d4c1072da6..., userDataDir: C:\Users\bindu\AppData\Loca...}, fedcm:accounts: true, goog:chromeOptions: {debuggerAddress: localhost:62886}, networkConnectionEnabled: false, pageLoadStrategy: normal, platformName: windows, proxy: Proxy(), se:cdp: ws://localhost:62886/devtoo..., se:cdpVersion: 122.0.6261.112, setWindowRect: true, strictFileInteractability: false, timeouts: {implicit: 0, pageLoad: 300000, script: 30000}, unhandledPromptBehavior: dismiss and notify, webauthn:extension:credBlob: true, webauthn:extension:largeBlob: true, webauthn:extension:minPinLength: true, webauthn:extension:prf: true, webauthn:virtualAuthenticators: true}
Session ID: 648e962ff377ad0a8aea972c1fb9d239
	at java.base/jdk.internal.reflect.DirectConstructorHandleAccessor.newInstance(DirectConstructorHandleAccessor.java:62)
	at java.base/java.lang.reflect.Constructor.newInstanceWithCaller(Constructor.java:502)
	at java.base/java.lang.reflect.Constructor.newInstance(Constructor.java:486)
	at org.openqa.selenium.remote.codec.w3c.W3CHttpResponseCodec.createException(W3CHttpResponseCodec.java:185)
	at org.openqa.selenium.remote.codec.w3c.W3CHttpResponseCodec.decode(W3CHttpResponseCodec.java:134)
	at org.openqa.selenium.remote.codec.w3c.W3CHttpResponseCodec.decode(W3CHttpResponseCodec.java:51)
	at org.openqa.selenium.remote.HttpCommandExecutor.execute(HttpCommandExecutor.java:190)
	at org.openqa.selenium.remote.service.DriverCommandExecutor.invokeExecute(DriverCommandExecutor.java:216)
	at org.openqa.selenium.remote.service.DriverCommandExecutor.execute(DriverCommandExecutor.java:174)
	at org.openqa.selenium.remote.RemoteWebDriver.execute(RemoteWebDriver.java:519)
	at org.openqa.selenium.remote.ElementLocation$ElementFinder$2.findElement(ElementLocation.java:165)
	at org.openqa.selenium.remote.ElementLocation.findElement(ElementLocation.java:59)
	at org.openqa.selenium.remote.RemoteWebDriver.findElement(RemoteWebDriver.java:356)
	at org.openqa.selenium.remote.RemoteWebDriver.findElement(RemoteWebDriver.java:350)
	at page_model.RegisterPageObjects.clickRegisterLink(RegisterPageObjects.java:30)
	at stepdefinitions.Register.the_user_clicks_the_register_button(Register.java:25)
	at âœ½.the user clicks the register button(file:///C:/Users/bindu/git/DS_ALGO/DS_Algo_Project/src/test/resources/features/Register.feature:9)

</div> <!-- stack-trace -->
                  <em>
(Runs Cucumber Scenarios)                  </em>
                </div> <!-- method-content -->
              </div> <!-- method -->
              <div class="method">
                <div class="method-content">
                  <a name="runScenario(&quot;To check Tree page functionality-Traversals-Illustration&quot;, &quot;To test the functionality of tree struc...)">
                  </a> <!-- runScenario("To check Tree page functionality-Traversals-Illustration", "To test the functionality of tree struc...) -->
                  <span class="method-name">runScenario</span>
                  <span class="parameters">("To check Tree page functionality-Traversals-Illustration", "To test the functionality of tree structure")</span>
                  <div class="stack-trace">org.openqa.selenium.ElementNotInteractableException: element not interactable
  (Session info: chrome=122.0.6261.112)
Build info: version: &apos;4.17.0&apos;, revision: &apos;e52b1be057*&apos;
System info: os.name: &apos;Windows 11&apos;, os.arch: &apos;amd64&apos;, os.version: &apos;10.0&apos;, java.version: &apos;21.0.2&apos;
Driver info: org.openqa.selenium.chrome.ChromeDriver
Command: [7867a4ca421a85bb408af1afcede3377, sendKeysToElement {id=f.581AC748CF9829B68CEE16CD812291F2.d.997C6EFB585E263AE925F94DBA6D48BB.e.1255, value=[Ljava.lang.CharSequence;@2e098e36}]
Capabilities {acceptInsecureCerts: false, browserName: chrome, browserVersion: 122.0.6261.112, chrome: {chromedriverVersion: 122.0.6261.111 (9d4c1072da6..., userDataDir: C:\Users\bindu\AppData\Loca...}, fedcm:accounts: true, goog:chromeOptions: {debuggerAddress: localhost:61438}, networkConnectionEnabled: false, pageLoadStrategy: normal, platformName: windows, proxy: Proxy(), se:cdp: ws://localhost:61438/devtoo..., se:cdpVersion: 122.0.6261.112, setWindowRect: true, strictFileInteractability: false, timeouts: {implicit: 0, pageLoad: 300000, script: 30000}, unhandledPromptBehavior: dismiss and notify, webauthn:extension:credBlob: true, webauthn:extension:largeBlob: true, webauthn:extension:minPinLength: true, webauthn:extension:prf: true, webauthn:virtualAuthenticators: true}
Element: [[ChromeDriver: chrome on windows (7867a4ca421a85bb408af1afcede3377)] -&gt; xpath: //form[@id=&apos;answer_form&apos;]/div/div/div/textarea]
Session ID: 7867a4ca421a85bb408af1afcede3377
	at java.base/jdk.internal.reflect.DirectConstructorHandleAccessor.newInstance(DirectConstructorHandleAccessor.java:62)
	at java.base/java.lang.reflect.Constructor.newInstanceWithCaller(Constructor.java:502)
	at java.base/java.lang.reflect.Constructor.newInstance(Constructor.java:486)
	at org.openqa.selenium.remote.codec.w3c.W3CHttpResponseCodec.createException(W3CHttpResponseCodec.java:185)
	at org.openqa.selenium.remote.codec.w3c.W3CHttpResponseCodec.decode(W3CHttpResponseCodec.java:134)
	at org.openqa.selenium.remote.codec.w3c.W3CHttpResponseCodec.decode(W3CHttpResponseCodec.java:51)
	at org.openqa.selenium.remote.HttpCommandExecutor.execute(HttpCommandExecutor.java:190)
	at org.openqa.selenium.remote.service.DriverCommandExecutor.invokeExecute(DriverCommandExecutor.java:216)
	at org.openqa.selenium.remote.service.DriverCommandExecutor.execute(DriverCommandExecutor.java:174)
	at org.openqa.selenium.remote.RemoteWebDriver.execute(RemoteWebDriver.java:519)
	at org.openqa.selenium.remote.RemoteWebElement.execute(RemoteWebElement.java:223)
	at org.openqa.selenium.remote.RemoteWebElement.sendKeys(RemoteWebElement.java:110)
	at page_model.TreePageObjects.validCode(TreePageObjects.java:119)
	at stepdefinitions.Tree.user_writes_valid_python_code_with_and_rownumber_in_tree_page_editor(Tree.java:78)
	at âœ½.user writes valid python code with &quot;Python code&quot; and rownumber 0 in tree page editor(file:///C:/Users/bindu/git/DS_ALGO/DS_Algo_Project/src/test/resources/features/2Tree.feature:56)

</div> <!-- stack-trace -->
                  <em>
(Runs Cucumber Scenarios)                  </em>
                </div> <!-- method-content -->
              </div> <!-- method -->
              <div class="method">
                <div class="method-content">
                  <a name="runScenario(&quot;Home Page&quot;, &quot;Data Structure Home page - DS_Introduction&quot;)">
                  </a> <!-- runScenario("Home Page", "Data Structure Home page - DS_Introduction") -->
                  <span class="method-name">runScenario</span>
                  <span class="parameters">("Home Page", "Data Structure Home page - DS_Introduction")</span>
                  <div class="stack-trace">org.openqa.selenium.ElementNotInteractableException: element not interactable
  (Session info: chrome=122.0.6261.112)
Build info: version: &apos;4.17.0&apos;, revision: &apos;e52b1be057*&apos;
System info: os.name: &apos;Windows 11&apos;, os.arch: &apos;amd64&apos;, os.version: &apos;10.0&apos;, java.version: &apos;21.0.2&apos;
Driver info: org.openqa.selenium.chrome.ChromeDriver
Command: [933f121862b2cd8853554279f244cea5, sendKeysToElement {id=f.0DD14CF5DB0D8C43561CE246976875A7.d.F3BC64BCE6445B1066721C5274419460.e.30, value=[Ljava.lang.CharSequence;@5878ed2}]
Capabilities {acceptInsecureCerts: false, browserName: chrome, browserVersion: 122.0.6261.112, chrome: {chromedriverVersion: 122.0.6261.111 (9d4c1072da6..., userDataDir: C:\Users\bindu\AppData\Loca...}, fedcm:accounts: true, goog:chromeOptions: {debuggerAddress: localhost:61728}, networkConnectionEnabled: false, pageLoadStrategy: normal, platformName: windows, proxy: Proxy(), se:cdp: ws://localhost:61728/devtoo..., se:cdpVersion: 122.0.6261.112, setWindowRect: true, strictFileInteractability: false, timeouts: {implicit: 0, pageLoad: 300000, script: 30000}, unhandledPromptBehavior: dismiss and notify, webauthn:extension:credBlob: true, webauthn:extension:largeBlob: true, webauthn:extension:minPinLength: true, webauthn:extension:prf: true, webauthn:virtualAuthenticators: true}
Element: [[ChromeDriver: chrome on windows (933f121862b2cd8853554279f244cea5)] -&gt; xpath: //form[@id=&apos;answer_form&apos;]/div/div/div/textarea]
Session ID: 933f121862b2cd8853554279f244cea5
	at java.base/jdk.internal.reflect.DirectConstructorHandleAccessor.newInstance(DirectConstructorHandleAccessor.java:62)
	at java.base/java.lang.reflect.Constructor.newInstanceWithCaller(Constructor.java:502)
	at java.base/java.lang.reflect.Constructor.newInstance(Constructor.java:486)
	at org.openqa.selenium.remote.codec.w3c.W3CHttpResponseCodec.createException(W3CHttpResponseCodec.java:185)
	at org.openqa.selenium.remote.codec.w3c.W3CHttpResponseCodec.decode(W3CHttpResponseCodec.java:134)
	at org.openqa.selenium.remote.codec.w3c.W3CHttpResponseCodec.decode(W3CHttpResponseCodec.java:51)
	at org.openqa.selenium.remote.HttpCommandExecutor.execute(HttpCommandExecutor.java:190)
	at org.openqa.selenium.remote.service.DriverCommandExecutor.invokeExecute(DriverCommandExecutor.java:216)
	at org.openqa.selenium.remote.service.DriverCommandExecutor.execute(DriverCommandExecutor.java:174)
	at org.openqa.selenium.remote.RemoteWebDriver.execute(RemoteWebDriver.java:519)
	at org.openqa.selenium.remote.RemoteWebElement.execute(RemoteWebElement.java:223)
	at org.openqa.selenium.remote.RemoteWebElement.sendKeys(RemoteWebElement.java:110)
	at page_model.DS_IntroductionPageObjects.invalidCode(DS_IntroductionPageObjects.java:57)
	at stepdefinitions.DS_Introduction.the_user_writes_invalid_code_with_and_rownumber_row_number(DS_Introduction.java:90)
	at âœ½.user adds invalid code with &quot;Python Code&quot; and rownumber 1(file:///C:/Users/bindu/git/DS_ALGO/DS_Algo_Project/src/test/resources/features/3DS_Introduction.feature:14)

</div> <!-- stack-trace -->
                  <em>
(Runs Cucumber Scenarios)                  </em>
                </div> <!-- method-content -->
              </div> <!-- method -->
              <div class="method">
                <div class="method-content">
                  <a name="runScenario(&quot;To check Linked List page functionality&quot;, &quot;Getting Started to Signin DS_Algo Portal&quot;)">
                  </a> <!-- runScenario("To check Linked List page functionality", "Getting Started to Signin DS_Algo Portal") -->
                  <span class="method-name">runScenario</span>
                  <span class="parameters">("To check Linked List page functionality", "Getting Started to Signin DS_Algo Portal")</span>
                  <div class="stack-trace">org.openqa.selenium.ElementNotInteractableException: element not interactable
  (Session info: chrome=122.0.6261.112)
Build info: version: &apos;4.17.0&apos;, revision: &apos;e52b1be057*&apos;
System info: os.name: &apos;Windows 11&apos;, os.arch: &apos;amd64&apos;, os.version: &apos;10.0&apos;, java.version: &apos;21.0.2&apos;
Driver info: org.openqa.selenium.chrome.ChromeDriver
Command: [c28998d3fe4f1fcace4457419ad0aa63, sendKeysToElement {id=f.1DFEDECC32F6C6D79EEA633ECEF9320D.d.DDC4498793C993CCF2D840767E8A24EE.e.28, value=[Ljava.lang.CharSequence;@40c99053}]
Capabilities {acceptInsecureCerts: false, browserName: chrome, browserVersion: 122.0.6261.112, chrome: {chromedriverVersion: 122.0.6261.111 (9d4c1072da6..., userDataDir: C:\Users\bindu\AppData\Loca...}, fedcm:accounts: true, goog:chromeOptions: {debuggerAddress: localhost:62025}, networkConnectionEnabled: false, pageLoadStrategy: normal, platformName: windows, proxy: Proxy(), se:cdp: ws://localhost:62025/devtoo..., se:cdpVersion: 122.0.6261.112, setWindowRect: true, strictFileInteractability: false, timeouts: {implicit: 0, pageLoad: 300000, script: 30000}, unhandledPromptBehavior: dismiss and notify, webauthn:extension:credBlob: true, webauthn:extension:largeBlob: true, webauthn:extension:minPinLength: true, webauthn:extension:prf: true, webauthn:virtualAuthenticators: true}
Element: [[ChromeDriver: chrome on windows (c28998d3fe4f1fcace4457419ad0aa63)] -&gt; xpath: //form[@id=&apos;answer_form&apos;]/div/div/div/textarea]
Session ID: c28998d3fe4f1fcace4457419ad0aa63
	at java.base/jdk.internal.reflect.DirectConstructorHandleAccessor.newInstance(DirectConstructorHandleAccessor.java:62)
	at java.base/java.lang.reflect.Constructor.newInstanceWithCaller(Constructor.java:502)
	at java.base/java.lang.reflect.Constructor.newInstance(Constructor.java:486)
	at org.openqa.selenium.remote.codec.w3c.W3CHttpResponseCodec.createException(W3CHttpResponseCodec.java:185)
	at org.openqa.selenium.remote.codec.w3c.W3CHttpResponseCodec.decode(W3CHttpResponseCodec.java:134)
	at org.openqa.selenium.remote.codec.w3c.W3CHttpResponseCodec.decode(W3CHttpResponseCodec.java:51)
	at org.openqa.selenium.remote.HttpCommandExecutor.execute(HttpCommandExecutor.java:190)
	at org.openqa.selenium.remote.service.DriverCommandExecutor.invokeExecute(DriverCommandExecutor.java:216)
	at org.openqa.selenium.remote.service.DriverCommandExecutor.execute(DriverCommandExecutor.java:174)
	at org.openqa.selenium.remote.RemoteWebDriver.execute(RemoteWebDriver.java:519)
	at org.openqa.selenium.remote.RemoteWebElement.execute(RemoteWebElement.java:223)
	at org.openqa.selenium.remote.RemoteWebElement.sendKeys(RemoteWebElement.java:110)
	at page_model.Linked_listPageObjects.TextEditor_Intr(Linked_listPageObjects.java:74)
	at stepdefinitions.Linked_list.user_writes_valid_python_code_print_hello_hello(Linked_list.java:49)
	at âœ½.the user writes valid python code print &apos;hello&apos; and hello(file:///C:/Users/bindu/git/DS_ALGO/DS_Algo_Project/src/test/resources/features/5Linked_list.feature:9)

</div> <!-- stack-trace -->
                  <em>
(Runs Cucumber Scenarios)                  </em>
                </div> <!-- method-content -->
              </div> <!-- method -->
              <div class="method">
                <div class="method-content">
                  <a name="runScenario(&quot;The user tries to Register without username and password&quot;, &quot;Registration process of the user&quot;)">
                  </a> <!-- runScenario("The user tries to Register without username and password", "Registration process of the user") -->
                  <span class="method-name">runScenario</span>
                  <span class="parameters">("The user tries to Register without username and password", "Registration process of the user")</span>
                  <div class="stack-trace">org.openqa.selenium.NoSuchElementException: no such element: Unable to locate element: {&quot;method&quot;:&quot;xpath&quot;,&quot;selector&quot;:&quot;//input[@value=&apos;Register&apos;]&quot;}
  (Session info: chrome=122.0.6261.112)
For documentation on this error, please visit: https://www.selenium.dev/documentation/webdriver/troubleshooting/errors#no-such-element-exception
Build info: version: &apos;4.17.0&apos;, revision: &apos;e52b1be057*&apos;
System info: os.name: &apos;Windows 11&apos;, os.arch: &apos;amd64&apos;, os.version: &apos;10.0&apos;, java.version: &apos;21.0.2&apos;
Driver info: org.openqa.selenium.chrome.ChromeDriver
Command: [b4c2f48f243d5b57a7a3496027de609c, findElement {using=xpath, value=//input[@value=&apos;Register&apos;]}]
Capabilities {acceptInsecureCerts: false, browserName: chrome, browserVersion: 122.0.6261.112, chrome: {chromedriverVersion: 122.0.6261.111 (9d4c1072da6..., userDataDir: C:\Users\bindu\AppData\Loca...}, fedcm:accounts: true, goog:chromeOptions: {debuggerAddress: localhost:62970}, networkConnectionEnabled: false, pageLoadStrategy: normal, platformName: windows, proxy: Proxy(), se:cdp: ws://localhost:62970/devtoo..., se:cdpVersion: 122.0.6261.112, setWindowRect: true, strictFileInteractability: false, timeouts: {implicit: 0, pageLoad: 300000, script: 30000}, unhandledPromptBehavior: dismiss and notify, webauthn:extension:credBlob: true, webauthn:extension:largeBlob: true, webauthn:extension:minPinLength: true, webauthn:extension:prf: true, webauthn:virtualAuthenticators: true}
Session ID: b4c2f48f243d5b57a7a3496027de609c
	at java.base/jdk.internal.reflect.DirectConstructorHandleAccessor.newInstance(DirectConstructorHandleAccessor.java:62)
	at java.base/java.lang.reflect.Constructor.newInstanceWithCaller(Constructor.java:502)
	at java.base/java.lang.reflect.Constructor.newInstance(Constructor.java:486)
	at org.openqa.selenium.remote.codec.w3c.W3CHttpResponseCodec.createException(W3CHttpResponseCodec.java:185)
	at org.openqa.selenium.remote.codec.w3c.W3CHttpResponseCodec.decode(W3CHttpResponseCodec.java:134)
	at org.openqa.selenium.remote.codec.w3c.W3CHttpResponseCodec.decode(W3CHttpResponseCodec.java:51)
	at org.openqa.selenium.remote.HttpCommandExecutor.execute(HttpCommandExecutor.java:190)
	at org.openqa.selenium.remote.service.DriverCommandExecutor.invokeExecute(DriverCommandExecutor.java:216)
	at org.openqa.selenium.remote.service.DriverCommandExecutor.execute(DriverCommandExecutor.java:174)
	at org.openqa.selenium.remote.RemoteWebDriver.execute(RemoteWebDriver.java:519)
	at org.openqa.selenium.remote.ElementLocation$ElementFinder$2.findElement(ElementLocation.java:165)
	at org.openqa.selenium.remote.ElementLocation.findElement(ElementLocation.java:59)
	at org.openqa.selenium.remote.RemoteWebDriver.findElement(RemoteWebDriver.java:356)
	at org.openqa.selenium.remote.RemoteWebDriver.findElement(RemoteWebDriver.java:350)
	at page_model.RegisterPageObjects.clickRegister(RegisterPageObjects.java:42)
	at stepdefinitions.Register.user_clicks_register_button_with_all_fields_empty(Register.java:44)
	at âœ½.user clicks register button with all fields empty(file:///C:/Users/bindu/git/DS_ALGO/DS_Algo_Project/src/test/resources/features/Register.feature:14)

</div> <!-- stack-trace -->
                  <em>
(Runs Cucumber Scenarios)                  </em>
                </div> <!-- method-content -->
              </div> <!-- method -->
              <div class="method">
                <div class="method-content">
                  <a name="runScenario(&quot;To check Tree page functionality-Binary tree traversals&quot;, &quot;To test the functionality of tree struct...)">
                  </a> <!-- runScenario("To check Tree page functionality-Binary tree traversals", "To test the functionality of tree struct...) -->
                  <span class="method-name">runScenario</span>
                  <span class="parameters">("To check Tree page functionality-Binary tree traversals", "To test the functionality of tree structure")</span>
                  <div class="stack-trace">org.openqa.selenium.ElementNotInteractableException: element not interactable
  (Session info: chrome=122.0.6261.112)
Build info: version: &apos;4.17.0&apos;, revision: &apos;e52b1be057*&apos;
System info: os.name: &apos;Windows 11&apos;, os.arch: &apos;amd64&apos;, os.version: &apos;10.0&apos;, java.version: &apos;21.0.2&apos;
Driver info: org.openqa.selenium.chrome.ChromeDriver
Command: [e5f06429dc2080d6e0397d3e882b3182, sendKeysToElement {id=f.088259EE23AAD6040A4787FC4A0E7D1F.d.5A184D633E9D79A4F247B924B1740F84.e.25, value=[Ljava.lang.CharSequence;@64e9bcda}]
Capabilities {acceptInsecureCerts: false, browserName: chrome, browserVersion: 122.0.6261.112, chrome: {chromedriverVersion: 122.0.6261.111 (9d4c1072da6..., userDataDir: C:\Users\bindu\AppData\Loca...}, fedcm:accounts: true, goog:chromeOptions: {debuggerAddress: localhost:61617}, networkConnectionEnabled: false, pageLoadStrategy: normal, platformName: windows, proxy: Proxy(), se:cdp: ws://localhost:61617/devtoo..., se:cdpVersion: 122.0.6261.112, setWindowRect: true, strictFileInteractability: false, timeouts: {implicit: 0, pageLoad: 300000, script: 30000}, unhandledPromptBehavior: dismiss and notify, webauthn:extension:credBlob: true, webauthn:extension:largeBlob: true, webauthn:extension:minPinLength: true, webauthn:extension:prf: true, webauthn:virtualAuthenticators: true}
Element: [[ChromeDriver: chrome on windows (e5f06429dc2080d6e0397d3e882b3182)] -&gt; xpath: //form[@id=&apos;answer_form&apos;]/div/div/div/textarea]
Session ID: e5f06429dc2080d6e0397d3e882b3182
	at java.base/jdk.internal.reflect.DirectConstructorHandleAccessor.newInstance(DirectConstructorHandleAccessor.java:62)
	at java.base/java.lang.reflect.Constructor.newInstanceWithCaller(Constructor.java:502)
	at java.base/java.lang.reflect.Constructor.newInstance(Constructor.java:486)
	at org.openqa.selenium.remote.codec.w3c.W3CHttpResponseCodec.createException(W3CHttpResponseCodec.java:185)
	at org.openqa.selenium.remote.codec.w3c.W3CHttpResponseCodec.decode(W3CHttpResponseCodec.java:134)
	at org.openqa.selenium.remote.codec.w3c.W3CHttpResponseCodec.decode(W3CHttpResponseCodec.java:51)
	at org.openqa.selenium.remote.HttpCommandExecutor.execute(HttpCommandExecutor.java:190)
	at org.openqa.selenium.remote.service.DriverCommandExecutor.invokeExecute(DriverCommandExecutor.java:216)
	at org.openqa.selenium.remote.service.DriverCommandExecutor.execute(DriverCommandExecutor.java:174)
	at org.openqa.selenium.remote.RemoteWebDriver.execute(RemoteWebDriver.java:519)
	at org.openqa.selenium.remote.RemoteWebElement.execute(RemoteWebElement.java:223)
	at org.openqa.selenium.remote.RemoteWebElement.sendKeys(RemoteWebElement.java:110)
	at page_model.TreePageObjects.validCode(TreePageObjects.java:119)
	at stepdefinitions.Tree.user_writes_valid_python_code_with_and_rownumber_in_tree_page_editor(Tree.java:78)
	at âœ½.user writes valid python code with &quot;Python code&quot; and rownumber 0 in tree page editor(file:///C:/Users/bindu/git/DS_ALGO/DS_Algo_Project/src/test/resources/features/2Tree.feature:103)

</div> <!-- stack-trace -->
                  <em>
(Runs Cucumber Scenarios)                  </em>
                </div> <!-- method-content -->
              </div> <!-- method -->
              <div class="method">
                <div class="method-content">
                  <a name="runScenario(&quot;inspecting another topic in queue&quot;, &quot;To test graph page&quot;)">
                  </a> <!-- runScenario("inspecting another topic in queue", "To test graph page") -->
                  <span class="method-name">runScenario</span>
                  <span class="parameters">("inspecting another topic in queue", "To test graph page")</span>
                  <div class="stack-trace">org.openqa.selenium.ElementNotInteractableException: element not interactable
  (Session info: chrome=122.0.6261.112)
Build info: version: &apos;4.17.0&apos;, revision: &apos;e52b1be057*&apos;
System info: os.name: &apos;Windows 11&apos;, os.arch: &apos;amd64&apos;, os.version: &apos;10.0&apos;, java.version: &apos;21.0.2&apos;
Driver info: org.openqa.selenium.chrome.ChromeDriver
Command: [4bf7b6532e424b9d03ae0fa949dc89de, sendKeysToElement {id=f.BB8DD27DE41F971D5A7E16D1E6E9FBAA.d.00DCC4BBE675314F17B090D6E0786F10.e.29, value=[Ljava.lang.CharSequence;@37e8e2d2}]
Capabilities {acceptInsecureCerts: false, browserName: chrome, browserVersion: 122.0.6261.112, chrome: {chromedriverVersion: 122.0.6261.111 (9d4c1072da6..., userDataDir: C:\Users\bindu\AppData\Loca...}, fedcm:accounts: true, goog:chromeOptions: {debuggerAddress: localhost:61919}, networkConnectionEnabled: false, pageLoadStrategy: normal, platformName: windows, proxy: Proxy(), se:cdp: ws://localhost:61919/devtoo..., se:cdpVersion: 122.0.6261.112, setWindowRect: true, strictFileInteractability: false, timeouts: {implicit: 0, pageLoad: 300000, script: 30000}, unhandledPromptBehavior: dismiss and notify, webauthn:extension:credBlob: true, webauthn:extension:largeBlob: true, webauthn:extension:minPinLength: true, webauthn:extension:prf: true, webauthn:virtualAuthenticators: true}
Element: [[ChromeDriver: chrome on windows (4bf7b6532e424b9d03ae0fa949dc89de)] -&gt; xpath: //form[@id=&apos;answer_form&apos;]/div/div/div/textarea]
Session ID: 4bf7b6532e424b9d03ae0fa949dc89de
	at java.base/jdk.internal.reflect.DirectConstructorHandleAccessor.newInstance(DirectConstructorHandleAccessor.java:62)
	at java.base/java.lang.reflect.Constructor.newInstanceWithCaller(Constructor.java:502)
	at java.base/java.lang.reflect.Constructor.newInstance(Constructor.java:486)
	at org.openqa.selenium.remote.codec.w3c.W3CHttpResponseCodec.createException(W3CHttpResponseCodec.java:185)
	at org.openqa.selenium.remote.codec.w3c.W3CHttpResponseCodec.decode(W3CHttpResponseCodec.java:134)
	at org.openqa.selenium.remote.codec.w3c.W3CHttpResponseCodec.decode(W3CHttpResponseCodec.java:51)
	at org.openqa.selenium.remote.HttpCommandExecutor.execute(HttpCommandExecutor.java:190)
	at org.openqa.selenium.remote.service.DriverCommandExecutor.invokeExecute(DriverCommandExecutor.java:216)
	at org.openqa.selenium.remote.service.DriverCommandExecutor.execute(DriverCommandExecutor.java:174)
	at org.openqa.selenium.remote.RemoteWebDriver.execute(RemoteWebDriver.java:519)
	at org.openqa.selenium.remote.RemoteWebElement.execute(RemoteWebElement.java:223)
	at org.openqa.selenium.remote.RemoteWebElement.sendKeys(RemoteWebElement.java:110)
	at page_model.GraphPageObjects.invalidCode(GraphPageObjects.java:79)
	at stepdefinitions.Graph.user_writes_invalid_python_code_with_and_rownumber_in_graph_page(Graph.java:99)
	at âœ½.user writes invalid python code with &quot;Python code&quot; and rownumber 1 in graph page(file:///C:/Users/bindu/git/DS_ALGO/DS_Algo_Project/src/test/resources/features/4Graph.feature:24)

</div> <!-- stack-trace -->
                  <em>
(Runs Cucumber Scenarios)                  </em>
                </div> <!-- method-content -->
              </div> <!-- method -->
              <div class="method">
                <div class="method-content">
                  <a name="runScenario(&quot;To check Stack page functionality-operations in stack&quot;, &quot;Stack page functionality&quot;)">
                  </a> <!-- runScenario("To check Stack page functionality-operations in stack", "Stack page functionality") -->
                  <span class="method-name">runScenario</span>
                  <span class="parameters">("To check Stack page functionality-operations in stack", "Stack page functionality")</span>
                  <div class="stack-trace">org.openqa.selenium.ElementNotInteractableException: element not interactable
  (Session info: chrome=122.0.6261.112)
Build info: version: &apos;4.17.0&apos;, revision: &apos;e52b1be057*&apos;
System info: os.name: &apos;Windows 11&apos;, os.arch: &apos;amd64&apos;, os.version: &apos;10.0&apos;, java.version: &apos;21.0.2&apos;
Driver info: org.openqa.selenium.chrome.ChromeDriver
Command: [c5005f88363793a658ecb27cd4ad3390, sendKeysToElement {id=f.07F8AA37199B61A750B447EADB063A07.d.9041408B003FC727AE53A479CE32A1C4.e.32, value=[Ljava.lang.CharSequence;@15ce5a85}]
Capabilities {acceptInsecureCerts: false, browserName: chrome, browserVersion: 122.0.6261.112, chrome: {chromedriverVersion: 122.0.6261.111 (9d4c1072da6..., userDataDir: C:\Users\bindu\AppData\Loca...}, fedcm:accounts: true, goog:chromeOptions: {debuggerAddress: localhost:62357}, networkConnectionEnabled: false, pageLoadStrategy: normal, platformName: windows, proxy: Proxy(), se:cdp: ws://localhost:62357/devtoo..., se:cdpVersion: 122.0.6261.112, setWindowRect: true, strictFileInteractability: false, timeouts: {implicit: 0, pageLoad: 300000, script: 30000}, unhandledPromptBehavior: dismiss and notify, webauthn:extension:credBlob: true, webauthn:extension:largeBlob: true, webauthn:extension:minPinLength: true, webauthn:extension:prf: true, webauthn:virtualAuthenticators: true}
Element: [[ChromeDriver: chrome on windows (c5005f88363793a658ecb27cd4ad3390)] -&gt; xpath: //form[@id=&apos;answer_form&apos;]/div/div/div/textarea]
Session ID: c5005f88363793a658ecb27cd4ad3390
	at java.base/jdk.internal.reflect.DirectConstructorHandleAccessor.newInstance(DirectConstructorHandleAccessor.java:62)
	at java.base/java.lang.reflect.Constructor.newInstanceWithCaller(Constructor.java:502)
	at java.base/java.lang.reflect.Constructor.newInstance(Constructor.java:486)
	at org.openqa.selenium.remote.codec.w3c.W3CHttpResponseCodec.createException(W3CHttpResponseCodec.java:185)
	at org.openqa.selenium.remote.codec.w3c.W3CHttpResponseCodec.decode(W3CHttpResponseCodec.java:134)
	at org.openqa.selenium.remote.codec.w3c.W3CHttpResponseCodec.decode(W3CHttpResponseCodec.java:51)
	at org.openqa.selenium.remote.HttpCommandExecutor.execute(HttpCommandExecutor.java:190)
	at org.openqa.selenium.remote.service.DriverCommandExecutor.invokeExecute(DriverCommandExecutor.java:216)
	at org.openqa.selenium.remote.service.DriverCommandExecutor.execute(DriverCommandExecutor.java:174)
	at org.openqa.selenium.remote.RemoteWebDriver.execute(RemoteWebDriver.java:519)
	at org.openqa.selenium.remote.RemoteWebElement.execute(RemoteWebElement.java:223)
	at org.openqa.selenium.remote.RemoteWebElement.sendKeys(RemoteWebElement.java:110)
	at page_model.StackPageObjects.validCode(StackPageObjects.java:80)
	at stepdefinitions.Stack.user_writes_valid_python_code_with_and_rownumber(Stack.java:81)
	at âœ½.user writes valid python code with &quot;Python code&quot; and rownumber 0(file:///C:/Users/bindu/git/DS_ALGO/DS_Algo_Project/src/test/resources/features/6Stack.feature:13)

</div> <!-- stack-trace -->
                  <em>
(Runs Cucumber Scenarios)                  </em>
                </div> <!-- method-content -->
              </div> <!-- method -->
              <div class="method">
                <div class="method-content">
                  <a name="runScenario(&quot;Gettin started in Queue with other topic&quot;, &quot;Data Structure Home page&quot;)">
                  </a> <!-- runScenario("Gettin started in Queue with other topic", "Data Structure Home page") -->
                  <span class="method-name">runScenario</span>
                  <span class="parameters">("Gettin started in Queue with other topic", "Data Structure Home page")</span>
                  <div class="stack-trace">org.openqa.selenium.ElementNotInteractableException: element not interactable
  (Session info: chrome=122.0.6261.112)
Build info: version: &apos;4.17.0&apos;, revision: &apos;e52b1be057*&apos;
System info: os.name: &apos;Windows 11&apos;, os.arch: &apos;amd64&apos;, os.version: &apos;10.0&apos;, java.version: &apos;21.0.2&apos;
Driver info: org.openqa.selenium.chrome.ChromeDriver
Command: [42164e3db3cedf2dcce1b2fab8a5d99b, sendKeysToElement {id=f.3955E8FCA3C8AD51101915DF49B758C9.d.8106F617789F3259FC0B6252339DE61B.e.27, value=[Ljava.lang.CharSequence;@4872575c}]
Capabilities {acceptInsecureCerts: false, browserName: chrome, browserVersion: 122.0.6261.112, chrome: {chromedriverVersion: 122.0.6261.111 (9d4c1072da6..., userDataDir: C:\Users\bindu\AppData\Loca...}, fedcm:accounts: true, goog:chromeOptions: {debuggerAddress: localhost:62585}, networkConnectionEnabled: false, pageLoadStrategy: normal, platformName: windows, proxy: Proxy(), se:cdp: ws://localhost:62585/devtoo..., se:cdpVersion: 122.0.6261.112, setWindowRect: true, strictFileInteractability: false, timeouts: {implicit: 0, pageLoad: 300000, script: 30000}, unhandledPromptBehavior: dismiss and notify, webauthn:extension:credBlob: true, webauthn:extension:largeBlob: true, webauthn:extension:minPinLength: true, webauthn:extension:prf: true, webauthn:virtualAuthenticators: true}
Element: [[ChromeDriver: chrome on windows (42164e3db3cedf2dcce1b2fab8a5d99b)] -&gt; xpath: //form[@id=&apos;answer_form&apos;]/div/div/div/textarea]
Session ID: 42164e3db3cedf2dcce1b2fab8a5d99b
	at java.base/jdk.internal.reflect.DirectConstructorHandleAccessor.newInstance(DirectConstructorHandleAccessor.java:62)
	at java.base/java.lang.reflect.Constructor.newInstanceWithCaller(Constructor.java:502)
	at java.base/java.lang.reflect.Constructor.newInstance(Constructor.java:486)
	at org.openqa.selenium.remote.codec.w3c.W3CHttpResponseCodec.createException(W3CHttpResponseCodec.java:185)
	at org.openqa.selenium.remote.codec.w3c.W3CHttpResponseCodec.decode(W3CHttpResponseCodec.java:134)
	at org.openqa.selenium.remote.codec.w3c.W3CHttpResponseCodec.decode(W3CHttpResponseCodec.java:51)
	at org.openqa.selenium.remote.HttpCommandExecutor.execute(HttpCommandExecutor.java:190)
	at org.openqa.selenium.remote.service.DriverCommandExecutor.invokeExecute(DriverCommandExecutor.java:216)
	at org.openqa.selenium.remote.service.DriverCommandExecutor.execute(DriverCommandExecutor.java:174)
	at org.openqa.selenium.remote.RemoteWebDriver.execute(RemoteWebDriver.java:519)
	at org.openqa.selenium.remote.RemoteWebElement.execute(RemoteWebElement.java:223)
	at org.openqa.selenium.remote.RemoteWebElement.sendKeys(RemoteWebElement.java:110)
	at page_model.QueuePageObjects.validCode(QueuePageObjects.java:66)
	at stepdefinitions.Queue.user_writes_valid_python_code_with_and_rownumber_in_queue_page(Queue.java:78)
	at âœ½.user writes valid python code with &quot;Python code&quot; and rownumber 0 in queue page(file:///C:/Users/bindu/git/DS_ALGO/DS_Algo_Project/src/test/resources/features/7Queue.feature:27)

</div> <!-- stack-trace -->
                  <em>
(Runs Cucumber Scenarios)                  </em>
                </div> <!-- method-content -->
              </div> <!-- method -->
              <div class="method">
                <div class="method-content">
                  <a name="runScenario(&quot;Getting started in Queue&quot;, &quot;Data Structure Home page&quot;)">
                  </a> <!-- runScenario("Getting started in Queue", "Data Structure Home page") -->
                  <span class="method-name">runScenario</span>
                  <span class="parameters">("Getting started in Queue", "Data Structure Home page")</span>
                  <div class="stack-trace">org.openqa.selenium.ElementNotInteractableException: element not interactable
  (Session info: chrome=122.0.6261.112)
Build info: version: &apos;4.17.0&apos;, revision: &apos;e52b1be057*&apos;
System info: os.name: &apos;Windows 11&apos;, os.arch: &apos;amd64&apos;, os.version: &apos;10.0&apos;, java.version: &apos;21.0.2&apos;
Driver info: org.openqa.selenium.chrome.ChromeDriver
Command: [3b3c2d66f5b365b89704aeac6b5abafb, sendKeysToElement {id=f.73A1F75F1CFC6E6CDA77DDB590DB5959.d.503FAD3922900304CF7D940DC51CB71E.e.28, value=[Ljava.lang.CharSequence;@7fbccce6}]
Capabilities {acceptInsecureCerts: false, browserName: chrome, browserVersion: 122.0.6261.112, chrome: {chromedriverVersion: 122.0.6261.111 (9d4c1072da6..., userDataDir: C:\Users\bindu\AppData\Loca...}, fedcm:accounts: true, goog:chromeOptions: {debuggerAddress: localhost:62723}, networkConnectionEnabled: false, pageLoadStrategy: normal, platformName: windows, proxy: Proxy(), se:cdp: ws://localhost:62723/devtoo..., se:cdpVersion: 122.0.6261.112, setWindowRect: true, strictFileInteractability: false, timeouts: {implicit: 0, pageLoad: 300000, script: 30000}, unhandledPromptBehavior: dismiss and notify, webauthn:extension:credBlob: true, webauthn:extension:largeBlob: true, webauthn:extension:minPinLength: true, webauthn:extension:prf: true, webauthn:virtualAuthenticators: true}
Element: [[ChromeDriver: chrome on windows (3b3c2d66f5b365b89704aeac6b5abafb)] -&gt; xpath: //form[@id=&apos;answer_form&apos;]/div/div/div/textarea]
Session ID: 3b3c2d66f5b365b89704aeac6b5abafb
	at java.base/jdk.internal.reflect.DirectConstructorHandleAccessor.newInstance(DirectConstructorHandleAccessor.java:62)
	at java.base/java.lang.reflect.Constructor.newInstanceWithCaller(Constructor.java:502)
	at java.base/java.lang.reflect.Constructor.newInstance(Constructor.java:486)
	at org.openqa.selenium.remote.codec.w3c.W3CHttpResponseCodec.createException(W3CHttpResponseCodec.java:185)
	at org.openqa.selenium.remote.codec.w3c.W3CHttpResponseCodec.decode(W3CHttpResponseCodec.java:134)
	at org.openqa.selenium.remote.codec.w3c.W3CHttpResponseCodec.decode(W3CHttpResponseCodec.java:51)
	at org.openqa.selenium.remote.HttpCommandExecutor.execute(HttpCommandExecutor.java:190)
	at org.openqa.selenium.remote.service.DriverCommandExecutor.invokeExecute(DriverCommandExecutor.java:216)
	at org.openqa.selenium.remote.service.DriverCommandExecutor.execute(DriverCommandExecutor.java:174)
	at org.openqa.selenium.remote.RemoteWebDriver.execute(RemoteWebDriver.java:519)
	at org.openqa.selenium.remote.RemoteWebElement.execute(RemoteWebElement.java:223)
	at org.openqa.selenium.remote.RemoteWebElement.sendKeys(RemoteWebElement.java:110)
	at page_model.QueuePageObjects.validCode(QueuePageObjects.java:66)
	at stepdefinitions.Queue.user_writes_valid_python_code_with_and_rownumber_in_queue_page(Queue.java:78)
	at âœ½.user writes valid python code with &quot;Python code&quot; and rownumber 0 in queue page(file:///C:/Users/bindu/git/DS_ALGO/DS_Algo_Project/src/test/resources/features/7Queue.feature:58)

</div> <!-- stack-trace -->
                  <em>
(Runs Cucumber Scenarios)                  </em>
                </div> <!-- method-content -->
              </div> <!-- method -->
              <div class="method">
                <div class="method-content">
                  <a name="runScenario(&quot;The user tries to Register&quot;, &quot;Registration process of the user&quot;)">
                  </a> <!-- runScenario("The user tries to Register", "Registration process of the user") -->
                  <span class="method-name">runScenario</span>
                  <span class="parameters">("The user tries to Register", "Registration process of the user")</span>
                  <div class="stack-trace">org.openqa.selenium.NoSuchElementException: no such element: Unable to locate element: {&quot;method&quot;:&quot;xpath&quot;,&quot;selector&quot;:&quot;//input[@name=&apos;username&apos;]&quot;}
  (Session info: chrome=122.0.6261.112)
For documentation on this error, please visit: https://www.selenium.dev/documentation/webdriver/troubleshooting/errors#no-such-element-exception
Build info: version: &apos;4.17.0&apos;, revision: &apos;e52b1be057*&apos;
System info: os.name: &apos;Windows 11&apos;, os.arch: &apos;amd64&apos;, os.version: &apos;10.0&apos;, java.version: &apos;21.0.2&apos;
Driver info: org.openqa.selenium.chrome.ChromeDriver
Command: [a2de66be43db0c1d977e272cc9d203b6, findElement {using=xpath, value=//input[@name=&apos;username&apos;]}]
Capabilities {acceptInsecureCerts: false, browserName: chrome, browserVersion: 122.0.6261.112, chrome: {chromedriverVersion: 122.0.6261.111 (9d4c1072da6..., userDataDir: C:\Users\bindu\AppData\Loca...}, fedcm:accounts: true, goog:chromeOptions: {debuggerAddress: localhost:63025}, networkConnectionEnabled: false, pageLoadStrategy: normal, platformName: windows, proxy: Proxy(), se:cdp: ws://localhost:63025/devtoo..., se:cdpVersion: 122.0.6261.112, setWindowRect: true, strictFileInteractability: false, timeouts: {implicit: 0, pageLoad: 300000, script: 30000}, unhandledPromptBehavior: dismiss and notify, webauthn:extension:credBlob: true, webauthn:extension:largeBlob: true, webauthn:extension:minPinLength: true, webauthn:extension:prf: true, webauthn:virtualAuthenticators: true}
Session ID: a2de66be43db0c1d977e272cc9d203b6
	at java.base/jdk.internal.reflect.DirectConstructorHandleAccessor.newInstance(DirectConstructorHandleAccessor.java:62)
	at java.base/java.lang.reflect.Constructor.newInstanceWithCaller(Constructor.java:502)
	at java.base/java.lang.reflect.Constructor.newInstance(Constructor.java:486)
	at org.openqa.selenium.remote.codec.w3c.W3CHttpResponseCodec.createException(W3CHttpResponseCodec.java:185)
	at org.openqa.selenium.remote.codec.w3c.W3CHttpResponseCodec.decode(W3CHttpResponseCodec.java:134)
	at org.openqa.selenium.remote.codec.w3c.W3CHttpResponseCodec.decode(W3CHttpResponseCodec.java:51)
	at org.openqa.selenium.remote.HttpCommandExecutor.execute(HttpCommandExecutor.java:190)
	at org.openqa.selenium.remote.service.DriverCommandExecutor.invokeExecute(DriverCommandExecutor.java:216)
	at org.openqa.selenium.remote.service.DriverCommandExecutor.execute(DriverCommandExecutor.java:174)
	at org.openqa.selenium.remote.RemoteWebDriver.execute(RemoteWebDriver.java:519)
	at org.openqa.selenium.remote.ElementLocation$ElementFinder$2.findElement(ElementLocation.java:165)
	at org.openqa.selenium.remote.ElementLocation.findElement(ElementLocation.java:59)
	at org.openqa.selenium.remote.RemoteWebDriver.findElement(RemoteWebDriver.java:356)
	at org.openqa.selenium.remote.RemoteWebDriver.findElement(RemoteWebDriver.java:350)
	at page_model.RegisterPageObjects.clearUsername(RegisterPageObjects.java:46)
	at stepdefinitions.Register.user_clicks_register_button_after_entering_the_user_name_with_space_bar_char_other_than_digits(Register.java:88)
	at âœ½.user clicks register button after entering the user name with space bar char other than digits(file:///C:/Users/bindu/git/DS_ALGO/DS_Algo_Project/src/test/resources/features/Register.feature:26)

</div> <!-- stack-trace -->
                  <em>
(Runs Cucumber Scenarios)                  </em>
                </div> <!-- method-content -->
              </div> <!-- method -->
              <div class="method">
                <div class="method-content">
                  <a name="runScenario(&quot;User tries to click on something on homepage&quot;, &quot;Getting Started to DS_Algo Portal&quot;)">
                  </a> <!-- runScenario("User tries to click on something on homepage", "Getting Started to DS_Algo Portal") -->
                  <span class="method-name">runScenario</span>
                  <span class="parameters">("User tries to click on something on homepage", "Getting Started to DS_Algo Portal")</span>
                  <div class="stack-trace">org.openqa.selenium.NoSuchElementException: no such element: Unable to locate element: {&quot;method&quot;:&quot;xpath&quot;,&quot;selector&quot;:&quot;//div[@class=&apos;alert alert-primary&apos;]&quot;}
  (Session info: chrome=122.0.6261.112)
For documentation on this error, please visit: https://www.selenium.dev/documentation/webdriver/troubleshooting/errors#no-such-element-exception
Build info: version: &apos;4.17.0&apos;, revision: &apos;e52b1be057*&apos;
System info: os.name: &apos;Windows 11&apos;, os.arch: &apos;amd64&apos;, os.version: &apos;10.0&apos;, java.version: &apos;21.0.2&apos;
Driver info: org.openqa.selenium.chrome.ChromeDriver
Command: [09a91d60767f0b8e0aa31bcdea100e44, findElement {using=xpath, value=//div[@class=&apos;alert alert-primary&apos;]}]
Capabilities {acceptInsecureCerts: false, browserName: chrome, browserVersion: 122.0.6261.112, chrome: {chromedriverVersion: 122.0.6261.111 (9d4c1072da6..., userDataDir: C:\Users\bindu\AppData\Loca...}, fedcm:accounts: true, goog:chromeOptions: {debuggerAddress: localhost:63200}, networkConnectionEnabled: false, pageLoadStrategy: normal, platformName: windows, proxy: Proxy(), se:cdp: ws://localhost:63200/devtoo..., se:cdpVersion: 122.0.6261.112, setWindowRect: true, strictFileInteractability: false, timeouts: {implicit: 0, pageLoad: 300000, script: 30000}, unhandledPromptBehavior: dismiss and notify, webauthn:extension:credBlob: true, webauthn:extension:largeBlob: true, webauthn:extension:minPinLength: true, webauthn:extension:prf: true, webauthn:virtualAuthenticators: true}
Session ID: 09a91d60767f0b8e0aa31bcdea100e44
	at java.base/jdk.internal.reflect.DirectConstructorHandleAccessor.newInstance(DirectConstructorHandleAccessor.java:62)
	at java.base/java.lang.reflect.Constructor.newInstanceWithCaller(Constructor.java:502)
	at java.base/java.lang.reflect.Constructor.newInstance(Constructor.java:486)
	at org.openqa.selenium.remote.codec.w3c.W3CHttpResponseCodec.createException(W3CHttpResponseCodec.java:185)
	at org.openqa.selenium.remote.codec.w3c.W3CHttpResponseCodec.decode(W3CHttpResponseCodec.java:134)
	at org.openqa.selenium.remote.codec.w3c.W3CHttpResponseCodec.decode(W3CHttpResponseCodec.java:51)
	at org.openqa.selenium.remote.HttpCommandExecutor.execute(HttpCommandExecutor.java:190)
	at org.openqa.selenium.remote.service.DriverCommandExecutor.invokeExecute(DriverCommandExecutor.java:216)
	at org.openqa.selenium.remote.service.DriverCommandExecutor.execute(DriverCommandExecutor.java:174)
	at org.openqa.selenium.remote.RemoteWebDriver.execute(RemoteWebDriver.java:519)
	at org.openqa.selenium.remote.ElementLocation$ElementFinder$2.findElement(ElementLocation.java:165)
	at org.openqa.selenium.remote.ElementLocation.findElement(ElementLocation.java:59)
	at org.openqa.selenium.remote.RemoteWebDriver.findElement(RemoteWebDriver.java:356)
	at org.openqa.selenium.remote.RemoteWebDriver.findElement(RemoteWebDriver.java:350)
	at page_model.StartpagePageObjects.getAlert(StartpagePageObjects.java:37)
	at stepdefinitions.Startpage.you_are_not_logged_in_statement_is_displayed(Startpage.java:52)
	at âœ½.you are not logged in statement is displayed(file:///C:/Users/bindu/git/DS_ALGO/DS_Algo_Project/src/test/resources/features/Startpage.feature:12)

</div> <!-- stack-trace -->
                  <em>
(Runs Cucumber Scenarios)                  </em>
                </div> <!-- method-content -->
              </div> <!-- method -->
              <div class="method">
                <div class="method-content">
                  <a name="runScenario(&quot;DS_Algo signin page&quot;, &quot;Getting Started to Signin DS_Algo Portal&quot;)">
                  </a> <!-- runScenario("DS_Algo signin page", "Getting Started to Signin DS_Algo Portal") -->
                  <span class="method-name">runScenario</span>
                  <span class="parameters">("DS_Algo signin page", "Getting Started to Signin DS_Algo Portal")</span>
                  <div class="stack-trace">org.openqa.selenium.NoSuchElementException: no such element: Unable to locate element: {&quot;method&quot;:&quot;xpath&quot;,&quot;selector&quot;:&quot;//a[text()=&apos;Sign in&apos;]&quot;}
  (Session info: chrome=122.0.6261.112)
For documentation on this error, please visit: https://www.selenium.dev/documentation/webdriver/troubleshooting/errors#no-such-element-exception
Build info: version: &apos;4.17.0&apos;, revision: &apos;e52b1be057*&apos;
System info: os.name: &apos;Windows 11&apos;, os.arch: &apos;amd64&apos;, os.version: &apos;10.0&apos;, java.version: &apos;21.0.2&apos;
Driver info: org.openqa.selenium.chrome.ChromeDriver
Command: [c0a36fc4242a57ed383fe928120f5f45, findElement {using=xpath, value=//a[text()=&apos;Sign in&apos;]}]
Capabilities {acceptInsecureCerts: false, browserName: chrome, browserVersion: 122.0.6261.112, chrome: {chromedriverVersion: 122.0.6261.111 (9d4c1072da6..., userDataDir: C:\Users\bindu\AppData\Loca...}, fedcm:accounts: true, goog:chromeOptions: {debuggerAddress: localhost:62859}, networkConnectionEnabled: false, pageLoadStrategy: normal, platformName: windows, proxy: Proxy(), se:cdp: ws://localhost:62859/devtoo..., se:cdpVersion: 122.0.6261.112, setWindowRect: true, strictFileInteractability: false, timeouts: {implicit: 0, pageLoad: 300000, script: 30000}, unhandledPromptBehavior: dismiss and notify, webauthn:extension:credBlob: true, webauthn:extension:largeBlob: true, webauthn:extension:minPinLength: true, webauthn:extension:prf: true, webauthn:virtualAuthenticators: true}
Session ID: c0a36fc4242a57ed383fe928120f5f45
	at java.base/jdk.internal.reflect.DirectConstructorHandleAccessor.newInstance(DirectConstructorHandleAccessor.java:62)
	at java.base/java.lang.reflect.Constructor.newInstanceWithCaller(Constructor.java:502)
	at java.base/java.lang.reflect.Constructor.newInstance(Constructor.java:486)
	at org.openqa.selenium.remote.codec.w3c.W3CHttpResponseCodec.createException(W3CHttpResponseCodec.java:185)
	at org.openqa.selenium.remote.codec.w3c.W3CHttpResponseCodec.decode(W3CHttpResponseCodec.java:134)
	at org.openqa.selenium.remote.codec.w3c.W3CHttpResponseCodec.decode(W3CHttpResponseCodec.java:51)
	at org.openqa.selenium.remote.HttpCommandExecutor.execute(HttpCommandExecutor.java:190)
	at org.openqa.selenium.remote.service.DriverCommandExecutor.invokeExecute(DriverCommandExecutor.java:216)
	at org.openqa.selenium.remote.service.DriverCommandExecutor.execute(DriverCommandExecutor.java:174)
	at org.openqa.selenium.remote.RemoteWebDriver.execute(RemoteWebDriver.java:519)
	at org.openqa.selenium.remote.ElementLocation$ElementFinder$2.findElement(ElementLocation.java:165)
	at org.openqa.selenium.remote.ElementLocation.findElement(ElementLocation.java:59)
	at org.openqa.selenium.remote.RemoteWebDriver.findElement(RemoteWebDriver.java:356)
	at org.openqa.selenium.remote.RemoteWebDriver.findElement(RemoteWebDriver.java:350)
	at page_model.LoginPageObjects.clickSignin(LoginPageObjects.java:35)
	at stepdefinitions.Login.the_user_clicks_on_sign_in_button(Login.java:27)
	at âœ½.the user clicks on Sign_in button(file:///C:/Users/bindu/git/DS_ALGO/DS_Algo_Project/src/test/resources/features/Login.feature:5)

</div> <!-- stack-trace -->
                  <em>
(Runs Cucumber Scenarios)                  </em>
                </div> <!-- method-content -->
              </div> <!-- method -->
              <div class="method">
                <div class="method-content">
                  <a name="runScenario(&quot;To check Tree page functionality-overview of tree&quot;, &quot;To test the functionality of tree structure&quot;)">
                  </a> <!-- runScenario("To check Tree page functionality-overview of tree", "To test the functionality of tree structure") -->
                  <span class="method-name">runScenario</span>
                  <span class="parameters">("To check Tree page functionality-overview of tree", "To test the functionality of tree structure")</span>
                  <div class="stack-trace">org.openqa.selenium.ElementNotInteractableException: element not interactable
  (Session info: chrome=122.0.6261.112)
Build info: version: &apos;4.17.0&apos;, revision: &apos;e52b1be057*&apos;
System info: os.name: &apos;Windows 11&apos;, os.arch: &apos;amd64&apos;, os.version: &apos;10.0&apos;, java.version: &apos;21.0.2&apos;
Driver info: org.openqa.selenium.chrome.ChromeDriver
Command: [bb6e5c615615bdb75374abf54fe7b590, sendKeysToElement {id=f.F7454376EE46D7F0C93994965303CC0C.d.9241161534C78BE7F1FF7CA243877C27.e.25, value=[Ljava.lang.CharSequence;@2b09330e}]
Capabilities {acceptInsecureCerts: false, browserName: chrome, browserVersion: 122.0.6261.112, chrome: {chromedriverVersion: 122.0.6261.111 (9d4c1072da6..., userDataDir: C:\Users\bindu\AppData\Loca...}, fedcm:accounts: true, goog:chromeOptions: {debuggerAddress: localhost:61174}, networkConnectionEnabled: false, pageLoadStrategy: normal, platformName: windows, proxy: Proxy(), se:cdp: ws://localhost:61174/devtoo..., se:cdpVersion: 122.0.6261.112, setWindowRect: true, strictFileInteractability: false, timeouts: {implicit: 0, pageLoad: 300000, script: 30000}, unhandledPromptBehavior: dismiss and notify, webauthn:extension:credBlob: true, webauthn:extension:largeBlob: true, webauthn:extension:minPinLength: true, webauthn:extension:prf: true, webauthn:virtualAuthenticators: true}
Element: [[ChromeDriver: chrome on windows (bb6e5c615615bdb75374abf54fe7b590)] -&gt; xpath: //form[@id=&apos;answer_form&apos;]/div/div/div/textarea]
Session ID: bb6e5c615615bdb75374abf54fe7b590
	at java.base/jdk.internal.reflect.DirectConstructorHandleAccessor.newInstance(DirectConstructorHandleAccessor.java:62)
	at java.base/java.lang.reflect.Constructor.newInstanceWithCaller(Constructor.java:502)
	at java.base/java.lang.reflect.Constructor.newInstance(Constructor.java:486)
	at org.openqa.selenium.remote.codec.w3c.W3CHttpResponseCodec.createException(W3CHttpResponseCodec.java:185)
	at org.openqa.selenium.remote.codec.w3c.W3CHttpResponseCodec.decode(W3CHttpResponseCodec.java:134)
	at org.openqa.selenium.remote.codec.w3c.W3CHttpResponseCodec.decode(W3CHttpResponseCodec.java:51)
	at org.openqa.selenium.remote.HttpCommandExecutor.execute(HttpCommandExecutor.java:190)
	at org.openqa.selenium.remote.service.DriverCommandExecutor.invokeExecute(DriverCommandExecutor.java:216)
	at org.openqa.selenium.remote.service.DriverCommandExecutor.execute(DriverCommandExecutor.java:174)
	at org.openqa.selenium.remote.RemoteWebDriver.execute(RemoteWebDriver.java:519)
	at org.openqa.selenium.remote.RemoteWebElement.execute(RemoteWebElement.java:223)
	at org.openqa.selenium.remote.RemoteWebElement.sendKeys(RemoteWebElement.java:110)
	at page_model.TreePageObjects.validCode(TreePageObjects.java:119)
	at stepdefinitions.Tree.user_writes_valid_python_code_with_and_rownumber_in_tree_page_editor(Tree.java:78)
	at âœ½.user writes valid python code with &quot;Python code&quot; and rownumber 0 in tree page editor(file:///C:/Users/bindu/git/DS_ALGO/DS_Algo_Project/src/test/resources/features/2Tree.feature:9)

</div> <!-- stack-trace -->
                  <em>
(Runs Cucumber Scenarios)                  </em>
                </div> <!-- method-content -->
              </div> <!-- method -->
              <div class="method">
                <div class="method-content">
                  <a name="runScenario(&quot;&quot;, &quot;Data Structure Home page - DS_Introduction&quot;)">
                  </a> <!-- runScenario("", "Data Structure Home page - DS_Introduction") -->
                  <span class="method-name">runScenario</span>
                  <span class="parameters">("", "Data Structure Home page - DS_Introduction")</span>
                  <div class="stack-trace">java.lang.IllegalArgumentException: Test name must not be null or empty
	at com.aventstack.extentreports.util.Assert.notEmpty(Assert.java:12)
	at com.aventstack.extentreports.ExtentTest.&lt;init&gt;(ExtentTest.java:96)
	at com.aventstack.extentreports.ExtentTest.createNode(ExtentTest.java:153)
	at com.aventstack.extentreports.cucumber.adapter.ExtentCucumberAdapter.createScenarioOutline(ExtentCucumberAdapter.java:374)
	at com.aventstack.extentreports.cucumber.adapter.ExtentCucumberAdapter.handleScenarioOutline(ExtentCucumberAdapter.java:353)
	at com.aventstack.extentreports.cucumber.adapter.ExtentCucumberAdapter.handleTestCaseStarted(ExtentCucumberAdapter.java:162)
	at com.aventstack.extentreports.cucumber.adapter.ExtentCucumberAdapter$3.receive(ExtentCucumberAdapter.java:107)
	at com.aventstack.extentreports.cucumber.adapter.ExtentCucumberAdapter$3.receive(ExtentCucumberAdapter.java:104)
	at io.cucumber.core.eventbus.AbstractEventPublisher.send(AbstractEventPublisher.java:51)
	at io.cucumber.core.eventbus.AbstractEventBus.send(AbstractEventBus.java:12)
	at io.cucumber.core.runtime.SynchronizedEventBus.send(SynchronizedEventBus.java:47)
	at io.cucumber.core.runtime.ThreadLocalRunnerSupplier$LocalEventBus.send(ThreadLocalRunnerSupplier.java:62)
	at io.cucumber.core.runner.TestCase.emitTestCaseStarted(TestCase.java:206)
	at io.cucumber.core.runner.TestCase.run(TestCase.java:72)
	at io.cucumber.core.runner.Runner.runPickle(Runner.java:75)
	at io.cucumber.testng.TestNGCucumberRunner.lambda$runScenario$1(TestNGCucumberRunner.java:132)
	at io.cucumber.core.runtime.CucumberExecutionContext.lambda$runTestCase$5(CucumberExecutionContext.java:137)
	at io.cucumber.core.runtime.RethrowingThrowableCollector.executeAndThrow(RethrowingThrowableCollector.java:23)
	at io.cucumber.core.runtime.CucumberExecutionContext.runTestCase(CucumberExecutionContext.java:137)
	at io.cucumber.testng.TestNGCucumberRunner.runScenario(TestNGCucumberRunner.java:129)
	at io.cucumber.testng.AbstractTestNGCucumberTests.runScenario(AbstractTestNGCucumberTests.java:35)
	at java.base/jdk.internal.reflect.DirectMethodHandleAccessor.invoke(DirectMethodHandleAccessor.java:103)
	at java.base/java.lang.reflect.Method.invoke(Method.java:580)
	at org.testng.internal.MethodInvocationHelper.invokeMethod(MethodInvocationHelper.java:108)
	at org.testng.internal.Invoker.invokeMethod(Invoker.java:661)
	at org.testng.internal.Invoker.invokeTestMethod(Invoker.java:869)
	at org.testng.internal.TestMethodWithDataProviderMethodWorker.call(TestMethodWithDataProviderMethodWorker.java:75)
	at org.testng.internal.TestMethodWithDataProviderMethodWorker.call(TestMethodWithDataProviderMethodWorker.java:14)
	at java.base/java.util.concurrent.FutureTask.run(FutureTask.java:317)
	at java.base/java.util.concurrent.Executors$RunnableAdapter.call(Executors.java:572)
	at java.base/java.util.concurrent.FutureTask.run(FutureTask.java:317)
	at java.base/java.util.concurrent.ThreadPoolExecutor.runWorker(ThreadPoolExecutor.java:1144)
	at java.base/java.util.concurrent.ThreadPoolExecutor$Worker.run(ThreadPoolExecutor.java:642)
	at java.base/java.lang.Thread.run(Thread.java:1583)

</div> <!-- stack-trace -->
                  <em>
(Runs Cucumber Scenarios)                  </em>
                </div> <!-- method-content -->
              </div> <!-- method -->
              <div class="method">
                <div class="method-content">
                  <a name="runScenario(&quot;To check Linked List page functionality&quot;, &quot;Getting Started to Signin DS_Algo Portal&quot;)">
                  </a> <!-- runScenario("To check Linked List page functionality", "Getting Started to Signin DS_Algo Portal") -->
                  <span class="method-name">runScenario</span>
                  <span class="parameters">("To check Linked List page functionality", "Getting Started to Signin DS_Algo Portal")</span>
                  <div class="stack-trace">org.openqa.selenium.ElementNotInteractableException: element not interactable
  (Session info: chrome=122.0.6261.112)
Build info: version: &apos;4.17.0&apos;, revision: &apos;e52b1be057*&apos;
System info: os.name: &apos;Windows 11&apos;, os.arch: &apos;amd64&apos;, os.version: &apos;10.0&apos;, java.version: &apos;21.0.2&apos;
Driver info: org.openqa.selenium.chrome.ChromeDriver
Command: [9536da14b97b23a207f719f557710f89, sendKeysToElement {id=f.67434DF0693023E9D666B15F3E5C5BAD.d.C9450AB100E1095956006D3B030D1380.e.28, value=[Ljava.lang.CharSequence;@779d68b0}]
Capabilities {acceptInsecureCerts: false, browserName: chrome, browserVersion: 122.0.6261.112, chrome: {chromedriverVersion: 122.0.6261.111 (9d4c1072da6..., userDataDir: C:\Users\bindu\AppData\Loca...}, fedcm:accounts: true, goog:chromeOptions: {debuggerAddress: localhost:62114}, networkConnectionEnabled: false, pageLoadStrategy: normal, platformName: windows, proxy: Proxy(), se:cdp: ws://localhost:62114/devtoo..., se:cdpVersion: 122.0.6261.112, setWindowRect: true, strictFileInteractability: false, timeouts: {implicit: 0, pageLoad: 300000, script: 30000}, unhandledPromptBehavior: dismiss and notify, webauthn:extension:credBlob: true, webauthn:extension:largeBlob: true, webauthn:extension:minPinLength: true, webauthn:extension:prf: true, webauthn:virtualAuthenticators: true}
Element: [[ChromeDriver: chrome on windows (9536da14b97b23a207f719f557710f89)] -&gt; xpath: //form[@id=&apos;answer_form&apos;]/div/div/div/textarea]
Session ID: 9536da14b97b23a207f719f557710f89
	at java.base/jdk.internal.reflect.DirectConstructorHandleAccessor.newInstance(DirectConstructorHandleAccessor.java:62)
	at java.base/java.lang.reflect.Constructor.newInstanceWithCaller(Constructor.java:502)
	at java.base/java.lang.reflect.Constructor.newInstance(Constructor.java:486)
	at org.openqa.selenium.remote.codec.w3c.W3CHttpResponseCodec.createException(W3CHttpResponseCodec.java:185)
	at org.openqa.selenium.remote.codec.w3c.W3CHttpResponseCodec.decode(W3CHttpResponseCodec.java:134)
	at org.openqa.selenium.remote.codec.w3c.W3CHttpResponseCodec.decode(W3CHttpResponseCodec.java:51)
	at org.openqa.selenium.remote.HttpCommandExecutor.execute(HttpCommandExecutor.java:190)
	at org.openqa.selenium.remote.service.DriverCommandExecutor.invokeExecute(DriverCommandExecutor.java:216)
	at org.openqa.selenium.remote.service.DriverCommandExecutor.execute(DriverCommandExecutor.java:174)
	at org.openqa.selenium.remote.RemoteWebDriver.execute(RemoteWebDriver.java:519)
	at org.openqa.selenium.remote.RemoteWebElement.execute(RemoteWebElement.java:223)
	at org.openqa.selenium.remote.RemoteWebElement.sendKeys(RemoteWebElement.java:110)
	at page_model.Linked_listPageObjects.TextEditor_Intr1(Linked_listPageObjects.java:78)
	at stepdefinitions.Linked_list.user_writes_invalid_python_code_print_hello_alert(Linked_list.java:57)
	at âœ½.the user writes invalid python code print hello and alert(file:///C:/Users/bindu/git/DS_ALGO/DS_Algo_Project/src/test/resources/features/5Linked_list.feature:23)

</div> <!-- stack-trace -->
                  <em>
(Runs Cucumber Scenarios)                  </em>
                </div> <!-- method-content -->
              </div> <!-- method -->
              <div class="method">
                <div class="method-content">
                  <a name="runScenario(&quot;The user tries to Register&quot;, &quot;Registration process of the user&quot;)">
                  </a> <!-- runScenario("The user tries to Register", "Registration process of the user") -->
                  <span class="method-name">runScenario</span>
                  <span class="parameters">("The user tries to Register", "Registration process of the user")</span>
                  <div class="stack-trace">org.openqa.selenium.NoSuchElementException: no such element: Unable to locate element: {&quot;method&quot;:&quot;xpath&quot;,&quot;selector&quot;:&quot;//input[@name=&apos;password1&apos;]&quot;}
  (Session info: chrome=122.0.6261.112)
For documentation on this error, please visit: https://www.selenium.dev/documentation/webdriver/troubleshooting/errors#no-such-element-exception
Build info: version: &apos;4.17.0&apos;, revision: &apos;e52b1be057*&apos;
System info: os.name: &apos;Windows 11&apos;, os.arch: &apos;amd64&apos;, os.version: &apos;10.0&apos;, java.version: &apos;21.0.2&apos;
Driver info: org.openqa.selenium.chrome.ChromeDriver
Command: [a811b2ff0ba66afb4b9affafb1b7f6f0, findElement {using=xpath, value=//input[@name=&apos;password1&apos;]}]
Capabilities {acceptInsecureCerts: false, browserName: chrome, browserVersion: 122.0.6261.112, chrome: {chromedriverVersion: 122.0.6261.111 (9d4c1072da6..., userDataDir: C:\Users\bindu\AppData\Loca...}, fedcm:accounts: true, goog:chromeOptions: {debuggerAddress: localhost:63013}, networkConnectionEnabled: false, pageLoadStrategy: normal, platformName: windows, proxy: Proxy(), se:cdp: ws://localhost:63013/devtoo..., se:cdpVersion: 122.0.6261.112, setWindowRect: true, strictFileInteractability: false, timeouts: {implicit: 0, pageLoad: 300000, script: 30000}, unhandledPromptBehavior: dismiss and notify, webauthn:extension:credBlob: true, webauthn:extension:largeBlob: true, webauthn:extension:minPinLength: true, webauthn:extension:prf: true, webauthn:virtualAuthenticators: true}
Session ID: a811b2ff0ba66afb4b9affafb1b7f6f0
	at java.base/jdk.internal.reflect.DirectConstructorHandleAccessor.newInstance(DirectConstructorHandleAccessor.java:62)
	at java.base/java.lang.reflect.Constructor.newInstanceWithCaller(Constructor.java:502)
	at java.base/java.lang.reflect.Constructor.newInstance(Constructor.java:486)
	at org.openqa.selenium.remote.codec.w3c.W3CHttpResponseCodec.createException(W3CHttpResponseCodec.java:185)
	at org.openqa.selenium.remote.codec.w3c.W3CHttpResponseCodec.decode(W3CHttpResponseCodec.java:134)
	at org.openqa.selenium.remote.codec.w3c.W3CHttpResponseCodec.decode(W3CHttpResponseCodec.java:51)
	at org.openqa.selenium.remote.HttpCommandExecutor.execute(HttpCommandExecutor.java:190)
	at org.openqa.selenium.remote.service.DriverCommandExecutor.invokeExecute(DriverCommandExecutor.java:216)
	at org.openqa.selenium.remote.service.DriverCommandExecutor.execute(DriverCommandExecutor.java:174)
	at org.openqa.selenium.remote.RemoteWebDriver.execute(RemoteWebDriver.java:519)
	at org.openqa.selenium.remote.ElementLocation$ElementFinder$2.findElement(ElementLocation.java:165)
	at org.openqa.selenium.remote.ElementLocation.findElement(ElementLocation.java:59)
	at org.openqa.selenium.remote.RemoteWebDriver.findElement(RemoteWebDriver.java:356)
	at org.openqa.selenium.remote.RemoteWebDriver.findElement(RemoteWebDriver.java:350)
	at page_model.RegisterPageObjects.enterPassword(RegisterPageObjects.java:38)
	at stepdefinitions.Register.the_user_clicks_register_button_after_entering_user_name_and_password_with_password_confirmation_field_empty(Register.java:75)
	at âœ½.the user clicks register button after entering user name and password with password confirmation field empty(file:///C:/Users/bindu/git/DS_ALGO/DS_Algo_Project/src/test/resources/features/Register.feature:21)

</div> <!-- stack-trace -->
                  <em>
(Runs Cucumber Scenarios)                  </em>
                </div> <!-- method-content -->
              </div> <!-- method -->
            </div> <!-- main-panel-content rounded-window-bottom -->
          </div> <!-- suite-Default_suite-class-failed -->
          <div class="suite-Default_suite-class-passed">
            <div class="main-panel-header rounded-window-top">
              <img src="passed.png"/>
              <span class="class-name">runner.TestNGRunner</span>
            </div> <!-- main-panel-header rounded-window-top -->
            <div class="main-panel-content rounded-window-bottom">
              <div class="method">
                <div class="method-content">
                  <a name="runScenario(&quot;Clicking the get started in Queue&quot;, &quot;Data Structure Home page&quot;)">
                  </a> <!-- runScenario("Clicking the get started in Queue", "Data Structure Home page") -->
                  <span class="method-name">runScenario</span>
                  <span class="parameters">("Clicking the get started in Queue", "Data Structure Home page")</span>
                  <em>
(Runs Cucumber Scenarios)                  </em>
                </div> <!-- method-content -->
              </div> <!-- method -->
              <div class="method">
                <div class="method-content">
                  <a name="runScenario(&quot;Verify Practice Question 4 page has the question, code editor, run and submit buttons&quot;, &quot;Testing th...)">
                  </a> <!-- runScenario("Verify Practice Question 4 page has the question, code editor, run and submit buttons", "Testing th...) -->
                  <span class="method-name">runScenario</span>
                  <span class="parameters">("Verify Practice Question 4 page has the question, code editor, run and submit buttons", "Testing the Array Page")</span>
                  <em>
(Runs Cucumber Scenarios)                  </em>
                </div> <!-- method-content -->
              </div> <!-- method -->
              <div class="method">
                <div class="method-content">
                  <a name="runScenario(&quot;To check Tree page functionality-Implementation in python&quot;, &quot;To test the functionality of tree stru...)">
                  </a> <!-- runScenario("To check Tree page functionality-Implementation in python", "To test the functionality of tree stru...) -->
                  <span class="method-name">runScenario</span>
                  <span class="parameters">("To check Tree page functionality-Implementation in python", "To test the functionality of tree structure")</span>
                  <em>
(Runs Cucumber Scenarios)                  </em>
                </div> <!-- method-content -->
              </div> <!-- method -->
              <div class="method">
                <div class="method-content">
                  <a name="runScenario(&quot;Verify Practice Question 3 page has the question, code editor, run and submit buttons&quot;, &quot;Testing th...)">
                  </a> <!-- runScenario("Verify Practice Question 3 page has the question, code editor, run and submit buttons", "Testing th...) -->
                  <span class="method-name">runScenario</span>
                  <span class="parameters">("Verify Practice Question 3 page has the question, code editor, run and submit buttons", "Testing the Array Page")</span>
                  <em>
(Runs Cucumber Scenarios)                  </em>
                </div> <!-- method-content -->
              </div> <!-- method -->
              <div class="method">
                <div class="method-content">
                  <a name="runScenario(&quot;verify submitting the practice question with no code in squares of a sorted array&quot;, &quot;Testing the Ar...)">
                  </a> <!-- runScenario("verify submitting the practice question with no code in squares of a sorted array", "Testing the Ar...) -->
                  <span class="method-name">runScenario</span>
                  <span class="parameters">("verify submitting the practice question with no code in squares of a sorted array", "Testing the Array Page")</span>
                  <em>
(Runs Cucumber Scenarios)                  </em>
                </div> <!-- method-content -->
              </div> <!-- method -->
              <div class="method">
                <div class="method-content">
                  <a name="runScenario(&quot;To check Tree page functionality-Applications of Binary trees&quot;, &quot;To test the functionality of tree ...)">
                  </a> <!-- runScenario("To check Tree page functionality-Applications of Binary trees", "To test the functionality of tree ...) -->
                  <span class="method-name">runScenario</span>
                  <span class="parameters">("To check Tree page functionality-Applications of Binary trees", "To test the functionality of tree structure")</span>
                  <em>
(Runs Cucumber Scenarios)                  </em>
                </div> <!-- method-content -->
              </div> <!-- method -->
              <div class="method">
                <div class="method-content">
                  <a name="runScenario(&quot;practice Questions&quot;, &quot;To test graph page&quot;)">
                  </a> <!-- runScenario("practice Questions", "To test graph page") -->
                  <span class="method-name">runScenario</span>
                  <span class="parameters">("practice Questions", "To test graph page")</span>
                  <em>
(Runs Cucumber Scenarios)                  </em>
                </div> <!-- method-content -->
              </div> <!-- method -->
              <div class="method">
                <div class="method-content">
                  <a name="runScenario(&quot;To check Linked List page functionality&quot;, &quot;Getting Started to Signin DS_Algo Portal&quot;)">
                  </a> <!-- runScenario("To check Linked List page functionality", "Getting Started to Signin DS_Algo Portal") -->
                  <span class="method-name">runScenario</span>
                  <span class="parameters">("To check Linked List page functionality", "Getting Started to Signin DS_Algo Portal")</span>
                  <em>
(Runs Cucumber Scenarios)                  </em>
                </div> <!-- method-content -->
              </div> <!-- method -->
              <div class="method">
                <div class="method-content">
                  <a name="runScenario(&quot;verify submitting the practice question with no code in max consecutive ones&quot;, &quot;Testing the Array P...)">
                  </a> <!-- runScenario("verify submitting the practice question with no code in max consecutive ones", "Testing the Array P...) -->
                  <span class="method-name">runScenario</span>
                  <span class="parameters">("verify submitting the practice question with no code in max consecutive ones", "Testing the Array Page")</span>
                  <em>
(Runs Cucumber Scenarios)                  </em>
                </div> <!-- method-content -->
              </div> <!-- method -->
              <div class="method">
                <div class="method-content">
                  <a name="runScenario(&quot;Verify the Basic Operations in Lists menu navigates to Basic Operations in Lists page&quot;, &quot;Testing th...)">
                  </a> <!-- runScenario("Verify the Basic Operations in Lists menu navigates to Basic Operations in Lists page", "Testing th...) -->
                  <span class="method-name">runScenario</span>
                  <span class="parameters">("Verify the Basic Operations in Lists menu navigates to Basic Operations in Lists page", "Testing the Array Page")</span>
                  <em>
(Runs Cucumber Scenarios)                  </em>
                </div> <!-- method-content -->
              </div> <!-- method -->
              <div class="method">
                <div class="method-content">
                  <a name="runScenario(&quot;Verify user is able to navigate into DS_Algo Array Page&quot;, &quot;Testing the Array Page&quot;)">
                  </a> <!-- runScenario("Verify user is able to navigate into DS_Algo Array Page", "Testing the Array Page") -->
                  <span class="method-name">runScenario</span>
                  <span class="parameters">("Verify user is able to navigate into DS_Algo Array Page", "Testing the Array Page")</span>
                  <em>
(Runs Cucumber Scenarios)                  </em>
                </div> <!-- method-content -->
              </div> <!-- method -->
              <div class="method">
                <div class="method-content">
                  <a name="runScenario(&quot;Practice Question Paper&quot;, &quot;Data Structure Home page&quot;)">
                  </a> <!-- runScenario("Practice Question Paper", "Data Structure Home page") -->
                  <span class="method-name">runScenario</span>
                  <span class="parameters">("Practice Question Paper", "Data Structure Home page")</span>
                  <em>
(Runs Cucumber Scenarios)                  </em>
                </div> <!-- method-content -->
              </div> <!-- method -->
              <div class="method">
                <div class="method-content">
                  <a name="runScenario(&quot;Verify the Arrays using List menu navigates to Arrays Using List page&quot;, &quot;Testing the Array Page&quot;)">
                  </a> <!-- runScenario("Verify the Arrays using List menu navigates to Arrays Using List page", "Testing the Array Page") -->
                  <span class="method-name">runScenario</span>
                  <span class="parameters">("Verify the Arrays using List menu navigates to Arrays Using List page", "Testing the Array Page")</span>
                  <em>
(Runs Cucumber Scenarios)                  </em>
                </div> <!-- method-content -->
              </div> <!-- method -->
              <div class="method">
                <div class="method-content">
                  <a name="runScenario(&quot;Verify the Try here button is redirecting the user to the python editor.&quot;, &quot;Testing the Array Page&quot;)">
                  </a> <!-- runScenario("Verify the Try here button is redirecting the user to the python editor.", "Testing the Array Page") -->
                  <span class="method-name">runScenario</span>
                  <span class="parameters">("Verify the Try here button is redirecting the user to the python editor.", "Testing the Array Page")</span>
                  <em>
(Runs Cucumber Scenarios)                  </em>
                </div> <!-- method-content -->
              </div> <!-- method -->
              <div class="method">
                <div class="method-content">
                  <a name="runScenario(&quot;Getting started in Queue with another topic&quot;, &quot;Data Structure Home page&quot;)">
                  </a> <!-- runScenario("Getting started in Queue with another topic", "Data Structure Home page") -->
                  <span class="method-name">runScenario</span>
                  <span class="parameters">("Getting started in Queue with another topic", "Data Structure Home page")</span>
                  <em>
(Runs Cucumber Scenarios)                  </em>
                </div> <!-- method-content -->
              </div> <!-- method -->
              <div class="method">
                <div class="method-content">
                  <a name="runScenario(&quot;This test is to verify the GetStarted button&quot;, &quot;Getting Started to DS_Algo Portal&quot;)">
                  </a> <!-- runScenario("This test is to verify the GetStarted button", "Getting Started to DS_Algo Portal") -->
                  <span class="method-name">runScenario</span>
                  <span class="parameters">("This test is to verify the GetStarted button", "Getting Started to DS_Algo Portal")</span>
                  <em>
(Runs Cucumber Scenarios)                  </em>
                </div> <!-- method-content -->
              </div> <!-- method -->
              <div class="method">
                <div class="method-content">
                  <a name="runScenario(&quot;Verify Practice Question 1 page has the question, code editor, run and submit buttons&quot;, &quot;Testing th...)">
                  </a> <!-- runScenario("Verify Practice Question 1 page has the question, code editor, run and submit buttons", "Testing th...) -->
                  <span class="method-name">runScenario</span>
                  <span class="parameters">("Verify Practice Question 1 page has the question, code editor, run and submit buttons", "Testing the Array Page")</span>
                  <em>
(Runs Cucumber Scenarios)                  </em>
                </div> <!-- method-content -->
              </div> <!-- method -->
              <div class="method">
                <div class="method-content">
                  <a name="runScenario(&quot;Verify the Applications of Array navigates to Applications of Array page&quot;, &quot;Testing the Array Page&quot;)">
                  </a> <!-- runScenario("Verify the Applications of Array navigates to Applications of Array page", "Testing the Array Page") -->
                  <span class="method-name">runScenario</span>
                  <span class="parameters">("Verify the Applications of Array navigates to Applications of Array page", "Testing the Array Page")</span>
                  <em>
(Runs Cucumber Scenarios)                  </em>
                </div> <!-- method-content -->
              </div> <!-- method -->
              <div class="method">
                <div class="method-content">
                  <a name="runScenario(&quot;verify submitting the practice question with no code in search the array link&quot;, &quot;Testing the Array ...)">
                  </a> <!-- runScenario("verify submitting the practice question with no code in search the array link", "Testing the Array ...) -->
                  <span class="method-name">runScenario</span>
                  <span class="parameters">("verify submitting the practice question with no code in search the array link", "Testing the Array Page")</span>
                  <em>
(Runs Cucumber Scenarios)                  </em>
                </div> <!-- method-content -->
              </div> <!-- method -->
              <div class="method">
                <div class="method-content">
                  <a name="runScenario(&quot;verify running the practice question with no code in find numbers with even number of digits&quot;, &quot;Tes...)">
                  </a> <!-- runScenario("verify running the practice question with no code in find numbers with even number of digits", "Tes...) -->
                  <span class="method-name">runScenario</span>
                  <span class="parameters">("verify running the practice question with no code in find numbers with even number of digits", "Testing the Array Page")</span>
                  <em>
(Runs Cucumber Scenarios)                  </em>
                </div> <!-- method-content -->
              </div> <!-- method -->
              <div class="method">
                <div class="method-content">
                  <a name="runScenario(&quot;To check Tree page functionality-Binary Trees&quot;, &quot;To test the functionality of tree structure&quot;)">
                  </a> <!-- runScenario("To check Tree page functionality-Binary Trees", "To test the functionality of tree structure") -->
                  <span class="method-name">runScenario</span>
                  <span class="parameters">("To check Tree page functionality-Binary Trees", "To test the functionality of tree structure")</span>
                  <em>
(Runs Cucumber Scenarios)                  </em>
                </div> <!-- method-content -->
              </div> <!-- method -->
              <div class="method">
                <div class="method-content">
                  <a name="runScenario(&quot;To check Tree page functionality-Tree traversals&quot;, &quot;To test the functionality of tree structure&quot;)">
                  </a> <!-- runScenario("To check Tree page functionality-Tree traversals", "To test the functionality of tree structure") -->
                  <span class="method-name">runScenario</span>
                  <span class="parameters">("To check Tree page functionality-Tree traversals", "To test the functionality of tree structure")</span>
                  <em>
(Runs Cucumber Scenarios)                  </em>
                </div> <!-- method-content -->
              </div> <!-- method -->
              <div class="method">
                <div class="method-content">
                  <a name="runScenario(&quot;Verify the Python Editor when an valid code is given&quot;, &quot;Testing the Array Page&quot;)">
                  </a> <!-- runScenario("Verify the Python Editor when an valid code is given", "Testing the Array Page") -->
                  <span class="method-name">runScenario</span>
                  <span class="parameters">("Verify the Python Editor when an valid code is given", "Testing the Array Page")</span>
                  <em>
(Runs Cucumber Scenarios)                  </em>
                </div> <!-- method-content -->
              </div> <!-- method -->
              <div class="method">
                <div class="method-content">
                  <a name="runScenario(&quot;To check Tree page functionality-Binary search Trees&quot;, &quot;To test the functionality of tree structure...)">
                  </a> <!-- runScenario("To check Tree page functionality-Binary search Trees", "To test the functionality of tree structure...) -->
                  <span class="method-name">runScenario</span>
                  <span class="parameters">("To check Tree page functionality-Binary search Trees", "To test the functionality of tree structure")</span>
                  <em>
(Runs Cucumber Scenarios)                  </em>
                </div> <!-- method-content -->
              </div> <!-- method -->
              <div class="method">
                <div class="method-content">
                  <a name="runScenario(&quot;Verify Practice Question 2 page has the question, code editor, run and submit buttons&quot;, &quot;Testing th...)">
                  </a> <!-- runScenario("Verify Practice Question 2 page has the question, code editor, run and submit buttons", "Testing th...) -->
                  <span class="method-name">runScenario</span>
                  <span class="parameters">("Verify Practice Question 2 page has the question, code editor, run and submit buttons", "Testing the Array Page")</span>
                  <em>
(Runs Cucumber Scenarios)                  </em>
                </div> <!-- method-content -->
              </div> <!-- method -->
              <div class="method">
                <div class="method-content">
                  <a name="runScenario(&quot;check Linked List page functionality&quot;, &quot;Getting Started to Signin DS_Algo Portal&quot;)">
                  </a> <!-- runScenario("check Linked List page functionality", "Getting Started to Signin DS_Algo Portal") -->
                  <span class="method-name">runScenario</span>
                  <span class="parameters">("check Linked List page functionality", "Getting Started to Signin DS_Algo Portal")</span>
                  <em>
(Runs Cucumber Scenarios)                  </em>
                </div> <!-- method-content -->
              </div> <!-- method -->
              <div class="method">
                <div class="method-content">
                  <a name="runScenario(&quot;Verify Arrays in Python link redirects to Arrays in Python page.&quot;, &quot;Testing the Array Page&quot;)">
                  </a> <!-- runScenario("Verify Arrays in Python link redirects to Arrays in Python page.", "Testing the Array Page") -->
                  <span class="method-name">runScenario</span>
                  <span class="parameters">("Verify Arrays in Python link redirects to Arrays in Python page.", "Testing the Array Page")</span>
                  <em>
(Runs Cucumber Scenarios)                  </em>
                </div> <!-- method-content -->
              </div> <!-- method -->
              <div class="method">
                <div class="method-content">
                  <a name="runScenario(&quot;check Linked List page functionality&quot;, &quot;Getting Started to Signin DS_Algo Portal&quot;)">
                  </a> <!-- runScenario("check Linked List page functionality", "Getting Started to Signin DS_Algo Portal") -->
                  <span class="method-name">runScenario</span>
                  <span class="parameters">("check Linked List page functionality", "Getting Started to Signin DS_Algo Portal")</span>
                  <em>
(Runs Cucumber Scenarios)                  </em>
                </div> <!-- method-content -->
              </div> <!-- method -->
              <div class="method">
                <div class="method-content">
                  <a name="runScenario(&quot;Python editor&quot;, &quot;Data Structure Home page - DS_Introduction&quot;)">
                  </a> <!-- runScenario("Python editor", "Data Structure Home page - DS_Introduction") -->
                  <span class="method-name">runScenario</span>
                  <span class="parameters">("Python editor", "Data Structure Home page - DS_Introduction")</span>
                  <em>
(Runs Cucumber Scenarios)                  </em>
                </div> <!-- method-content -->
              </div> <!-- method -->
              <div class="method">
                <div class="method-content">
                  <a name="runScenario(&quot;check Linked List page functionality&quot;, &quot;Getting Started to Signin DS_Algo Portal&quot;)">
                  </a> <!-- runScenario("check Linked List page functionality", "Getting Started to Signin DS_Algo Portal") -->
                  <span class="method-name">runScenario</span>
                  <span class="parameters">("check Linked List page functionality", "Getting Started to Signin DS_Algo Portal")</span>
                  <em>
(Runs Cucumber Scenarios)                  </em>
                </div> <!-- method-content -->
              </div> <!-- method -->
              <div class="method">
                <div class="method-content">
                  <a name="runScenario(&quot;To check Tree page functionality-Implementation of Binary Trees&quot;, &quot;To test the functionality of tre...)">
                  </a> <!-- runScenario("To check Tree page functionality-Implementation of Binary Trees", "To test the functionality of tre...) -->
                  <span class="method-name">runScenario</span>
                  <span class="parameters">("To check Tree page functionality-Implementation of Binary Trees", "To test the functionality of tree structure")</span>
                  <em>
(Runs Cucumber Scenarios)                  </em>
                </div> <!-- method-content -->
              </div> <!-- method -->
              <div class="method">
                <div class="method-content">
                  <a name="runScenario(&quot;To check Tree page functionality-Types of trees&quot;, &quot;To test the functionality of tree structure&quot;)">
                  </a> <!-- runScenario("To check Tree page functionality-Types of trees", "To test the functionality of tree structure") -->
                  <span class="method-name">runScenario</span>
                  <span class="parameters">("To check Tree page functionality-Types of trees", "To test the functionality of tree structure")</span>
                  <em>
(Runs Cucumber Scenarios)                  </em>
                </div> <!-- method-content -->
              </div> <!-- method -->
              <div class="method">
                <div class="method-content">
                  <a name="runScenario(&quot;getting started to graph page&quot;, &quot;To test graph page&quot;)">
                  </a> <!-- runScenario("getting started to graph page", "To test graph page") -->
                  <span class="method-name">runScenario</span>
                  <span class="parameters">("getting started to graph page", "To test graph page")</span>
                  <em>
(Runs Cucumber Scenarios)                  </em>
                </div> <!-- method-content -->
              </div> <!-- method -->
              <div class="method">
                <div class="method-content">
                  <a name="runScenario(&quot;To check Stack page functionality-Application Practice&quot;, &quot;Stack page functionality&quot;)">
                  </a> <!-- runScenario("To check Stack page functionality-Application Practice", "Stack page functionality") -->
                  <span class="method-name">runScenario</span>
                  <span class="parameters">("To check Stack page functionality-Application Practice", "Stack page functionality")</span>
                  <em>
(Runs Cucumber Scenarios)                  </em>
                </div> <!-- method-content -->
              </div> <!-- method -->
              <div class="method">
                <div class="method-content">
                  <a name="runScenario(&quot;To check Tree page functionality-Types of Binary trees&quot;, &quot;To test the functionality of tree structu...)">
                  </a> <!-- runScenario("To check Tree page functionality-Types of Binary trees", "To test the functionality of tree structu...) -->
                  <span class="method-name">runScenario</span>
                  <span class="parameters">("To check Tree page functionality-Types of Binary trees", "To test the functionality of tree structure")</span>
                  <em>
(Runs Cucumber Scenarios)                  </em>
                </div> <!-- method-content -->
              </div> <!-- method -->
              <div class="method">
                <div class="method-content">
                  <a name="runScenario(&quot;To check Tree page functionality-Implementation of Bst&quot;, &quot;To test the functionality of tree structu...)">
                  </a> <!-- runScenario("To check Tree page functionality-Implementation of Bst", "To test the functionality of tree structu...) -->
                  <span class="method-name">runScenario</span>
                  <span class="parameters">("To check Tree page functionality-Implementation of Bst", "To test the functionality of tree structure")</span>
                  <em>
(Runs Cucumber Scenarios)                  </em>
                </div> <!-- method-content -->
              </div> <!-- method -->
              <div class="method">
                <div class="method-content">
                  <a name="runScenario(&quot;To check Linked List page functionality&quot;, &quot;Getting Started to Signin DS_Algo Portal&quot;)">
                  </a> <!-- runScenario("To check Linked List page functionality", "Getting Started to Signin DS_Algo Portal") -->
                  <span class="method-name">runScenario</span>
                  <span class="parameters">("To check Linked List page functionality", "Getting Started to Signin DS_Algo Portal")</span>
                  <em>
(Runs Cucumber Scenarios)                  </em>
                </div> <!-- method-content -->
              </div> <!-- method -->
              <div class="method">
                <div class="method-content">
                  <a name="runScenario(&quot;To check Linked List page functionality&quot;, &quot;Getting Started to Signin DS_Algo Portal&quot;)">
                  </a> <!-- runScenario("To check Linked List page functionality", "Getting Started to Signin DS_Algo Portal") -->
                  <span class="method-name">runScenario</span>
                  <span class="parameters">("To check Linked List page functionality", "Getting Started to Signin DS_Algo Portal")</span>
                  <em>
(Runs Cucumber Scenarios)                  </em>
                </div> <!-- method-content -->
              </div> <!-- method -->
              <div class="method">
                <div class="method-content">
                  <a name="runScenario(&quot;Verify the practice questions page has all the 4 links mentioned.&quot;, &quot;Testing the Array Page&quot;)">
                  </a> <!-- runScenario("Verify the practice questions page has all the 4 links mentioned.", "Testing the Array Page") -->
                  <span class="method-name">runScenario</span>
                  <span class="parameters">("Verify the practice questions page has all the 4 links mentioned.", "Testing the Array Page")</span>
                  <em>
(Runs Cucumber Scenarios)                  </em>
                </div> <!-- method-content -->
              </div> <!-- method -->
              <div class="method">
                <div class="method-content">
                  <a name="runScenario(&quot;verify submitting the practice question with valid code in search the array link&quot;, &quot;Testing the Arr...)">
                  </a> <!-- runScenario("verify submitting the practice question with valid code in search the array link", "Testing the Arr...) -->
                  <span class="method-name">runScenario</span>
                  <span class="parameters">("verify submitting the practice question with valid code in search the array link", "Testing the Array Page")</span>
                  <em>
(Runs Cucumber Scenarios)                  </em>
                </div> <!-- method-content -->
              </div> <!-- method -->
              <div class="method">
                <div class="method-content">
                  <a name="runScenario(&quot;Verify the Python Editor is throwing error when an invalid code is given, compiles the program and ...)">
                  </a> <!-- runScenario("Verify the Python Editor is throwing error when an invalid code is given, compiles the program and ...) -->
                  <span class="method-name">runScenario</span>
                  <span class="parameters">("Verify the Python Editor is throwing error when an invalid code is given, compiles the program and produces a alert window", "Testing the Array Page")</span>
                  <em>
(Runs Cucumber Scenarios)                  </em>
                </div> <!-- method-content -->
              </div> <!-- method -->
              <div class="method">
                <div class="method-content">
                  <a name="runScenario(&quot;To check Linked List page functionality&quot;, &quot;Getting Started to Signin DS_Algo Portal&quot;)">
                  </a> <!-- runScenario("To check Linked List page functionality", "Getting Started to Signin DS_Algo Portal") -->
                  <span class="method-name">runScenario</span>
                  <span class="parameters">("To check Linked List page functionality", "Getting Started to Signin DS_Algo Portal")</span>
                  <em>
(Runs Cucumber Scenarios)                  </em>
                </div> <!-- method-content -->
              </div> <!-- method -->
            </div> <!-- main-panel-content rounded-window-bottom -->
          </div> <!-- suite-Default_suite-class-passed -->
        </div> <!-- panel Default_suite -->
        <div panel-name="test-xml-Default_suite" class="panel">
          <div class="main-panel-header rounded-window-top">
            <span class="header-content">C:\Users\bindu\AppData\Local\Temp\testng-eclipse-1632197084\testng-customsuite.xml</span>
          </div> <!-- main-panel-header rounded-window-top -->
          <div class="main-panel-content rounded-window-bottom">
            <pre>
&lt;?xml version=&quot;1.0&quot; encoding=&quot;UTF-8&quot;?&gt;
&lt;!DOCTYPE suite SYSTEM &quot;http://testng.org/testng-1.0.dtd&quot;&gt;
&lt;suite name=&quot;Default suite&quot; guice-stage=&quot;DEVELOPMENT&quot;&gt;
  &lt;test name=&quot;Default test&quot; verbose=&quot;2&quot;&gt;
    &lt;classes&gt;
      &lt;class name=&quot;runner.TestNGRunner&quot;/&gt;
    &lt;/classes&gt;
  &lt;/test&gt; &lt;!-- Default test --&gt;
&lt;/suite&gt; &lt;!-- Default suite --&gt;
            </pre>
          </div> <!-- main-panel-content rounded-window-bottom -->
        </div> <!-- panel -->
        <div panel-name="testlist-Default_suite" class="panel">
          <div class="main-panel-header rounded-window-top">
            <span class="header-content">Tests for Default suite</span>
          </div> <!-- main-panel-header rounded-window-top -->
          <div class="main-panel-content rounded-window-bottom">
            <ul>
              <li>
                <span class="test-name">Default test (1 class)</span>
              </li>
            </ul>
          </div> <!-- main-panel-content rounded-window-bottom -->
        </div> <!-- panel -->
        <div panel-name="group-Default_suite" class="panel">
          <div class="main-panel-header rounded-window-top">
            <span class="header-content">Groups for Default suite</span>
          </div> <!-- main-panel-header rounded-window-top -->
          <div class="main-panel-content rounded-window-bottom">
            <div class="test-group">
              <span class="test-group-name">cucumber</span>
              <br/>
              <div class="method-in-group">
                <span class="method-in-group-name">runScenario</span>
                <br/>
              </div> <!-- method-in-group -->
            </div> <!-- test-group -->
          </div> <!-- main-panel-content rounded-window-bottom -->
        </div> <!-- panel -->
        <div panel-name="times-Default_suite" class="panel">
          <div class="main-panel-header rounded-window-top">
            <span class="header-content">Times for Default suite</span>
          </div> <!-- main-panel-header rounded-window-top -->
          <div class="main-panel-content rounded-window-bottom">
            <div class="times-div">
              <script type="text/javascript">
suiteTableInitFunctions.push('tableData_Default_suite');
function tableData_Default_suite() {
var data = new google.visualization.DataTable();
data.addColumn('number', 'Number');
data.addColumn('string', 'Method');
data.addColumn('string', 'Class');
data.addColumn('number', 'Time (ms)');
data.addRows(67);
data.setCell(0, 0, 0)
data.setCell(0, 1, 'runScenario')
data.setCell(0, 2, 'runner.TestNGRunner')
data.setCell(0, 3, 17335);
data.setCell(1, 0, 1)
data.setCell(1, 1, 'runScenario')
data.setCell(1, 2, 'runner.TestNGRunner')
data.setCell(1, 3, 17036);
data.setCell(2, 0, 2)
data.setCell(2, 1, 'runScenario')
data.setCell(2, 2, 'runner.TestNGRunner')
data.setCell(2, 3, 16818);
data.setCell(3, 0, 3)
data.setCell(3, 1, 'runScenario')
data.setCell(3, 2, 'runner.TestNGRunner')
data.setCell(3, 3, 16343);
data.setCell(4, 0, 4)
data.setCell(4, 1, 'runScenario')
data.setCell(4, 2, 'runner.TestNGRunner')
data.setCell(4, 3, 15717);
data.setCell(5, 0, 5)
data.setCell(5, 1, 'runScenario')
data.setCell(5, 2, 'runner.TestNGRunner')
data.setCell(5, 3, 15539);
data.setCell(6, 0, 6)
data.setCell(6, 1, 'runScenario')
data.setCell(6, 2, 'runner.TestNGRunner')
data.setCell(6, 3, 15393);
data.setCell(7, 0, 7)
data.setCell(7, 1, 'runScenario')
data.setCell(7, 2, 'runner.TestNGRunner')
data.setCell(7, 3, 15210);
data.setCell(8, 0, 8)
data.setCell(8, 1, 'runScenario')
data.setCell(8, 2, 'runner.TestNGRunner')
data.setCell(8, 3, 15113);
data.setCell(9, 0, 9)
data.setCell(9, 1, 'runScenario')
data.setCell(9, 2, 'runner.TestNGRunner')
data.setCell(9, 3, 15074);
data.setCell(10, 0, 10)
data.setCell(10, 1, 'runScenario')
data.setCell(10, 2, 'runner.TestNGRunner')
data.setCell(10, 3, 14031);
data.setCell(11, 0, 11)
data.setCell(11, 1, 'runScenario')
data.setCell(11, 2, 'runner.TestNGRunner')
data.setCell(11, 3, 13363);
data.setCell(12, 0, 12)
data.setCell(12, 1, 'runScenario')
data.setCell(12, 2, 'runner.TestNGRunner')
data.setCell(12, 3, 13005);
data.setCell(13, 0, 13)
data.setCell(13, 1, 'runScenario')
data.setCell(13, 2, 'runner.TestNGRunner')
data.setCell(13, 3, 12510);
data.setCell(14, 0, 14)
data.setCell(14, 1, 'runScenario')
data.setCell(14, 2, 'runner.TestNGRunner')
data.setCell(14, 3, 12238);
data.setCell(15, 0, 15)
data.setCell(15, 1, 'runScenario')
data.setCell(15, 2, 'runner.TestNGRunner')
data.setCell(15, 3, 11796);
data.setCell(16, 0, 16)
data.setCell(16, 1, 'runScenario')
data.setCell(16, 2, 'runner.TestNGRunner')
data.setCell(16, 3, 11223);
data.setCell(17, 0, 17)
data.setCell(17, 1, 'runScenario')
data.setCell(17, 2, 'runner.TestNGRunner')
data.setCell(17, 3, 11221);
data.setCell(18, 0, 18)
data.setCell(18, 1, 'runScenario')
data.setCell(18, 2, 'runner.TestNGRunner')
data.setCell(18, 3, 10829);
data.setCell(19, 0, 19)
data.setCell(19, 1, 'runScenario')
data.setCell(19, 2, 'runner.TestNGRunner')
data.setCell(19, 3, 10716);
data.setCell(20, 0, 20)
data.setCell(20, 1, 'runScenario')
data.setCell(20, 2, 'runner.TestNGRunner')
data.setCell(20, 3, 10689);
data.setCell(21, 0, 21)
data.setCell(21, 1, 'runScenario')
data.setCell(21, 2, 'runner.TestNGRunner')
data.setCell(21, 3, 10590);
data.setCell(22, 0, 22)
data.setCell(22, 1, 'runScenario')
data.setCell(22, 2, 'runner.TestNGRunner')
data.setCell(22, 3, 10545);
data.setCell(23, 0, 23)
data.setCell(23, 1, 'runScenario')
data.setCell(23, 2, 'runner.TestNGRunner')
data.setCell(23, 3, 10455);
data.setCell(24, 0, 24)
data.setCell(24, 1, 'runScenario')
data.setCell(24, 2, 'runner.TestNGRunner')
data.setCell(24, 3, 10341);
data.setCell(25, 0, 25)
data.setCell(25, 1, 'runScenario')
data.setCell(25, 2, 'runner.TestNGRunner')
data.setCell(25, 3, 10289);
data.setCell(26, 0, 26)
data.setCell(26, 1, 'runScenario')
data.setCell(26, 2, 'runner.TestNGRunner')
data.setCell(26, 3, 10221);
data.setCell(27, 0, 27)
data.setCell(27, 1, 'runScenario')
data.setCell(27, 2, 'runner.TestNGRunner')
data.setCell(27, 3, 10178);
data.setCell(28, 0, 28)
data.setCell(28, 1, 'runScenario')
data.setCell(28, 2, 'runner.TestNGRunner')
data.setCell(28, 3, 10110);
data.setCell(29, 0, 29)
data.setCell(29, 1, 'runScenario')
data.setCell(29, 2, 'runner.TestNGRunner')
data.setCell(29, 3, 10102);
data.setCell(30, 0, 30)
data.setCell(30, 1, 'runScenario')
data.setCell(30, 2, 'runner.TestNGRunner')
data.setCell(30, 3, 10063);
data.setCell(31, 0, 31)
data.setCell(31, 1, 'runScenario')
data.setCell(31, 2, 'runner.TestNGRunner')
data.setCell(31, 3, 10055);
data.setCell(32, 0, 32)
data.setCell(32, 1, 'runScenario')
data.setCell(32, 2, 'runner.TestNGRunner')
data.setCell(32, 3, 10036);
data.setCell(33, 0, 33)
data.setCell(33, 1, 'runScenario')
data.setCell(33, 2, 'runner.TestNGRunner')
data.setCell(33, 3, 10001);
data.setCell(34, 0, 34)
data.setCell(34, 1, 'runScenario')
data.setCell(34, 2, 'runner.TestNGRunner')
data.setCell(34, 3, 9935);
data.setCell(35, 0, 35)
data.setCell(35, 1, 'runScenario')
data.setCell(35, 2, 'runner.TestNGRunner')
data.setCell(35, 3, 9922);
data.setCell(36, 0, 36)
data.setCell(36, 1, 'runScenario')
data.setCell(36, 2, 'runner.TestNGRunner')
data.setCell(36, 3, 9843);
data.setCell(37, 0, 37)
data.setCell(37, 1, 'runScenario')
data.setCell(37, 2, 'runner.TestNGRunner')
data.setCell(37, 3, 9826);
data.setCell(38, 0, 38)
data.setCell(38, 1, 'runScenario')
data.setCell(38, 2, 'runner.TestNGRunner')
data.setCell(38, 3, 9761);
data.setCell(39, 0, 39)
data.setCell(39, 1, 'runScenario')
data.setCell(39, 2, 'runner.TestNGRunner')
data.setCell(39, 3, 9697);
data.setCell(40, 0, 40)
data.setCell(40, 1, 'runScenario')
data.setCell(40, 2, 'runner.TestNGRunner')
data.setCell(40, 3, 9634);
data.setCell(41, 0, 41)
data.setCell(41, 1, 'runScenario')
data.setCell(41, 2, 'runner.TestNGRunner')
data.setCell(41, 3, 9536);
data.setCell(42, 0, 42)
data.setCell(42, 1, 'runScenario')
data.setCell(42, 2, 'runner.TestNGRunner')
data.setCell(42, 3, 9482);
data.setCell(43, 0, 43)
data.setCell(43, 1, 'runScenario')
data.setCell(43, 2, 'runner.TestNGRunner')
data.setCell(43, 3, 9388);
data.setCell(44, 0, 44)
data.setCell(44, 1, 'runScenario')
data.setCell(44, 2, 'runner.TestNGRunner')
data.setCell(44, 3, 9375);
data.setCell(45, 0, 45)
data.setCell(45, 1, 'runScenario')
data.setCell(45, 2, 'runner.TestNGRunner')
data.setCell(45, 3, 9370);
data.setCell(46, 0, 46)
data.setCell(46, 1, 'runScenario')
data.setCell(46, 2, 'runner.TestNGRunner')
data.setCell(46, 3, 9262);
data.setCell(47, 0, 47)
data.setCell(47, 1, 'runScenario')
data.setCell(47, 2, 'runner.TestNGRunner')
data.setCell(47, 3, 9179);
data.setCell(48, 0, 48)
data.setCell(48, 1, 'runScenario')
data.setCell(48, 2, 'runner.TestNGRunner')
data.setCell(48, 3, 9120);
data.setCell(49, 0, 49)
data.setCell(49, 1, 'runScenario')
data.setCell(49, 2, 'runner.TestNGRunner')
data.setCell(49, 3, 8964);
data.setCell(50, 0, 50)
data.setCell(50, 1, 'runScenario')
data.setCell(50, 2, 'runner.TestNGRunner')
data.setCell(50, 3, 8933);
data.setCell(51, 0, 51)
data.setCell(51, 1, 'runScenario')
data.setCell(51, 2, 'runner.TestNGRunner')
data.setCell(51, 3, 8452);
data.setCell(52, 0, 52)
data.setCell(52, 1, 'runScenario')
data.setCell(52, 2, 'runner.TestNGRunner')
data.setCell(52, 3, 8449);
data.setCell(53, 0, 53)
data.setCell(53, 1, 'runScenario')
data.setCell(53, 2, 'runner.TestNGRunner')
data.setCell(53, 3, 7997);
data.setCell(54, 0, 54)
data.setCell(54, 1, 'runScenario')
data.setCell(54, 2, 'runner.TestNGRunner')
data.setCell(54, 3, 7878);
data.setCell(55, 0, 55)
data.setCell(55, 1, 'runScenario')
data.setCell(55, 2, 'runner.TestNGRunner')
data.setCell(55, 3, 7499);
data.setCell(56, 0, 56)
data.setCell(56, 1, 'runScenario')
data.setCell(56, 2, 'runner.TestNGRunner')
data.setCell(56, 3, 7313);
data.setCell(57, 0, 57)
data.setCell(57, 1, 'runScenario')
data.setCell(57, 2, 'runner.TestNGRunner')
data.setCell(57, 3, 6372);
data.setCell(58, 0, 58)
data.setCell(58, 1, 'runScenario')
data.setCell(58, 2, 'runner.TestNGRunner')
data.setCell(58, 3, 5738);
data.setCell(59, 0, 59)
data.setCell(59, 1, 'runScenario')
data.setCell(59, 2, 'runner.TestNGRunner')
data.setCell(59, 3, 5727);
data.setCell(60, 0, 60)
data.setCell(60, 1, 'runScenario')
data.setCell(60, 2, 'runner.TestNGRunner')
data.setCell(60, 3, 5627);
data.setCell(61, 0, 61)
data.setCell(61, 1, 'runScenario')
data.setCell(61, 2, 'runner.TestNGRunner')
data.setCell(61, 3, 5585);
data.setCell(62, 0, 62)
data.setCell(62, 1, 'runScenario')
data.setCell(62, 2, 'runner.TestNGRunner')
data.setCell(62, 3, 5584);
data.setCell(63, 0, 63)
data.setCell(63, 1, 'runScenario')
data.setCell(63, 2, 'runner.TestNGRunner')
data.setCell(63, 3, 5481);
data.setCell(64, 0, 64)
data.setCell(64, 1, 'runScenario')
data.setCell(64, 2, 'runner.TestNGRunner')
data.setCell(64, 3, 5406);
data.setCell(65, 0, 65)
data.setCell(65, 1, 'runScenario')
data.setCell(65, 2, 'runner.TestNGRunner')
data.setCell(65, 3, 5393);
data.setCell(66, 0, 66)
data.setCell(66, 1, 'runScenario')
data.setCell(66, 2, 'runner.TestNGRunner')
data.setCell(66, 3, 8);
window.suiteTableData['Default_suite']= { tableData: data, tableDiv: 'times-div-Default_suite'}
return data;
}
              </script>
              <span class="suite-total-time">Total running time: 11 minutes</span>
              <div id="times-div-Default_suite">
              </div> <!-- times-div-Default_suite -->
            </div> <!-- times-div -->
          </div> <!-- main-panel-content rounded-window-bottom -->
        </div> <!-- panel -->
        <div panel-name="reporter-Default_suite" class="panel">
          <div class="main-panel-header rounded-window-top">
            <span class="header-content">Reporter output for Default suite</span>
          </div> <!-- main-panel-header rounded-window-top -->
          <div class="main-panel-content rounded-window-bottom">
          </div> <!-- main-panel-content rounded-window-bottom -->
        </div> <!-- panel -->
        <div panel-name="ignored-methods-Default_suite" class="panel">
          <div class="main-panel-header rounded-window-top">
            <span class="header-content">0 ignored methods</span>
          </div> <!-- main-panel-header rounded-window-top -->
          <div class="main-panel-content rounded-window-bottom">
          </div> <!-- main-panel-content rounded-window-bottom -->
        </div> <!-- panel -->
        <div panel-name="chronological-Default_suite" class="panel">
          <div class="main-panel-header rounded-window-top">
            <span class="header-content">Methods in chronological order</span>
          </div> <!-- main-panel-header rounded-window-top -->
          <div class="main-panel-content rounded-window-bottom">
            <div class="chronological-class">
              <div class="chronological-class-name">runner.TestNGRunner</div> <!-- chronological-class-name -->
              <div class="configuration-class before">
                <span class="method-name">setUpClass(org.testng.TestRunner@760245e1)</span>
                <span class="method-start">0 ms</span>
              </div> <!-- configuration-class before -->
              <div class="test-method">
                <span class="method-name">runScenario("Verify Arrays in Python link redirects to Arrays in Python page.", "Testing the Array Page")</span>
                <span class="method-start">1169 ms</span>
              </div> <!-- test-method -->
              <div class="test-method">
                <span class="method-name">runScenario("Verify the Try here button is redirecting the user to the python editor.", "Testing the Array Page")</span>
                <span class="method-start">1169 ms</span>
              </div> <!-- test-method -->
              <div class="test-method">
                <span class="method-name">runScenario("Verify the Applications of Array navigates to Applications of Array page", "Testing the Array Page")</span>
                <span class="method-start">1169 ms</span>
              </div> <!-- test-method -->
              <div class="test-method">
                <span class="method-name">runScenario("Verify user is able to navigate into DS_Algo Array Page", "Testing the Array Page")</span>
                <span class="method-start">1169 ms</span>
              </div> <!-- test-method -->
              <div class="test-method">
                <span class="method-name">runScenario("Verify the Basic Operations in Lists menu navigates to Basic Operations in Lists page", "Testing th...)</span>
                <span class="method-start">1169 ms</span>
              </div> <!-- test-method -->
              <div class="test-method">
                <span class="method-name">runScenario("Verify the Arrays using List menu navigates to Arrays Using List page", "Testing the Array Page")</span>
                <span class="method-start">1169 ms</span>
              </div> <!-- test-method -->
              <div class="test-method">
                <span class="method-name">runScenario("Verify the practice questions page has all the 4 links mentioned.", "Testing the Array Page")</span>
                <span class="method-start">1170 ms</span>
              </div> <!-- test-method -->
              <div class="test-method">
                <span class="method-name">runScenario("Verify the Python Editor when an valid code is given", "Testing the Array Page")</span>
                <span class="method-start">1170 ms</span>
              </div> <!-- test-method -->
              <div class="test-method">
                <span class="method-name">runScenario("Verify Practice Question 1 page has the question, code editor, run and submit buttons", "Testing th...)</span>
                <span class="method-start">1170 ms</span>
              </div> <!-- test-method -->
              <div class="test-method">
                <span class="method-name">runScenario("Verify the Python Editor is throwing error when an invalid code is given, compiles the program and ...)</span>
                <span class="method-start">1170 ms</span>
              </div> <!-- test-method -->
              <div class="test-method">
                <span class="method-name">runScenario("Verify Practice Question 2 page has the question, code editor, run and submit buttons", "Testing th...)</span>
                <span class="method-start">14195 ms</span>
              </div> <!-- test-method -->
              <div class="test-method">
                <span class="method-name">runScenario("Verify Practice Question 3 page has the question, code editor, run and submit buttons", "Testing th...)</span>
                <span class="method-start">14539 ms</span>
              </div> <!-- test-method -->
              <div class="test-method">
                <span class="method-name">runScenario("Verify Practice Question 4 page has the question, code editor, run and submit buttons", "Testing th...)</span>
                <span class="method-start">15204 ms</span>
              </div> <!-- test-method -->
              <div class="test-method">
                <span class="method-name">runScenario("verify submitting the practice question with no code in search the array link", "Testing the Array ...)</span>
                <span class="method-start">16248 ms</span>
              </div> <!-- test-method -->
              <div class="test-method">
                <span class="method-name">runScenario("verify submitting the practice question with no code in max consecutive ones", "Testing the Array P...)</span>
                <span class="method-start">16334 ms</span>
              </div> <!-- test-method -->
              <div class="test-method">
                <span class="method-name">runScenario("verify running the practice question with no code in find numbers with even number of digits", "Tes...)</span>
                <span class="method-start">16566 ms</span>
              </div> <!-- test-method -->
              <div class="test-method">
                <span class="method-name">runScenario("verify submitting the practice question with no code in squares of a sorted array", "Testing the Ar...)</span>
                <span class="method-start">16710 ms</span>
              </div> <!-- test-method -->
              <div class="test-method">
                <span class="method-name">runScenario("verify submitting the practice question with valid code in search the array link", "Testing the Arr...)</span>
                <span class="method-start">16889 ms</span>
              </div> <!-- test-method -->
              <div class="test-method">
                <img src="failed.png">
                </img>
                <span class="method-name">runScenario("To check Tree page functionality-overview of tree", "To test the functionality of tree structure")</span>
                <span class="method-start">18207 ms</span>
              </div> <!-- test-method -->
              <div class="test-method">
                <img src="failed.png">
                </img>
                <span class="method-name">runScenario("To check Tree page functionality-Terminologies", "To test the functionality of tree structure")</span>
                <span class="method-start">18507 ms</span>
              </div> <!-- test-method -->
              <div class="test-method">
                <span class="method-name">runScenario("To check Tree page functionality-Types of trees", "To test the functionality of tree structure")</span>
                <span class="method-start">22195 ms</span>
              </div> <!-- test-method -->
              <div class="test-method">
                <span class="method-name">runScenario("To check Tree page functionality-Tree traversals", "To test the functionality of tree structure")</span>
                <span class="method-start">22992 ms</span>
              </div> <!-- test-method -->
              <div class="test-method">
                <img src="failed.png">
                </img>
                <span class="method-name">runScenario("To check Tree page functionality-Traversals-Illustration", "To test the functionality of tree struc...)</span>
                <span class="method-start">25308 ms</span>
              </div> <!-- test-method -->
              <div class="test-method">
                <span class="method-name">runScenario("To check Tree page functionality-Binary Trees", "To test the functionality of tree structure")</span>
                <span class="method-start">27163 ms</span>
              </div> <!-- test-method -->
              <div class="test-method">
                <span class="method-name">runScenario("To check Tree page functionality-Types of Binary trees", "To test the functionality of tree structu...)</span>
                <span class="method-start">27472 ms</span>
              </div> <!-- test-method -->
              <div class="test-method">
                <span class="method-name">runScenario("To check Tree page functionality-Implementation in python", "To test the functionality of tree stru...)</span>
                <span class="method-start">28363 ms</span>
              </div> <!-- test-method -->
              <div class="test-method">
                <img src="failed.png">
                </img>
                <span class="method-name">runScenario("To check Tree page functionality-Binary tree traversals", "To test the functionality of tree struct...)</span>
                <span class="method-start">30450 ms</span>
              </div> <!-- test-method -->
              <div class="test-method">
                <span class="method-name">runScenario("To check Tree page functionality-Implementation of Binary Trees", "To test the functionality of tre...)</span>
                <span class="method-start">32486 ms</span>
              </div> <!-- test-method -->
              <div class="test-method">
                <span class="method-name">runScenario("To check Tree page functionality-Applications of Binary trees", "To test the functionality of tree ...)</span>
                <span class="method-start">33056 ms</span>
              </div> <!-- test-method -->
              <div class="test-method">
                <span class="method-name">runScenario("To check Tree page functionality-Binary search Trees", "To test the functionality of tree structure...)</span>
                <span class="method-start">33709 ms</span>
              </div> <!-- test-method -->
              <div class="test-method">
                <span class="method-name">runScenario("To check Tree page functionality-Implementation of Bst", "To test the functionality of tree structu...)</span>
                <span class="method-start">33709 ms</span>
              </div> <!-- test-method -->
              <div class="test-method">
                <img src="failed.png">
                </img>
                <span class="method-name">runScenario("Home Page", "Data Structure Home page - DS_Introduction")</span>
                <span class="method-start">33721 ms</span>
              </div> <!-- test-method -->
              <div class="test-method">
                <img src="failed.png">
                </img>
                <span class="method-name">runScenario("", "Data Structure Home page - DS_Introduction")</span>
                <span class="method-start">35922 ms</span>
              </div> <!-- test-method -->
              <div class="test-method">
                <span class="method-name">runScenario("Python editor", "Data Structure Home page - DS_Introduction")</span>
                <span class="method-start">35933 ms</span>
              </div> <!-- test-method -->
              <div class="test-method">
                <span class="method-name">runScenario("getting started to graph page", "To test graph page")</span>
                <span class="method-start">37274 ms</span>
              </div> <!-- test-method -->
              <div class="test-method">
                <img src="failed.png">
                </img>
                <span class="method-name">runScenario("inspecting another topic in queue", "To test graph page")</span>
                <span class="method-start">37753 ms</span>
              </div> <!-- test-method -->
              <div class="test-method">
                <span class="method-name">runScenario("practice Questions", "To test graph page")</span>
                <span class="method-start">37821 ms</span>
              </div> <!-- test-method -->
              <div class="test-method">
                <img src="failed.png">
                </img>
                <span class="method-name">runScenario("To check Linked List page functionality", "Getting Started to Signin DS_Algo Portal")</span>
                <span class="method-start">39572 ms</span>
              </div> <!-- test-method -->
              <div class="test-method">
                <img src="failed.png">
                </img>
                <span class="method-name">runScenario("To check Linked List page functionality", "Getting Started to Signin DS_Algo Portal")</span>
                <span class="method-start">42427 ms</span>
              </div> <!-- test-method -->
              <div class="test-method">
                <span class="method-name">runScenario("check Linked List page functionality", "Getting Started to Signin DS_Algo Portal")</span>
                <span class="method-start">43085 ms</span>
              </div> <!-- test-method -->
              <div class="test-method">
                <span class="method-name">runScenario("To check Linked List page functionality", "Getting Started to Signin DS_Algo Portal")</span>
                <span class="method-start">43176 ms</span>
              </div> <!-- test-method -->
              <div class="test-method">
                <span class="method-name">runScenario("To check Linked List page functionality", "Getting Started to Signin DS_Algo Portal")</span>
                <span class="method-start">43408 ms</span>
              </div> <!-- test-method -->
              <div class="test-method">
                <span class="method-name">runScenario("To check Linked List page functionality", "Getting Started to Signin DS_Algo Portal")</span>
                <span class="method-start">44945 ms</span>
              </div> <!-- test-method -->
              <div class="test-method">
                <span class="method-name">runScenario("To check Linked List page functionality", "Getting Started to Signin DS_Algo Portal")</span>
                <span class="method-start">45993 ms</span>
              </div> <!-- test-method -->
              <div class="test-method">
                <span class="method-name">runScenario("check Linked List page functionality", "Getting Started to Signin DS_Algo Portal")</span>
                <span class="method-start">46756 ms</span>
              </div> <!-- test-method -->
              <div class="test-method">
                <span class="method-name">runScenario("check Linked List page functionality", "Getting Started to Signin DS_Algo Portal")</span>
                <span class="method-start">47197 ms</span>
              </div> <!-- test-method -->
              <div class="test-method">
                <img src="failed.png">
                </img>
                <span class="method-name">runScenario("To check Stack page functionality-operations in stack", "Stack page functionality")</span>
                <span class="method-start">47598 ms</span>
              </div> <!-- test-method -->
              <div class="test-method">
                <img src="failed.png">
                </img>
                <span class="method-name">runScenario("To check Stack page functionality-Implementation", "Stack page functionality")</span>
                <span class="method-start">48836 ms</span>
              </div> <!-- test-method -->
              <div class="test-method">
                <span class="method-name">runScenario("To check Stack page functionality-Application Practice", "Stack page functionality")</span>
                <span class="method-start">51394 ms</span>
              </div> <!-- test-method -->
              <div class="test-method">
                <span class="method-name">runScenario("Clicking the get started in Queue", "Data Structure Home page")</span>
                <span class="method-start">52357 ms</span>
              </div> <!-- test-method -->
              <div class="test-method">
                <img src="failed.png">
                </img>
                <span class="method-name">runScenario("Gettin started in Queue with other topic", "Data Structure Home page")</span>
                <span class="method-start">52891 ms</span>
              </div> <!-- test-method -->
              <div class="test-method">
                <img src="failed.png">
                </img>
                <span class="method-name">runScenario("Queue invalid passing code", "Data Structure Home page")</span>
                <span class="method-start">53631 ms</span>
              </div> <!-- test-method -->
              <div class="test-method">
                <img src="failed.png">
                </img>
                <span class="method-name">runScenario("Getting started in Queue", "Data Structure Home page")</span>
                <span class="method-start">55400 ms</span>
              </div> <!-- test-method -->
              <div class="test-method">
                <span class="method-name">runScenario("Getting started in Queue with another topic", "Data Structure Home page")</span>
                <span class="method-start">56172 ms</span>
              </div> <!-- test-method -->
              <div class="test-method">
                <span class="method-name">runScenario("Practice Question Paper", "Data Structure Home page")</span>
                <span class="method-start">56758 ms</span>
              </div> <!-- test-method -->
              <div class="test-method">
                <img src="failed.png">
                </img>
                <span class="method-name">runScenario("DS_Algo signin page", "Getting Started to Signin DS_Algo Portal")</span>
                <span class="method-start">57235 ms</span>
              </div> <!-- test-method -->
              <div class="test-method">
                <img src="failed.png">
                </img>
                <span class="method-name">runScenario("DS_Algo signin page", "Getting Started to Signin DS_Algo Portal")</span>
                <span class="method-start">58190 ms</span>
              </div> <!-- test-method -->
              <div class="test-method">
                <img src="failed.png">
                </img>
                <span class="method-name">runScenario("This test is to verify the Registration page", "Registration process of the user")</span>
                <span class="method-start">58665 ms</span>
              </div> <!-- test-method -->
              <div class="test-method">
                <img src="failed.png">
                </img>
                <span class="method-name">runScenario("The user tries to Register without username and password", "Registration process of the user")</span>
                <span class="method-start">60931 ms</span>
              </div> <!-- test-method -->
              <div class="test-method">
                <img src="failed.png">
                </img>
                <span class="method-name">runScenario("The user tries to Register", "Registration process of the user")</span>
                <span class="method-start">62422 ms</span>
              </div> <!-- test-method -->
              <div class="test-method">
                <img src="failed.png">
                </img>
                <span class="method-name">runScenario("The user tries to Register", "Registration process of the user")</span>
                <span class="method-start">62526 ms</span>
              </div> <!-- test-method -->
              <div class="test-method">
                <img src="failed.png">
                </img>
                <span class="method-name">runScenario("The user tries to Register", "Registration process of the user")</span>
                <span class="method-start">63567 ms</span>
              </div> <!-- test-method -->
              <div class="test-method">
                <img src="failed.png">
                </img>
                <span class="method-name">runScenario("The user tries to Register", "Registration process of the user")</span>
                <span class="method-start">64737 ms</span>
              </div> <!-- test-method -->
              <div class="test-method">
                <img src="failed.png">
                </img>
                <span class="method-name">runScenario("The user tries to Register", "Registration process of the user")</span>
                <span class="method-start">65162 ms</span>
              </div> <!-- test-method -->
              <div class="test-method">
                <img src="failed.png">
                </img>
                <span class="method-name">runScenario("The user tries to Register", "Registration process of the user")</span>
                <span class="method-start">65504 ms</span>
              </div> <!-- test-method -->
              <div class="test-method">
                <span class="method-name">runScenario("This test is to verify the GetStarted button", "Getting Started to DS_Algo Portal")</span>
                <span class="method-start">66514 ms</span>
              </div> <!-- test-method -->
              <div class="test-method">
                <img src="failed.png">
                </img>
                <span class="method-name">runScenario("User tries to click on something on homepage", "Getting Started to DS_Algo Portal")</span>
                <span class="method-start">66544 ms</span>
              </div> <!-- test-method -->
              <div class="configuration-class after">
                <span class="method-name">tearDownClass</span>
                <span class="method-start">71996 ms</span>
              </div> <!-- configuration-class after -->
          </div> <!-- main-panel-content rounded-window-bottom -->
        </div> <!-- panel -->
      </div> <!-- main-panel-root -->
    </div> <!-- wrapper -->
  </body>
</html>
