<?xml version="1.0" encoding="UTF-8"?>
<testng-results ignored="0" total="63" passed="63" failed="0" skipped="0">
  <reporter-output>
  </reporter-output>
  <suite started-at="2024-03-13T16:41:14Z" name="Default suite" finished-at="2024-03-13T16:42:19Z" duration-ms="65066">
    <groups>
      <group name="cucumber">
        <method signature="AbstractTestNGCucumberTests.runScenario(io.cucumber.testng.PickleWrapper, io.cucumber.testng.FeatureWrapper)[pri:0, instance:runner.TestNGRunner@4a183d02]" name="runScenario" class="io.cucumber.testng.AbstractTestNGCucumberTests"/>
      </group> <!-- cucumber -->
    </groups>
    <test started-at="2024-03-13T16:41:14Z" name="Default test" finished-at="2024-03-13T16:42:19Z" duration-ms="65066">
      <class name="runner.TestNGRunner">
        <test-method is-config="true" signature="setUpClass(org.testng.ITestContext)[pri:0, instance:runner.TestNGRunner@4a183d02]" started-at="2024-03-13T12:41:14Z" name="setUpClass" finished-at="2024-03-13T12:41:15Z" duration-ms="1039" status="PASS">
          <params>
            <param index="0">
              <value>
                <![CDATA[org.testng.TestRunner@4c3de38e]]>
              </value>
            </param>
          </params>
          <reporter-output>
          </reporter-output>
        </test-method> <!-- setUpClass -->
        <test-method signature="runScenario(io.cucumber.testng.PickleWrapper, io.cucumber.testng.FeatureWrapper)[pri:0, instance:runner.TestNGRunner@4a183d02]" started-at="2024-03-13T12:41:15Z" name="runScenario" description="Runs Cucumber Scenarios" data-provider="scenarios" finished-at="2024-03-13T12:41:27Z" duration-ms="11350" status="PASS">
          <params>
            <param index="0">
              <value>
                <![CDATA["The user tries to Register"]]>
              </value>
            </param>
            <param index="1">
              <value>
                <![CDATA["Registration process of the user"]]>
              </value>
            </param>
          </params>
          <reporter-output>
          </reporter-output>
        </test-method> <!-- runScenario -->
        <test-method signature="runScenario(io.cucumber.testng.PickleWrapper, io.cucumber.testng.FeatureWrapper)[pri:0, instance:runner.TestNGRunner@4a183d02]" started-at="2024-03-13T12:41:15Z" name="runScenario" description="Runs Cucumber Scenarios" data-provider="scenarios" finished-at="2024-03-13T12:41:25Z" duration-ms="9823" status="PASS">
          <params>
            <param index="0">
              <value>
                <![CDATA["The user tries to Register"]]>
              </value>
            </param>
            <param index="1">
              <value>
                <![CDATA["Registration process of the user"]]>
              </value>
            </param>
          </params>
          <reporter-output>
          </reporter-output>
        </test-method> <!-- runScenario -->
        <test-method signature="runScenario(io.cucumber.testng.PickleWrapper, io.cucumber.testng.FeatureWrapper)[pri:0, instance:runner.TestNGRunner@4a183d02]" started-at="2024-03-13T12:41:15Z" name="runScenario" description="Runs Cucumber Scenarios" data-provider="scenarios" finished-at="2024-03-13T12:41:26Z" duration-ms="10105" status="PASS">
          <params>
            <param index="0">
              <value>
                <![CDATA["The user tries to Register without username and password"]]>
              </value>
            </param>
            <param index="1">
              <value>
                <![CDATA["Registration process of the user"]]>
              </value>
            </param>
          </params>
          <reporter-output>
          </reporter-output>
        </test-method> <!-- runScenario -->
        <test-method signature="runScenario(io.cucumber.testng.PickleWrapper, io.cucumber.testng.FeatureWrapper)[pri:0, instance:runner.TestNGRunner@4a183d02]" started-at="2024-03-13T12:41:15Z" name="runScenario" description="Runs Cucumber Scenarios" data-provider="scenarios" finished-at="2024-03-13T12:41:25Z" duration-ms="9449" status="PASS">
          <params>
            <param index="0">
              <value>
                <![CDATA["The user tries to Register"]]>
              </value>
            </param>
            <param index="1">
              <value>
                <![CDATA["Registration process of the user"]]>
              </value>
            </param>
          </params>
          <reporter-output>
          </reporter-output>
        </test-method> <!-- runScenario -->
        <test-method signature="runScenario(io.cucumber.testng.PickleWrapper, io.cucumber.testng.FeatureWrapper)[pri:0, instance:runner.TestNGRunner@4a183d02]" started-at="2024-03-13T12:41:15Z" name="runScenario" description="Runs Cucumber Scenarios" data-provider="scenarios" finished-at="2024-03-13T12:41:28Z" duration-ms="12449" status="PASS">
          <params>
            <param index="0">
              <value>
                <![CDATA["Verify Arrays in Python link redirects to Arrays in Python page."]]>
              </value>
            </param>
            <param index="1">
              <value>
                <![CDATA["Testing the Array Page"]]>
              </value>
            </param>
          </params>
          <reporter-output>
          </reporter-output>
        </test-method> <!-- runScenario -->
        <test-method signature="runScenario(io.cucumber.testng.PickleWrapper, io.cucumber.testng.FeatureWrapper)[pri:0, instance:runner.TestNGRunner@4a183d02]" started-at="2024-03-13T12:41:15Z" name="runScenario" description="Runs Cucumber Scenarios" data-provider="scenarios" finished-at="2024-03-13T12:41:26Z" duration-ms="10613" status="PASS">
          <params>
            <param index="0">
              <value>
                <![CDATA["The user tries to Register"]]>
              </value>
            </param>
            <param index="1">
              <value>
                <![CDATA["Registration process of the user"]]>
              </value>
            </param>
          </params>
          <reporter-output>
          </reporter-output>
        </test-method> <!-- runScenario -->
        <test-method signature="runScenario(io.cucumber.testng.PickleWrapper, io.cucumber.testng.FeatureWrapper)[pri:0, instance:runner.TestNGRunner@4a183d02]" started-at="2024-03-13T12:41:15Z" name="runScenario" description="Runs Cucumber Scenarios" data-provider="scenarios" finished-at="2024-03-13T12:41:24Z" duration-ms="8416" status="PASS">
          <params>
            <param index="0">
              <value>
                <![CDATA["This test is to verify the Registration page"]]>
              </value>
            </param>
            <param index="1">
              <value>
                <![CDATA["Registration process of the user"]]>
              </value>
            </param>
          </params>
          <reporter-output>
          </reporter-output>
        </test-method> <!-- runScenario -->
        <test-method signature="runScenario(io.cucumber.testng.PickleWrapper, io.cucumber.testng.FeatureWrapper)[pri:0, instance:runner.TestNGRunner@4a183d02]" started-at="2024-03-13T12:41:15Z" name="runScenario" description="Runs Cucumber Scenarios" data-provider="scenarios" finished-at="2024-03-13T12:41:32Z" duration-ms="16725" status="PASS">
          <params>
            <param index="0">
              <value>
                <![CDATA["Verify user is able to navigate into DS_Algo Array Page"]]>
              </value>
            </param>
            <param index="1">
              <value>
                <![CDATA["Testing the Array Page"]]>
              </value>
            </param>
          </params>
          <reporter-output>
          </reporter-output>
        </test-method> <!-- runScenario -->
        <test-method signature="runScenario(io.cucumber.testng.PickleWrapper, io.cucumber.testng.FeatureWrapper)[pri:0, instance:runner.TestNGRunner@4a183d02]" started-at="2024-03-13T12:41:15Z" name="runScenario" description="Runs Cucumber Scenarios" data-provider="scenarios" finished-at="2024-03-13T12:41:25Z" duration-ms="9823" status="PASS">
          <params>
            <param index="0">
              <value>
                <![CDATA["The user tries to Register"]]>
              </value>
            </param>
            <param index="1">
              <value>
                <![CDATA["Registration process of the user"]]>
              </value>
            </param>
          </params>
          <reporter-output>
          </reporter-output>
        </test-method> <!-- runScenario -->
        <test-method signature="runScenario(io.cucumber.testng.PickleWrapper, io.cucumber.testng.FeatureWrapper)[pri:0, instance:runner.TestNGRunner@4a183d02]" started-at="2024-03-13T12:41:15Z" name="runScenario" description="Runs Cucumber Scenarios" data-provider="scenarios" finished-at="2024-03-13T12:41:25Z" duration-ms="9119" status="PASS">
          <params>
            <param index="0">
              <value>
                <![CDATA["The user tries to Register"]]>
              </value>
            </param>
            <param index="1">
              <value>
                <![CDATA["Registration process of the user"]]>
              </value>
            </param>
          </params>
          <reporter-output>
          </reporter-output>
        </test-method> <!-- runScenario -->
        <test-method signature="runScenario(io.cucumber.testng.PickleWrapper, io.cucumber.testng.FeatureWrapper)[pri:0, instance:runner.TestNGRunner@4a183d02]" started-at="2024-03-13T12:41:24Z" name="runScenario" description="Runs Cucumber Scenarios" data-provider="scenarios" finished-at="2024-03-13T12:41:32Z" duration-ms="7786" status="PASS">
          <params>
            <param index="0">
              <value>
                <![CDATA["Verify the Arrays using List menu navigates to Arrays Using List page"]]>
              </value>
            </param>
            <param index="1">
              <value>
                <![CDATA["Testing the Array Page"]]>
              </value>
            </param>
          </params>
          <reporter-output>
          </reporter-output>
        </test-method> <!-- runScenario -->
        <test-method signature="runScenario(io.cucumber.testng.PickleWrapper, io.cucumber.testng.FeatureWrapper)[pri:0, instance:runner.TestNGRunner@4a183d02]" started-at="2024-03-13T12:41:25Z" name="runScenario" description="Runs Cucumber Scenarios" data-provider="scenarios" finished-at="2024-03-13T12:41:32Z" duration-ms="7226" status="PASS">
          <params>
            <param index="0">
              <value>
                <![CDATA["Verify the Basic Operations in Lists menu navigates to Basic Operations in Lists page"]]>
              </value>
            </param>
            <param index="1">
              <value>
                <![CDATA["Testing the Array Page"]]>
              </value>
            </param>
          </params>
          <reporter-output>
          </reporter-output>
        </test-method> <!-- runScenario -->
        <test-method signature="runScenario(io.cucumber.testng.PickleWrapper, io.cucumber.testng.FeatureWrapper)[pri:0, instance:runner.TestNGRunner@4a183d02]" started-at="2024-03-13T12:41:25Z" name="runScenario" description="Runs Cucumber Scenarios" data-provider="scenarios" finished-at="2024-03-13T12:41:32Z" duration-ms="7227" status="PASS">
          <params>
            <param index="0">
              <value>
                <![CDATA["Verify the Applications of Array navigates to Applications of Array page"]]>
              </value>
            </param>
            <param index="1">
              <value>
                <![CDATA["Testing the Array Page"]]>
              </value>
            </param>
          </params>
          <reporter-output>
          </reporter-output>
        </test-method> <!-- runScenario -->
        <test-method signature="runScenario(io.cucumber.testng.PickleWrapper, io.cucumber.testng.FeatureWrapper)[pri:0, instance:runner.TestNGRunner@4a183d02]" started-at="2024-03-13T12:41:25Z" name="runScenario" description="Runs Cucumber Scenarios" data-provider="scenarios" finished-at="2024-03-13T12:41:32Z" duration-ms="7180" status="PASS">
          <params>
            <param index="0">
              <value>
                <![CDATA["Verify the Try here button is redirecting the user to the python editor."]]>
              </value>
            </param>
            <param index="1">
              <value>
                <![CDATA["Testing the Array Page"]]>
              </value>
            </param>
          </params>
          <reporter-output>
          </reporter-output>
        </test-method> <!-- runScenario -->
        <test-method signature="runScenario(io.cucumber.testng.PickleWrapper, io.cucumber.testng.FeatureWrapper)[pri:0, instance:runner.TestNGRunner@4a183d02]" started-at="2024-03-13T12:41:25Z" name="runScenario" description="Runs Cucumber Scenarios" data-provider="scenarios" finished-at="2024-03-13T12:41:37Z" duration-ms="12167" status="PASS">
          <params>
            <param index="0">
              <value>
                <![CDATA["Verify the Python Editor is throwing error when an invalid code is given, compiles the program and produces a alert window"]]>
              </value>
            </param>
            <param index="1">
              <value>
                <![CDATA["Testing the Array Page"]]>
              </value>
            </param>
          </params>
          <reporter-output>
          </reporter-output>
        </test-method> <!-- runScenario -->
        <test-method signature="runScenario(io.cucumber.testng.PickleWrapper, io.cucumber.testng.FeatureWrapper)[pri:0, instance:runner.TestNGRunner@4a183d02]" started-at="2024-03-13T12:41:26Z" name="runScenario" description="Runs Cucumber Scenarios" data-provider="scenarios" finished-at="2024-03-13T12:41:37Z" duration-ms="11716" status="PASS">
          <params>
            <param index="0">
              <value>
                <![CDATA["Verify the Python Editor when an valid code is given"]]>
              </value>
            </param>
            <param index="1">
              <value>
                <![CDATA["Testing the Array Page"]]>
              </value>
            </param>
          </params>
          <reporter-output>
          </reporter-output>
        </test-method> <!-- runScenario -->
        <test-method signature="runScenario(io.cucumber.testng.PickleWrapper, io.cucumber.testng.FeatureWrapper)[pri:0, instance:runner.TestNGRunner@4a183d02]" started-at="2024-03-13T12:41:26Z" name="runScenario" description="Runs Cucumber Scenarios" data-provider="scenarios" finished-at="2024-03-13T12:41:34Z" duration-ms="7770" status="PASS">
          <params>
            <param index="0">
              <value>
                <![CDATA["Verify the practice questions page has all the 4 links mentioned."]]>
              </value>
            </param>
            <param index="1">
              <value>
                <![CDATA["Testing the Array Page"]]>
              </value>
            </param>
          </params>
          <reporter-output>
          </reporter-output>
        </test-method> <!-- runScenario -->
        <test-method signature="runScenario(io.cucumber.testng.PickleWrapper, io.cucumber.testng.FeatureWrapper)[pri:0, instance:runner.TestNGRunner@4a183d02]" started-at="2024-03-13T12:41:27Z" name="runScenario" description="Runs Cucumber Scenarios" data-provider="scenarios" finished-at="2024-03-13T12:41:35Z" duration-ms="8279" status="PASS">
          <params>
            <param index="0">
              <value>
                <![CDATA["Verify Practice Question 1 page has the question, code editor, run and submit buttons"]]>
              </value>
            </param>
            <param index="1">
              <value>
                <![CDATA["Testing the Array Page"]]>
              </value>
            </param>
          </params>
          <reporter-output>
          </reporter-output>
        </test-method> <!-- runScenario -->
        <test-method signature="runScenario(io.cucumber.testng.PickleWrapper, io.cucumber.testng.FeatureWrapper)[pri:0, instance:runner.TestNGRunner@4a183d02]" started-at="2024-03-13T12:41:28Z" name="runScenario" description="Runs Cucumber Scenarios" data-provider="scenarios" finished-at="2024-03-13T12:41:37Z" duration-ms="9079" status="PASS">
          <params>
            <param index="0">
              <value>
                <![CDATA["Verify Practice Question 2 page has the question, code editor, run and submit buttons"]]>
              </value>
            </param>
            <param index="1">
              <value>
                <![CDATA["Testing the Array Page"]]>
              </value>
            </param>
          </params>
          <reporter-output>
          </reporter-output>
        </test-method> <!-- runScenario -->
        <test-method signature="runScenario(io.cucumber.testng.PickleWrapper, io.cucumber.testng.FeatureWrapper)[pri:0, instance:runner.TestNGRunner@4a183d02]" started-at="2024-03-13T12:41:32Z" name="runScenario" description="Runs Cucumber Scenarios" data-provider="scenarios" finished-at="2024-03-13T12:41:38Z" duration-ms="6536" status="PASS">
          <params>
            <param index="0">
              <value>
                <![CDATA["Verify Practice Question 3 page has the question, code editor, run and submit buttons"]]>
              </value>
            </param>
            <param index="1">
              <value>
                <![CDATA["Testing the Array Page"]]>
              </value>
            </param>
          </params>
          <reporter-output>
          </reporter-output>
        </test-method> <!-- runScenario -->
        <test-method signature="runScenario(io.cucumber.testng.PickleWrapper, io.cucumber.testng.FeatureWrapper)[pri:0, instance:runner.TestNGRunner@4a183d02]" started-at="2024-03-13T12:41:32Z" name="runScenario" description="Runs Cucumber Scenarios" data-provider="scenarios" finished-at="2024-03-13T12:41:39Z" duration-ms="7346" status="PASS">
          <params>
            <param index="0">
              <value>
                <![CDATA["Verify Practice Question 4 page has the question, code editor, run and submit buttons"]]>
              </value>
            </param>
            <param index="1">
              <value>
                <![CDATA["Testing the Array Page"]]>
              </value>
            </param>
          </params>
          <reporter-output>
          </reporter-output>
        </test-method> <!-- runScenario -->
        <test-method signature="runScenario(io.cucumber.testng.PickleWrapper, io.cucumber.testng.FeatureWrapper)[pri:0, instance:runner.TestNGRunner@4a183d02]" started-at="2024-03-13T12:41:32Z" name="runScenario" description="Runs Cucumber Scenarios" data-provider="scenarios" finished-at="2024-03-13T12:41:41Z" duration-ms="8620" status="PASS">
          <params>
            <param index="0">
              <value>
                <![CDATA["verify submitting the practice question with no code in search the array link"]]>
              </value>
            </param>
            <param index="1">
              <value>
                <![CDATA["Testing the Array Page"]]>
              </value>
            </param>
          </params>
          <reporter-output>
          </reporter-output>
        </test-method> <!-- runScenario -->
        <test-method signature="runScenario(io.cucumber.testng.PickleWrapper, io.cucumber.testng.FeatureWrapper)[pri:0, instance:runner.TestNGRunner@4a183d02]" started-at="2024-03-13T12:41:32Z" name="runScenario" description="Runs Cucumber Scenarios" data-provider="scenarios" finished-at="2024-03-13T12:41:41Z" duration-ms="8468" status="PASS">
          <params>
            <param index="0">
              <value>
                <![CDATA["verify submitting the practice question with no code in max consecutive ones"]]>
              </value>
            </param>
            <param index="1">
              <value>
                <![CDATA["Testing the Array Page"]]>
              </value>
            </param>
          </params>
          <reporter-output>
          </reporter-output>
        </test-method> <!-- runScenario -->
        <test-method signature="runScenario(io.cucumber.testng.PickleWrapper, io.cucumber.testng.FeatureWrapper)[pri:0, instance:runner.TestNGRunner@4a183d02]" started-at="2024-03-13T12:41:32Z" name="runScenario" description="Runs Cucumber Scenarios" data-provider="scenarios" finished-at="2024-03-13T12:41:43Z" duration-ms="10246" status="PASS">
          <params>
            <param index="0">
              <value>
                <![CDATA["verify running the practice question with no code in find numbers with even number of digits"]]>
              </value>
            </param>
            <param index="1">
              <value>
                <![CDATA["Testing the Array Page"]]>
              </value>
            </param>
          </params>
          <reporter-output>
          </reporter-output>
        </test-method> <!-- runScenario -->
        <test-method signature="runScenario(io.cucumber.testng.PickleWrapper, io.cucumber.testng.FeatureWrapper)[pri:0, instance:runner.TestNGRunner@4a183d02]" started-at="2024-03-13T12:41:34Z" name="runScenario" description="Runs Cucumber Scenarios" data-provider="scenarios" finished-at="2024-03-13T12:41:44Z" duration-ms="10406" status="PASS">
          <params>
            <param index="0">
              <value>
                <![CDATA["verify submitting the practice question with no code in squares of a sorted array"]]>
              </value>
            </param>
            <param index="1">
              <value>
                <![CDATA["Testing the Array Page"]]>
              </value>
            </param>
          </params>
          <reporter-output>
          </reporter-output>
        </test-method> <!-- runScenario -->
        <test-method signature="runScenario(io.cucumber.testng.PickleWrapper, io.cucumber.testng.FeatureWrapper)[pri:0, instance:runner.TestNGRunner@4a183d02]" started-at="2024-03-13T12:41:35Z" name="runScenario" description="Runs Cucumber Scenarios" data-provider="scenarios" finished-at="2024-03-13T12:41:50Z" duration-ms="15195" status="PASS">
          <params>
            <param index="0">
              <value>
                <![CDATA["verify submitting the practice question with valid code in search the array link"]]>
              </value>
            </param>
            <param index="1">
              <value>
                <![CDATA["Testing the Array Page"]]>
              </value>
            </param>
          </params>
          <reporter-output>
          </reporter-output>
        </test-method> <!-- runScenario -->
        <test-method signature="runScenario(io.cucumber.testng.PickleWrapper, io.cucumber.testng.FeatureWrapper)[pri:0, instance:runner.TestNGRunner@4a183d02]" started-at="2024-03-13T12:41:37Z" name="runScenario" description="Runs Cucumber Scenarios" data-provider="scenarios" finished-at="2024-03-13T12:41:46Z" duration-ms="9083" status="PASS">
          <params>
            <param index="0">
              <value>
                <![CDATA["Clicking the get started in Queue"]]>
              </value>
            </param>
            <param index="1">
              <value>
                <![CDATA["Data Structure Home page"]]>
              </value>
            </param>
          </params>
          <reporter-output>
          </reporter-output>
        </test-method> <!-- runScenario -->
        <test-method signature="runScenario(io.cucumber.testng.PickleWrapper, io.cucumber.testng.FeatureWrapper)[pri:0, instance:runner.TestNGRunner@4a183d02]" started-at="2024-03-13T12:41:37Z" name="runScenario" description="Runs Cucumber Scenarios" data-provider="scenarios" finished-at="2024-03-13T12:41:47Z" duration-ms="9411" status="PASS">
          <params>
            <param index="0">
              <value>
                <![CDATA["Gettin started in Queue with other topic"]]>
              </value>
            </param>
            <param index="1">
              <value>
                <![CDATA["Data Structure Home page"]]>
              </value>
            </param>
          </params>
          <reporter-output>
          </reporter-output>
        </test-method> <!-- runScenario -->
        <test-method signature="runScenario(io.cucumber.testng.PickleWrapper, io.cucumber.testng.FeatureWrapper)[pri:0, instance:runner.TestNGRunner@4a183d02]" started-at="2024-03-13T12:41:37Z" name="runScenario" description="Runs Cucumber Scenarios" data-provider="scenarios" finished-at="2024-03-13T12:41:47Z" duration-ms="9708" status="PASS">
          <params>
            <param index="0">
              <value>
                <![CDATA["Queue invalid passing code"]]>
              </value>
            </param>
            <param index="1">
              <value>
                <![CDATA["Data Structure Home page"]]>
              </value>
            </param>
          </params>
          <reporter-output>
          </reporter-output>
        </test-method> <!-- runScenario -->
        <test-method signature="runScenario(io.cucumber.testng.PickleWrapper, io.cucumber.testng.FeatureWrapper)[pri:0, instance:runner.TestNGRunner@4a183d02]" started-at="2024-03-13T12:41:38Z" name="runScenario" description="Runs Cucumber Scenarios" data-provider="scenarios" finished-at="2024-03-13T12:41:51Z" duration-ms="12358" status="PASS">
          <params>
            <param index="0">
              <value>
                <![CDATA["Getting started in Queue"]]>
              </value>
            </param>
            <param index="1">
              <value>
                <![CDATA["Data Structure Home page"]]>
              </value>
            </param>
          </params>
          <reporter-output>
          </reporter-output>
        </test-method> <!-- runScenario -->
        <test-method signature="runScenario(io.cucumber.testng.PickleWrapper, io.cucumber.testng.FeatureWrapper)[pri:0, instance:runner.TestNGRunner@4a183d02]" started-at="2024-03-13T12:41:39Z" name="runScenario" description="Runs Cucumber Scenarios" data-provider="scenarios" finished-at="2024-03-13T12:41:52Z" duration-ms="12757" status="PASS">
          <params>
            <param index="0">
              <value>
                <![CDATA["Getting started in Queue with another topic"]]>
              </value>
            </param>
            <param index="1">
              <value>
                <![CDATA["Data Structure Home page"]]>
              </value>
            </param>
          </params>
          <reporter-output>
          </reporter-output>
        </test-method> <!-- runScenario -->
        <test-method signature="runScenario(io.cucumber.testng.PickleWrapper, io.cucumber.testng.FeatureWrapper)[pri:0, instance:runner.TestNGRunner@4a183d02]" started-at="2024-03-13T12:41:41Z" name="runScenario" description="Runs Cucumber Scenarios" data-provider="scenarios" finished-at="2024-03-13T12:41:51Z" duration-ms="10747" status="PASS">
          <params>
            <param index="0">
              <value>
                <![CDATA["Practice Question Paper"]]>
              </value>
            </param>
            <param index="1">
              <value>
                <![CDATA["Data Structure Home page"]]>
              </value>
            </param>
          </params>
          <reporter-output>
          </reporter-output>
        </test-method> <!-- runScenario -->
        <test-method signature="runScenario(io.cucumber.testng.PickleWrapper, io.cucumber.testng.FeatureWrapper)[pri:0, instance:runner.TestNGRunner@4a183d02]" started-at="2024-03-13T12:41:41Z" name="runScenario" description="Runs Cucumber Scenarios" data-provider="scenarios" finished-at="2024-03-13T12:41:51Z" duration-ms="10297" status="PASS">
          <params>
            <param index="0">
              <value>
                <![CDATA["Home Page"]]>
              </value>
            </param>
            <param index="1">
              <value>
                <![CDATA["Data Structure Home page - DS_Introduction"]]>
              </value>
            </param>
          </params>
          <reporter-output>
          </reporter-output>
        </test-method> <!-- runScenario -->
        <test-method signature="runScenario(io.cucumber.testng.PickleWrapper, io.cucumber.testng.FeatureWrapper)[pri:0, instance:runner.TestNGRunner@4a183d02]" started-at="2024-03-13T12:41:43Z" name="runScenario" description="Runs Cucumber Scenarios" data-provider="scenarios" finished-at="2024-03-13T12:41:53Z" duration-ms="10531" status="PASS">
          <params>
            <param index="0">
              <value>
                <![CDATA["Home Page"]]>
              </value>
            </param>
            <param index="1">
              <value>
                <![CDATA["Data Structure Home page - DS_Introduction"]]>
              </value>
            </param>
          </params>
          <reporter-output>
          </reporter-output>
        </test-method> <!-- runScenario -->
        <test-method signature="runScenario(io.cucumber.testng.PickleWrapper, io.cucumber.testng.FeatureWrapper)[pri:0, instance:runner.TestNGRunner@4a183d02]" started-at="2024-03-13T12:41:44Z" name="runScenario" description="Runs Cucumber Scenarios" data-provider="scenarios" finished-at="2024-03-13T12:41:56Z" duration-ms="12174" status="PASS">
          <params>
            <param index="0">
              <value>
                <![CDATA["Python editor"]]>
              </value>
            </param>
            <param index="1">
              <value>
                <![CDATA["Data Structure Home page - DS_Introduction"]]>
              </value>
            </param>
          </params>
          <reporter-output>
          </reporter-output>
        </test-method> <!-- runScenario -->
        <test-method signature="runScenario(io.cucumber.testng.PickleWrapper, io.cucumber.testng.FeatureWrapper)[pri:0, instance:runner.TestNGRunner@4a183d02]" started-at="2024-03-13T12:41:46Z" name="runScenario" description="Runs Cucumber Scenarios" data-provider="scenarios" finished-at="2024-03-13T12:41:56Z" duration-ms="9492" status="PASS">
          <params>
            <param index="0">
              <value>
                <![CDATA["To check Linked List page functionality"]]>
              </value>
            </param>
            <param index="1">
              <value>
                <![CDATA["Getting Started to Signin DS_Algo Portal"]]>
              </value>
            </param>
          </params>
          <reporter-output>
          </reporter-output>
        </test-method> <!-- runScenario -->
        <test-method signature="runScenario(io.cucumber.testng.PickleWrapper, io.cucumber.testng.FeatureWrapper)[pri:0, instance:runner.TestNGRunner@4a183d02]" started-at="2024-03-13T12:41:47Z" name="runScenario" description="Runs Cucumber Scenarios" data-provider="scenarios" finished-at="2024-03-13T12:41:56Z" duration-ms="9173" status="PASS">
          <params>
            <param index="0">
              <value>
                <![CDATA["To check Linked List page functionality"]]>
              </value>
            </param>
            <param index="1">
              <value>
                <![CDATA["Getting Started to Signin DS_Algo Portal"]]>
              </value>
            </param>
          </params>
          <reporter-output>
          </reporter-output>
        </test-method> <!-- runScenario -->
        <test-method signature="runScenario(io.cucumber.testng.PickleWrapper, io.cucumber.testng.FeatureWrapper)[pri:0, instance:runner.TestNGRunner@4a183d02]" started-at="2024-03-13T12:41:47Z" name="runScenario" description="Runs Cucumber Scenarios" data-provider="scenarios" finished-at="2024-03-13T12:41:57Z" duration-ms="10087" status="PASS">
          <params>
            <param index="0">
              <value>
                <![CDATA["check Linked List page functionality"]]>
              </value>
            </param>
            <param index="1">
              <value>
                <![CDATA["Getting Started to Signin DS_Algo Portal"]]>
              </value>
            </param>
          </params>
          <reporter-output>
          </reporter-output>
        </test-method> <!-- runScenario -->
        <test-method signature="runScenario(io.cucumber.testng.PickleWrapper, io.cucumber.testng.FeatureWrapper)[pri:0, instance:runner.TestNGRunner@4a183d02]" started-at="2024-03-13T12:41:50Z" name="runScenario" description="Runs Cucumber Scenarios" data-provider="scenarios" finished-at="2024-03-13T12:41:58Z" duration-ms="8177" status="PASS">
          <params>
            <param index="0">
              <value>
                <![CDATA["To check Linked List page functionality"]]>
              </value>
            </param>
            <param index="1">
              <value>
                <![CDATA["Getting Started to Signin DS_Algo Portal"]]>
              </value>
            </param>
          </params>
          <reporter-output>
          </reporter-output>
        </test-method> <!-- runScenario -->
        <test-method signature="runScenario(io.cucumber.testng.PickleWrapper, io.cucumber.testng.FeatureWrapper)[pri:0, instance:runner.TestNGRunner@4a183d02]" started-at="2024-03-13T12:41:51Z" name="runScenario" description="Runs Cucumber Scenarios" data-provider="scenarios" finished-at="2024-03-13T12:42:02Z" duration-ms="11187" status="PASS">
          <params>
            <param index="0">
              <value>
                <![CDATA["To check Linked List page functionality"]]>
              </value>
            </param>
            <param index="1">
              <value>
                <![CDATA["Getting Started to Signin DS_Algo Portal"]]>
              </value>
            </param>
          </params>
          <reporter-output>
          </reporter-output>
        </test-method> <!-- runScenario -->
        <test-method signature="runScenario(io.cucumber.testng.PickleWrapper, io.cucumber.testng.FeatureWrapper)[pri:0, instance:runner.TestNGRunner@4a183d02]" started-at="2024-03-13T12:41:51Z" name="runScenario" description="Runs Cucumber Scenarios" data-provider="scenarios" finished-at="2024-03-13T12:41:59Z" duration-ms="8333" status="PASS">
          <params>
            <param index="0">
              <value>
                <![CDATA["To check Linked List page functionality"]]>
              </value>
            </param>
            <param index="1">
              <value>
                <![CDATA["Getting Started to Signin DS_Algo Portal"]]>
              </value>
            </param>
          </params>
          <reporter-output>
          </reporter-output>
        </test-method> <!-- runScenario -->
        <test-method signature="runScenario(io.cucumber.testng.PickleWrapper, io.cucumber.testng.FeatureWrapper)[pri:0, instance:runner.TestNGRunner@4a183d02]" started-at="2024-03-13T12:41:51Z" name="runScenario" description="Runs Cucumber Scenarios" data-provider="scenarios" finished-at="2024-03-13T12:42:00Z" duration-ms="9034" status="PASS">
          <params>
            <param index="0">
              <value>
                <![CDATA["To check Linked List page functionality"]]>
              </value>
            </param>
            <param index="1">
              <value>
                <![CDATA["Getting Started to Signin DS_Algo Portal"]]>
              </value>
            </param>
          </params>
          <reporter-output>
          </reporter-output>
        </test-method> <!-- runScenario -->
        <test-method signature="runScenario(io.cucumber.testng.PickleWrapper, io.cucumber.testng.FeatureWrapper)[pri:0, instance:runner.TestNGRunner@4a183d02]" started-at="2024-03-13T12:41:52Z" name="runScenario" description="Runs Cucumber Scenarios" data-provider="scenarios" finished-at="2024-03-13T12:42:01Z" duration-ms="9415" status="PASS">
          <params>
            <param index="0">
              <value>
                <![CDATA["check Linked List page functionality"]]>
              </value>
            </param>
            <param index="1">
              <value>
                <![CDATA["Getting Started to Signin DS_Algo Portal"]]>
              </value>
            </param>
          </params>
          <reporter-output>
          </reporter-output>
        </test-method> <!-- runScenario -->
        <test-method signature="runScenario(io.cucumber.testng.PickleWrapper, io.cucumber.testng.FeatureWrapper)[pri:0, instance:runner.TestNGRunner@4a183d02]" started-at="2024-03-13T12:41:53Z" name="runScenario" description="Runs Cucumber Scenarios" data-provider="scenarios" finished-at="2024-03-13T12:42:05Z" duration-ms="11921" status="PASS">
          <params>
            <param index="0">
              <value>
                <![CDATA["check Linked List page functionality"]]>
              </value>
            </param>
            <param index="1">
              <value>
                <![CDATA["Getting Started to Signin DS_Algo Portal"]]>
              </value>
            </param>
          </params>
          <reporter-output>
          </reporter-output>
        </test-method> <!-- runScenario -->
        <test-method signature="runScenario(io.cucumber.testng.PickleWrapper, io.cucumber.testng.FeatureWrapper)[pri:0, instance:runner.TestNGRunner@4a183d02]" started-at="2024-03-13T12:41:56Z" name="runScenario" description="Runs Cucumber Scenarios" data-provider="scenarios" finished-at="2024-03-13T12:42:06Z" duration-ms="10021" status="PASS">
          <params>
            <param index="0">
              <value>
                <![CDATA["To check Stack page functionality-operations in stack"]]>
              </value>
            </param>
            <param index="1">
              <value>
                <![CDATA["Stack page functionality"]]>
              </value>
            </param>
          </params>
          <reporter-output>
          </reporter-output>
        </test-method> <!-- runScenario -->
        <test-method signature="runScenario(io.cucumber.testng.PickleWrapper, io.cucumber.testng.FeatureWrapper)[pri:0, instance:runner.TestNGRunner@4a183d02]" started-at="2024-03-13T12:41:56Z" name="runScenario" description="Runs Cucumber Scenarios" data-provider="scenarios" finished-at="2024-03-13T12:42:05Z" duration-ms="9339" status="PASS">
          <params>
            <param index="0">
              <value>
                <![CDATA["To check Stack page functionality-Implementation"]]>
              </value>
            </param>
            <param index="1">
              <value>
                <![CDATA["Stack page functionality"]]>
              </value>
            </param>
          </params>
          <reporter-output>
          </reporter-output>
        </test-method> <!-- runScenario -->
        <test-method signature="runScenario(io.cucumber.testng.PickleWrapper, io.cucumber.testng.FeatureWrapper)[pri:0, instance:runner.TestNGRunner@4a183d02]" started-at="2024-03-13T12:41:56Z" name="runScenario" description="Runs Cucumber Scenarios" data-provider="scenarios" finished-at="2024-03-13T12:42:07Z" duration-ms="10829" status="PASS">
          <params>
            <param index="0">
              <value>
                <![CDATA["To check Stack page functionality-Application Practice"]]>
              </value>
            </param>
            <param index="1">
              <value>
                <![CDATA["Stack page functionality"]]>
              </value>
            </param>
          </params>
          <reporter-output>
          </reporter-output>
        </test-method> <!-- runScenario -->
        <test-method signature="runScenario(io.cucumber.testng.PickleWrapper, io.cucumber.testng.FeatureWrapper)[pri:0, instance:runner.TestNGRunner@4a183d02]" started-at="2024-03-13T12:41:57Z" name="runScenario" description="Runs Cucumber Scenarios" data-provider="scenarios" finished-at="2024-03-13T12:42:07Z" duration-ms="9880" status="PASS">
          <params>
            <param index="0">
              <value>
                <![CDATA["getting started to graph page"]]>
              </value>
            </param>
            <param index="1">
              <value>
                <![CDATA["To test graph page"]]>
              </value>
            </param>
          </params>
          <reporter-output>
          </reporter-output>
        </test-method> <!-- runScenario -->
        <test-method signature="runScenario(io.cucumber.testng.PickleWrapper, io.cucumber.testng.FeatureWrapper)[pri:0, instance:runner.TestNGRunner@4a183d02]" started-at="2024-03-13T12:41:58Z" name="runScenario" description="Runs Cucumber Scenarios" data-provider="scenarios" finished-at="2024-03-13T12:42:08Z" duration-ms="9603" status="PASS">
          <params>
            <param index="0">
              <value>
                <![CDATA["inspecting another topic in queue"]]>
              </value>
            </param>
            <param index="1">
              <value>
                <![CDATA["To test graph page"]]>
              </value>
            </param>
          </params>
          <reporter-output>
          </reporter-output>
        </test-method> <!-- runScenario -->
        <test-method signature="runScenario(io.cucumber.testng.PickleWrapper, io.cucumber.testng.FeatureWrapper)[pri:0, instance:runner.TestNGRunner@4a183d02]" started-at="2024-03-13T12:41:59Z" name="runScenario" description="Runs Cucumber Scenarios" data-provider="scenarios" finished-at="2024-03-13T12:42:11Z" duration-ms="11371" status="PASS">
          <params>
            <param index="0">
              <value>
                <![CDATA["practice Questions"]]>
              </value>
            </param>
            <param index="1">
              <value>
                <![CDATA["To test graph page"]]>
              </value>
            </param>
          </params>
          <reporter-output>
          </reporter-output>
        </test-method> <!-- runScenario -->
        <test-method signature="runScenario(io.cucumber.testng.PickleWrapper, io.cucumber.testng.FeatureWrapper)[pri:0, instance:runner.TestNGRunner@4a183d02]" started-at="2024-03-13T12:42:00Z" name="runScenario" description="Runs Cucumber Scenarios" data-provider="scenarios" finished-at="2024-03-13T12:42:09Z" duration-ms="8903" status="PASS">
          <params>
            <param index="0">
              <value>
                <![CDATA["To check Tree page functionality-overview of tree"]]>
              </value>
            </param>
            <param index="1">
              <value>
                <![CDATA["To test the functionality of tree structure"]]>
              </value>
            </param>
          </params>
          <reporter-output>
          </reporter-output>
        </test-method> <!-- runScenario -->
        <test-method signature="runScenario(io.cucumber.testng.PickleWrapper, io.cucumber.testng.FeatureWrapper)[pri:0, instance:runner.TestNGRunner@4a183d02]" started-at="2024-03-13T12:42:01Z" name="runScenario" description="Runs Cucumber Scenarios" data-provider="scenarios" finished-at="2024-03-13T12:42:12Z" duration-ms="10733" status="PASS">
          <params>
            <param index="0">
              <value>
                <![CDATA["To check Tree page functionality-Terminologies"]]>
              </value>
            </param>
            <param index="1">
              <value>
                <![CDATA["To test the functionality of tree structure"]]>
              </value>
            </param>
          </params>
          <reporter-output>
          </reporter-output>
        </test-method> <!-- runScenario -->
        <test-method signature="runScenario(io.cucumber.testng.PickleWrapper, io.cucumber.testng.FeatureWrapper)[pri:0, instance:runner.TestNGRunner@4a183d02]" started-at="2024-03-13T12:42:02Z" name="runScenario" description="Runs Cucumber Scenarios" data-provider="scenarios" finished-at="2024-03-13T12:42:13Z" duration-ms="11687" status="PASS">
          <params>
            <param index="0">
              <value>
                <![CDATA["To check Tree page functionality-Types of trees"]]>
              </value>
            </param>
            <param index="1">
              <value>
                <![CDATA["To test the functionality of tree structure"]]>
              </value>
            </param>
          </params>
          <reporter-output>
          </reporter-output>
        </test-method> <!-- runScenario -->
        <test-method signature="runScenario(io.cucumber.testng.PickleWrapper, io.cucumber.testng.FeatureWrapper)[pri:0, instance:runner.TestNGRunner@4a183d02]" started-at="2024-03-13T12:42:05Z" name="runScenario" description="Runs Cucumber Scenarios" data-provider="scenarios" finished-at="2024-03-13T12:42:14Z" duration-ms="8458" status="PASS">
          <params>
            <param index="0">
              <value>
                <![CDATA["To check Tree page functionality-Tree traversals"]]>
              </value>
            </param>
            <param index="1">
              <value>
                <![CDATA["To test the functionality of tree structure"]]>
              </value>
            </param>
          </params>
          <reporter-output>
          </reporter-output>
        </test-method> <!-- runScenario -->
        <test-method signature="runScenario(io.cucumber.testng.PickleWrapper, io.cucumber.testng.FeatureWrapper)[pri:0, instance:runner.TestNGRunner@4a183d02]" started-at="2024-03-13T12:42:05Z" name="runScenario" description="Runs Cucumber Scenarios" data-provider="scenarios" finished-at="2024-03-13T12:42:14Z" duration-ms="8465" status="PASS">
          <params>
            <param index="0">
              <value>
                <![CDATA["To check Tree page functionality-Traversals-Illustration"]]>
              </value>
            </param>
            <param index="1">
              <value>
                <![CDATA["To test the functionality of tree structure"]]>
              </value>
            </param>
          </params>
          <reporter-output>
          </reporter-output>
        </test-method> <!-- runScenario -->
        <test-method signature="runScenario(io.cucumber.testng.PickleWrapper, io.cucumber.testng.FeatureWrapper)[pri:0, instance:runner.TestNGRunner@4a183d02]" started-at="2024-03-13T12:42:06Z" name="runScenario" description="Runs Cucumber Scenarios" data-provider="scenarios" finished-at="2024-03-13T12:42:17Z" duration-ms="11581" status="PASS">
          <params>
            <param index="0">
              <value>
                <![CDATA["To check Tree page functionality-Binary Trees"]]>
              </value>
            </param>
            <param index="1">
              <value>
                <![CDATA["To test the functionality of tree structure"]]>
              </value>
            </param>
          </params>
          <reporter-output>
          </reporter-output>
        </test-method> <!-- runScenario -->
        <test-method signature="runScenario(io.cucumber.testng.PickleWrapper, io.cucumber.testng.FeatureWrapper)[pri:0, instance:runner.TestNGRunner@4a183d02]" started-at="2024-03-13T12:42:07Z" name="runScenario" description="Runs Cucumber Scenarios" data-provider="scenarios" finished-at="2024-03-13T12:42:15Z" duration-ms="8020" status="PASS">
          <params>
            <param index="0">
              <value>
                <![CDATA["To check Tree page functionality-Types of Binary trees"]]>
              </value>
            </param>
            <param index="1">
              <value>
                <![CDATA["To test the functionality of tree structure"]]>
              </value>
            </param>
          </params>
          <reporter-output>
          </reporter-output>
        </test-method> <!-- runScenario -->
        <test-method signature="runScenario(io.cucumber.testng.PickleWrapper, io.cucumber.testng.FeatureWrapper)[pri:0, instance:runner.TestNGRunner@4a183d02]" started-at="2024-03-13T12:42:07Z" name="runScenario" description="Runs Cucumber Scenarios" data-provider="scenarios" finished-at="2024-03-13T12:42:16Z" duration-ms="8330" status="PASS">
          <params>
            <param index="0">
              <value>
                <![CDATA["To check Tree page functionality-Implementation in python"]]>
              </value>
            </param>
            <param index="1">
              <value>
                <![CDATA["To test the functionality of tree structure"]]>
              </value>
            </param>
          </params>
          <reporter-output>
          </reporter-output>
        </test-method> <!-- runScenario -->
        <test-method signature="runScenario(io.cucumber.testng.PickleWrapper, io.cucumber.testng.FeatureWrapper)[pri:0, instance:runner.TestNGRunner@4a183d02]" started-at="2024-03-13T12:42:08Z" name="runScenario" description="Runs Cucumber Scenarios" data-provider="scenarios" finished-at="2024-03-13T12:42:17Z" duration-ms="8456" status="PASS">
          <params>
            <param index="0">
              <value>
                <![CDATA["To check Tree page functionality-Binary tree traversals"]]>
              </value>
            </param>
            <param index="1">
              <value>
                <![CDATA["To test the functionality of tree structure"]]>
              </value>
            </param>
          </params>
          <reporter-output>
          </reporter-output>
        </test-method> <!-- runScenario -->
        <test-method signature="runScenario(io.cucumber.testng.PickleWrapper, io.cucumber.testng.FeatureWrapper)[pri:0, instance:runner.TestNGRunner@4a183d02]" started-at="2024-03-13T12:42:09Z" name="runScenario" description="Runs Cucumber Scenarios" data-provider="scenarios" finished-at="2024-03-13T12:42:19Z" duration-ms="9303" status="PASS">
          <params>
            <param index="0">
              <value>
                <![CDATA["To check Tree page functionality-Implementation of Binary Trees"]]>
              </value>
            </param>
            <param index="1">
              <value>
                <![CDATA["To test the functionality of tree structure"]]>
              </value>
            </param>
          </params>
          <reporter-output>
          </reporter-output>
        </test-method> <!-- runScenario -->
        <test-method signature="runScenario(io.cucumber.testng.PickleWrapper, io.cucumber.testng.FeatureWrapper)[pri:0, instance:runner.TestNGRunner@4a183d02]" started-at="2024-03-13T12:42:11Z" name="runScenario" description="Runs Cucumber Scenarios" data-provider="scenarios" finished-at="2024-03-13T12:42:17Z" duration-ms="6562" status="PASS">
          <params>
            <param index="0">
              <value>
                <![CDATA["To check Tree page functionality-Applications of Binary trees"]]>
              </value>
            </param>
            <param index="1">
              <value>
                <![CDATA["To test the functionality of tree structure"]]>
              </value>
            </param>
          </params>
          <reporter-output>
          </reporter-output>
        </test-method> <!-- runScenario -->
        <test-method signature="runScenario(io.cucumber.testng.PickleWrapper, io.cucumber.testng.FeatureWrapper)[pri:0, instance:runner.TestNGRunner@4a183d02]" started-at="2024-03-13T12:42:12Z" name="runScenario" description="Runs Cucumber Scenarios" data-provider="scenarios" finished-at="2024-03-13T12:42:18Z" duration-ms="6257" status="PASS">
          <params>
            <param index="0">
              <value>
                <![CDATA["To check Tree page functionality-Binary search Trees"]]>
              </value>
            </param>
            <param index="1">
              <value>
                <![CDATA["To test the functionality of tree structure"]]>
              </value>
            </param>
          </params>
          <reporter-output>
          </reporter-output>
        </test-method> <!-- runScenario -->
        <test-method signature="runScenario(io.cucumber.testng.PickleWrapper, io.cucumber.testng.FeatureWrapper)[pri:0, instance:runner.TestNGRunner@4a183d02]" started-at="2024-03-13T12:42:13Z" name="runScenario" description="Runs Cucumber Scenarios" data-provider="scenarios" finished-at="2024-03-13T12:42:18Z" duration-ms="4899" status="PASS">
          <params>
            <param index="0">
              <value>
                <![CDATA["To check Tree page functionality-Implementation of Bst"]]>
              </value>
            </param>
            <param index="1">
              <value>
                <![CDATA["To test the functionality of tree structure"]]>
              </value>
            </param>
          </params>
          <reporter-output>
          </reporter-output>
        </test-method> <!-- runScenario -->
        <test-method is-config="true" signature="tearDownClass()[pri:0, instance:runner.TestNGRunner@4a183d02]" started-at="2024-03-13T12:42:19Z" name="tearDownClass" finished-at="2024-03-13T12:42:19Z" duration-ms="802" status="PASS">
          <reporter-output>
          </reporter-output>
        </test-method> <!-- tearDownClass -->
      </class> <!-- runner.TestNGRunner -->
    </test> <!-- Default test -->
  </suite> <!-- Default suite -->
</testng-results>
